#
# There is insufficient memory for the Java Runtime Environment to continue.
# Native memory allocation (malloc) failed to allocate 1225936 bytes for Chunk::new
# Possible reasons:
#   The system is out of physical RAM or swap space
#   In 32 bit mode, the process size limit was hit
# Possible solutions:
#   Reduce memory load on the system
#   Increase physical memory or swap space
#   Check if swap backing store is full
#   Use 64 bit Java on a 64 bit OS
#   Decrease Java heap size (-Xmx/-Xms)
#   Decrease number of Java threads
#   Decrease Java thread stack sizes (-Xss)
#   Set larger code cache with -XX:ReservedCodeCacheSize=
# This output file may be truncated or incomplete.
#
#  Out of Memory Error (allocation.cpp:390), pid=14096, tid=0x00000000000007b0
#
# JRE version: Java(TM) SE Runtime Environment (8.0_111-b14) (build 1.8.0_111-b14)
# Java VM: Java HotSpot(TM) 64-Bit Server VM (25.111-b14 mixed mode windows-amd64 compressed oops)
# Failed to write core dump. Minidumps are not enabled by default on client versions of Windows
#

---------------  T H R E A D  ---------------

Current thread (0x00000000156be000):  JavaThread "C2 CompilerThread0" daemon [_thread_in_native, id=1968, stack(0x0000000016d20000,0x0000000016e20000)]

Stack: [0x0000000016d20000,0x0000000016e20000]
[error occurred during error reporting (printing stack bounds), id 0xc0000005]

Native frames: (J=compiled Java code, j=interpreted, Vv=VM code, C=native code)


Current CompileTask:
C2:  12763 5524 %     4       java.io.WinNTFileSystem::normalize @ 22 (143 bytes)


---------------  P R O C E S S  ---------------

Java Threads: ( => current thread )
  0x000000001add8800 JavaThread "File lock request listener" [_thread_in_native, id=13268, stack(0x000000001d630000,0x000000001d730000)]
  0x00000000182ca800 JavaThread "Stdin handler" [_thread_blocked, id=8180, stack(0x00000000199b0000,0x0000000019ab0000)]
  0x00000000182bd800 JavaThread "Daemon worker" [_thread_in_native, id=15924, stack(0x00000000198b0000,0x00000000199b0000)]
  0x00000000182b5000 JavaThread "Cancel handler" [_thread_blocked, id=3472, stack(0x00000000197b0000,0x00000000198b0000)]
  0x000000001826b800 JavaThread "Handler for socket connection from /127.0.0.1:62078 to /127.0.0.1:62079" [_thread_in_native, id=15928, stack(0x00000000196b0000,0x00000000197b0000)]
  0x00000000181eb800 JavaThread "Daemon" [_thread_blocked, id=9748, stack(0x00000000195b0000,0x00000000196b0000)]
  0x00000000185c0800 JavaThread "Incoming local TCP Connector on port 62078" [_thread_in_native, id=13508, stack(0x0000000017e20000,0x0000000017f20000)]
  0x000000001571e800 JavaThread "Service Thread" daemon [_thread_blocked, id=7532, stack(0x0000000017420000,0x0000000017520000)]
  0x00000000156ca000 JavaThread "C1 CompilerThread2" daemon [_thread_blocked, id=8040, stack(0x0000000016f20000,0x0000000017020000)]
  0x00000000156c4800 JavaThread "C2 CompilerThread1" daemon [_thread_blocked, id=3820, stack(0x0000000016e20000,0x0000000016f20000)]
=>0x00000000156be000 JavaThread "C2 CompilerThread0" daemon [_thread_in_native, id=1968, stack(0x0000000016d20000,0x0000000016e20000)]
  0x00000000156bc000 JavaThread "Attach Listener" daemon [_thread_blocked, id=11580, stack(0x0000000016c20000,0x0000000016d20000)]
  0x00000000156bb000 JavaThread "Signal Dispatcher" daemon [_thread_blocked, id=5500, stack(0x0000000016b20000,0x0000000016c20000)]
  0x00000000156aa800 JavaThread "Finalizer" daemon [_thread_blocked, id=12632, stack(0x0000000016920000,0x0000000016a20000)]
  0x0000000002f20800 JavaThread "Reference Handler" daemon [_thread_blocked, id=15516, stack(0x0000000016820000,0x0000000016920000)]
  0x0000000002e32800 JavaThread "main" [_thread_blocked, id=15680, stack(0x0000000002c80000,0x0000000002d80000)]

Other Threads:
  0x0000000015688800 VMThread [stack: 0x0000000016720000,0x0000000016820000] [id=6900]
  0x0000000017054000 WatcherThread [stack: 0x0000000017520000,0x0000000017620000] [id=17120]

VM state:not at safepoint (normal execution)

VM Mutex/Monitor currently owned by a thread: None

Heap:
 PSYoungGen      total 164352K, used 25574K [0x00000000eab00000, 0x00000000f9a80000, 0x0000000100000000)
  eden space 150528K, 7% used [0x00000000eab00000,0x00000000eb67afa8,0x00000000f3e00000)
  from space 13824K, 99% used [0x00000000f3e00000,0x00000000f4b7eb78,0x00000000f4b80000)
  to   space 16896K, 0% used [0x00000000f8a00000,0x00000000f8a00000,0x00000000f9a80000)
 ParOldGen       total 92160K, used 25056K [0x00000000c0000000, 0x00000000c5a00000, 0x00000000eab00000)
  object space 92160K, 27% used [0x00000000c0000000,0x00000000c18780c0,0x00000000c5a00000)
 Metaspace       used 44440K, capacity 45314K, committed 45440K, reserved 1087488K
  class space    used 6164K, capacity 6407K, committed 6528K, reserved 1048576K

Card table byte_map: [0x00000000123b0000,0x00000000125c0000] byte_map_base: 0x0000000011db0000

Marking Bits: (ParMarkBitMap*) 0x000000006356a6c0
 Begin Bits: [0x0000000012b20000, 0x0000000013b20000)
 End Bits:   [0x0000000013b20000, 0x0000000014b20000)

Polling page: 0x0000000001490000

CodeCache: size=245760Kb used=17803Kb max_used=17812Kb free=227956Kb
 bounds [0x0000000002ff0000, 0x0000000004170000, 0x0000000011ff0000]
 total_blobs=5935 nmethods=5234 adapters=612
 compilation: enabled

Compilation events (10 events):
Event: 12.750 Thread 0x00000000156ca000 5663  s    3       java.io.BufferedOutputStream::write (67 bytes)
Event: 12.750 Thread 0x00000000156ca000 nmethod 5663 0x0000000004152710 code [0x00000000041528e0, 0x0000000004153138]
Event: 12.752 Thread 0x00000000156c4800 nmethod 5658 0x0000000004162850 code [0x0000000004162a00, 0x0000000004163230]
Event: 12.752 Thread 0x00000000156c4800 5662       4       java.util.concurrent.ConcurrentLinkedQueue::poll (85 bytes)
Event: 12.755 Thread 0x00000000156ca000 5664       3       com.google.common.collect.MapMakerInternalMap$StrongValueReference::copyFor (2 bytes)
Event: 12.755 Thread 0x00000000156ca000 nmethod 5664 0x0000000004153f90 code [0x00000000041540e0, 0x0000000004154230]
Event: 12.756 Thread 0x00000000156c4800 nmethod 5662 0x0000000004163b90 code [0x0000000004163d20, 0x0000000004163f80]
Event: 12.761 Thread 0x00000000156ca000 5665       3       com.google.common.io.CountingOutputStream::write (19 bytes)
Event: 12.761 Thread 0x00000000156ca000 nmethod 5665 0x0000000004156550 code [0x00000000041566c0, 0x0000000004156908]
Event: 12.762 Thread 0x00000000156ca000 5666       3       java.io.FilterOutputStream::<init> (10 bytes)

GC Heap History (10 events):
Event: 7.255 GC heap before
{Heap before GC invocations=7 (full 1):
 PSYoungGen      total 71680K, used 71653K [0x00000000eab00000, 0x00000000f1e00000, 0x0000000100000000)
  eden space 66560K, 100% used [0x00000000eab00000,0x00000000eec00000,0x00000000eec00000)
  from space 5120K, 99% used [0x00000000eec00000,0x00000000ef0f95c8,0x00000000ef100000)
  to   space 10240K, 0% used [0x00000000f1400000,0x00000000f1400000,0x00000000f1e00000)
 ParOldGen       total 67584K, used 13336K [0x00000000c0000000, 0x00000000c4200000, 0x00000000eab00000)
  object space 67584K, 19% used [0x00000000c0000000,0x00000000c0d06160,0x00000000c4200000)
 Metaspace       used 29449K, capacity 29944K, committed 30080K, reserved 1075200K
  class space    used 4007K, capacity 4136K, committed 4224K, reserved 1048576K
Event: 7.271 GC heap after
Heap after GC invocations=7 (full 1):
 PSYoungGen      total 107520K, used 6831K [0x00000000eab00000, 0x00000000f1e00000, 0x0000000100000000)
  eden space 97280K, 0% used [0x00000000eab00000,0x00000000eab00000,0x00000000f0a00000)
  from space 10240K, 66% used [0x00000000f1400000,0x00000000f1aabff0,0x00000000f1e00000)
  to   space 10240K, 0% used [0x00000000f0a00000,0x00000000f0a00000,0x00000000f1400000)
 ParOldGen       total 67584K, used 13408K [0x00000000c0000000, 0x00000000c4200000, 0x00000000eab00000)
  object space 67584K, 19% used [0x00000000c0000000,0x00000000c0d18170,0x00000000c4200000)
 Metaspace       used 29449K, capacity 29944K, committed 30080K, reserved 1075200K
  class space    used 4007K, capacity 4136K, committed 4224K, reserved 1048576K
}
Event: 8.536 GC heap before
{Heap before GC invocations=8 (full 1):
 PSYoungGen      total 107520K, used 104111K [0x00000000eab00000, 0x00000000f1e00000, 0x0000000100000000)
  eden space 97280K, 100% used [0x00000000eab00000,0x00000000f0a00000,0x00000000f0a00000)
  from space 10240K, 66% used [0x00000000f1400000,0x00000000f1aabff0,0x00000000f1e00000)
  to   space 10240K, 0% used [0x00000000f0a00000,0x00000000f0a00000,0x00000000f1400000)
 ParOldGen       total 67584K, used 13408K [0x00000000c0000000, 0x00000000c4200000, 0x00000000eab00000)
  object space 67584K, 19% used [0x00000000c0000000,0x00000000c0d18170,0x00000000c4200000)
 Metaspace       used 33751K, capacity 34372K, committed 34688K, reserved 1079296K
  class space    used 4567K, capacity 4732K, committed 4736K, reserved 1048576K
Event: 8.584 GC heap after
Heap after GC invocations=8 (full 1):
 PSYoungGen      total 107520K, used 10214K [0x00000000eab00000, 0x00000000f5880000, 0x0000000100000000)
  eden space 97280K, 0% used [0x00000000eab00000,0x00000000eab00000,0x00000000f0a00000)
  from space 10240K, 99% used [0x00000000f0a00000,0x00000000f13f9ab8,0x00000000f1400000)
  to   space 13312K, 0% used [0x00000000f4b80000,0x00000000f4b80000,0x00000000f5880000)
 ParOldGen       total 67584K, used 17056K [0x00000000c0000000, 0x00000000c4200000, 0x00000000eab00000)
  object space 67584K, 25% used [0x00000000c0000000,0x00000000c10a8368,0x00000000c4200000)
 Metaspace       used 33751K, capacity 34372K, committed 34688K, reserved 1079296K
  class space    used 4567K, capacity 4732K, committed 4736K, reserved 1048576K
}
Event: 8.697 GC heap before
{Heap before GC invocations=9 (full 1):
 PSYoungGen      total 107520K, used 13869K [0x00000000eab00000, 0x00000000f5880000, 0x0000000100000000)
  eden space 97280K, 3% used [0x00000000eab00000,0x00000000eae91be0,0x00000000f0a00000)
  from space 10240K, 99% used [0x00000000f0a00000,0x00000000f13f9ab8,0x00000000f1400000)
  to   space 13312K, 0% used [0x00000000f4b80000,0x00000000f4b80000,0x00000000f5880000)
 ParOldGen       total 67584K, used 17056K [0x00000000c0000000, 0x00000000c4200000, 0x00000000eab00000)
  object space 67584K, 25% used [0x00000000c0000000,0x00000000c10a8368,0x00000000c4200000)
 Metaspace       used 34627K, capacity 35236K, committed 35456K, reserved 1079296K
  class space    used 4708K, capacity 4892K, committed 4992K, reserved 1048576K
Event: 8.731 GC heap after
Heap after GC invocations=9 (full 1):
 PSYoungGen      total 163840K, used 10669K [0x00000000eab00000, 0x00000000f7400000, 0x0000000100000000)
  eden space 150528K, 0% used [0x00000000eab00000,0x00000000eab00000,0x00000000f3e00000)
  from space 13312K, 80% used [0x00000000f4b80000,0x00000000f55eb7a0,0x00000000f5880000)
  to   space 13824K, 0% used [0x00000000f3e00000,0x00000000f3e00000,0x00000000f4b80000)
 ParOldGen       total 67584K, used 17064K [0x00000000c0000000, 0x00000000c4200000, 0x00000000eab00000)
  object space 67584K, 25% used [0x00000000c0000000,0x00000000c10aa368,0x00000000c4200000)
 Metaspace       used 34627K, capacity 35236K, committed 35456K, reserved 1079296K
  class space    used 4708K, capacity 4892K, committed 4992K, reserved 1048576K
}
Event: 8.731 GC heap before
{Heap before GC invocations=10 (full 2):
 PSYoungGen      total 163840K, used 10669K [0x00000000eab00000, 0x00000000f7400000, 0x0000000100000000)
  eden space 150528K, 0% used [0x00000000eab00000,0x00000000eab00000,0x00000000f3e00000)
  from space 13312K, 80% used [0x00000000f4b80000,0x00000000f55eb7a0,0x00000000f5880000)
  to   space 13824K, 0% used [0x00000000f3e00000,0x00000000f3e00000,0x00000000f4b80000)
 ParOldGen       total 67584K, used 17064K [0x00000000c0000000, 0x00000000c4200000, 0x00000000eab00000)
  object space 67584K, 25% used [0x00000000c0000000,0x00000000c10aa368,0x00000000c4200000)
 Metaspace       used 34627K, capacity 35236K, committed 35456K, reserved 1079296K
  class space    used 4708K, capacity 4892K, committed 4992K, reserved 1048576K
Event: 8.928 GC heap after
Heap after GC invocations=10 (full 2):
 PSYoungGen      total 163840K, used 0K [0x00000000eab00000, 0x00000000f7400000, 0x0000000100000000)
  eden space 150528K, 0% used [0x00000000eab00000,0x00000000eab00000,0x00000000f3e00000)
  from space 13312K, 0% used [0x00000000f4b80000,0x00000000f4b80000,0x00000000f5880000)
  to   space 13824K, 0% used [0x00000000f3e00000,0x00000000f3e00000,0x00000000f4b80000)
 ParOldGen       total 92160K, used 21731K [0x00000000c0000000, 0x00000000c5a00000, 0x00000000eab00000)
  object space 92160K, 23% used [0x00000000c0000000,0x00000000c1538e80,0x00000000c5a00000)
 Metaspace       used 34627K, capacity 35236K, committed 35456K, reserved 1079296K
  class space    used 4708K, capacity 4892K, committed 4992K, reserved 1048576K
}
Event: 12.389 GC heap before
{Heap before GC invocations=11 (full 2):
 PSYoungGen      total 163840K, used 150528K [0x00000000eab00000, 0x00000000f7400000, 0x0000000100000000)
  eden space 150528K, 100% used [0x00000000eab00000,0x00000000f3e00000,0x00000000f3e00000)
  from space 13312K, 0% used [0x00000000f4b80000,0x00000000f4b80000,0x00000000f5880000)
  to   space 13824K, 0% used [0x00000000f3e00000,0x00000000f3e00000,0x00000000f4b80000)
 ParOldGen       total 92160K, used 21731K [0x00000000c0000000, 0x00000000c5a00000, 0x00000000eab00000)
  object space 92160K, 23% used [0x00000000c0000000,0x00000000c1538e80,0x00000000c5a00000)
 Metaspace       used 43304K, capacity 44260K, committed 44544K, reserved 1087488K
  class space    used 6017K, capacity 6296K, committed 6400K, reserved 1048576K
Event: 12.444 GC heap after
Heap after GC invocations=11 (full 2):
 PSYoungGen      total 164352K, used 13818K [0x00000000eab00000, 0x00000000f9a80000, 0x0000000100000000)
  eden space 150528K, 0% used [0x00000000eab00000,0x00000000eab00000,0x00000000f3e00000)
  from space 13824K, 99% used [0x00000000f3e00000,0x00000000f4b7eb78,0x00000000f4b80000)
  to   space 16896K, 0% used [0x00000000f8a00000,0x00000000f8a00000,0x00000000f9a80000)
 ParOldGen       total 92160K, used 25056K [0x00000000c0000000, 0x00000000c5a00000, 0x00000000eab00000)
  object space 92160K, 27% used [0x00000000c0000000,0x00000000c18780c0,0x00000000c5a00000)
 Metaspace       used 43304K, capacity 44260K, committed 44544K, reserved 1087488K
  class space    used 6017K, capacity 6296K, committed 6400K, reserved 1048576K
}

Deoptimization events (10 events):
Event: 11.889 Thread 0x00000000182bd800 Uncommon trap: reason=unstable_if action=reinterpret pc=0x0000000003e73924 method=com.esotericsoftware.kryo.io.Output.writeUtf8Length(I)V @ 4
Event: 12.252 Thread 0x00000000182bd800 Uncommon trap: reason=class_check action=maybe_recompile pc=0x0000000003e19f14 method=java.io.BufferedInputStream.read1([BII)I @ 39
Event: 12.447 Thread 0x00000000156aa800 Uncommon trap: reason=unstable_if action=reinterpret pc=0x0000000003480274 method=java.lang.ref.ReferenceQueue.poll()Ljava/lang/ref/Reference; @ 4
Event: 12.501 Thread 0x00000000182bd800 Uncommon trap: reason=bimorphic action=maybe_recompile pc=0x0000000003e157c0 method=com.sun.org.apache.xerces.internal.dom.NamedNodeMapImpl.findNamePoint(Ljava/lang/String;I)I @ 57
Event: 12.506 Thread 0x00000000182bd800 Uncommon trap: reason=unstable_if action=reinterpret pc=0x000000000404f3b0 method=groovy.lang.MetaClassImpl.checkIfStdMethod(Lgroovy/lang/MetaMethod;)V @ 168
Event: 12.514 Thread 0x00000000182bd800 Uncommon trap: reason=unstable_if action=reinterpret pc=0x00000000040fa328 method=groovy.lang.MetaClassImpl.checkIfStdMethod(Lgroovy/lang/MetaMethod;)V @ 168
Event: 12.515 Thread 0x00000000182bd800 Uncommon trap: reason=class_check action=maybe_recompile pc=0x0000000003859614 method=groovy.lang.MetaMethod.isStatic()Z @ 1
Event: 12.515 Thread 0x00000000182bd800 Uncommon trap: reason=class_check action=maybe_recompile pc=0x0000000003859614 method=groovy.lang.MetaMethod.isStatic()Z @ 1
Event: 12.515 Thread 0x00000000182bd800 Uncommon trap: reason=class_check action=maybe_recompile pc=0x0000000003859614 method=groovy.lang.MetaMethod.isStatic()Z @ 1
Event: 12.515 Thread 0x00000000182bd800 Uncommon trap: reason=class_check action=maybe_recompile pc=0x0000000003859614 method=groovy.lang.MetaMethod.isStatic()Z @ 1

Internal exceptions (10 events):
Event: 12.370 Thread 0x00000000182bd800 Exception <a 'java/lang/ClassNotFoundException': java/io/FileBeanInfo> (0x00000000f3d67d00) thrown at [C:\re\workspace\8-2-build-windows-amd64-cygwin\jdk8u111\7883\hotspot\src\share\vm\classfile\systemDictionary.cpp, line 210]
Event: 12.371 Thread 0x00000000182bd800 Exception <a 'java/lang/ClassNotFoundException': java/io/FileCustomizer> (0x00000000f3d6cec0) thrown at [C:\re\workspace\8-2-build-windows-amd64-cygwin\jdk8u111\7883\hotspot\src\share\vm\classfile\systemDictionary.cpp, line 210]
Event: 12.374 Thread 0x00000000182bd800 Exception <a 'java/lang/ClassNotFoundException': com/android/sdklib/BuildToolInfoBeanInfo> (0x00000000f3daa948) thrown at [C:\re\workspace\8-2-build-windows-amd64-cygwin\jdk8u111\7883\hotspot\src\share\vm\classfile\systemDictionary.cpp, line 210]
Event: 12.375 Thread 0x00000000182bd800 Exception <a 'java/lang/ClassNotFoundException': com/android/sdklib/BuildToolInfoCustomizer> (0x00000000f3db8278) thrown at [C:\re\workspace\8-2-build-windows-amd64-cygwin\jdk8u111\7883\hotspot\src\share\vm\classfile\systemDictionary.cpp, line 210]
Event: 12.516 Thread 0x00000000182bd800 Exception <a 'java/lang/ClassNotFoundException': java/lang/IntegerBeanInfo> (0x00000000eac12c60) thrown at [C:\re\workspace\8-2-build-windows-amd64-cygwin\jdk8u111\7883\hotspot\src\share\vm\classfile\systemDictionary.cpp, line 210]
Event: 12.517 Thread 0x00000000182bd800 Exception <a 'java/lang/ClassNotFoundException': java/lang/NumberBeanInfo> (0x00000000eac18198) thrown at [C:\re\workspace\8-2-build-windows-amd64-cygwin\jdk8u111\7883\hotspot\src\share\vm\classfile\systemDictionary.cpp, line 210]
Event: 12.517 Thread 0x00000000182bd800 Exception <a 'java/lang/ClassNotFoundException': java/lang/NumberCustomizer> (0x00000000eac1d6f0) thrown at [C:\re\workspace\8-2-build-windows-amd64-cygwin\jdk8u111\7883\hotspot\src\share\vm\classfile\systemDictionary.cpp, line 210]
Event: 12.518 Thread 0x00000000182bd800 Exception <a 'java/lang/ClassNotFoundException': java/lang/IntegerCustomizer> (0x00000000eac264b8) thrown at [C:\re\workspace\8-2-build-windows-amd64-cygwin\jdk8u111\7883\hotspot\src\share\vm\classfile\systemDictionary.cpp, line 210]
Event: 12.524 Thread 0x00000000182bd800 Exception <a 'java/lang/ClassNotFoundException': com/google/common/collect/ListsBeanInfo> (0x00000000eac87478) thrown at [C:\re\workspace\8-2-build-windows-amd64-cygwin\jdk8u111\7883\hotspot\src\share\vm\classfile\systemDictionary.cpp, line 210]
Event: 12.525 Thread 0x00000000182bd800 Exception <a 'java/lang/ClassNotFoundException': com/google/common/collect/ListsCustomizer> (0x00000000eac94d98) thrown at [C:\re\workspace\8-2-build-windows-amd64-cygwin\jdk8u111\7883\hotspot\src\share\vm\classfile\systemDictionary.cpp, line 210]

Events (10 events):
Event: 12.727 loading class com/google/common/cache/RemovalCause$2
Event: 12.727 loading class com/google/common/cache/RemovalCause$2 done
Event: 12.728 loading class com/google/common/cache/RemovalCause$3
Event: 12.728 loading class com/google/common/cache/RemovalCause$3 done
Event: 12.728 loading class com/google/common/cache/RemovalCause$4
Event: 12.728 loading class com/google/common/cache/RemovalCause$4 done
Event: 12.729 loading class com/google/common/cache/RemovalCause$5
Event: 12.729 loading class com/google/common/cache/RemovalCause$5 done
Event: 12.730 loading class com/google/common/cache/RemovalNotification
Event: 12.730 loading class com/google/common/cache/RemovalNotification done


Dynamic libraries:
0x00007ff76ebf0000 - 0x00007ff76ec27000 	C:\Program Files\Java\jdk1.8.0_111\bin\java.exe
0x00007ff9f3f40000 - 0x00007ff9f4130000 	C:\WINDOWS\SYSTEM32\ntdll.dll
0x00007ff9f2a60000 - 0x00007ff9f2b12000 	C:\WINDOWS\System32\KERNEL32.DLL
0x00007ff9f0ed0000 - 0x00007ff9f1173000 	C:\WINDOWS\System32\KERNELBASE.dll
0x00007ff9f3170000 - 0x00007ff9f3213000 	C:\WINDOWS\System32\ADVAPI32.dll
0x00007ff9f3360000 - 0x00007ff9f33fe000 	C:\WINDOWS\System32\msvcrt.dll
0x00007ff9f3560000 - 0x00007ff9f35f7000 	C:\WINDOWS\System32\sechost.dll
0x00007ff9f2940000 - 0x00007ff9f2a60000 	C:\WINDOWS\System32\RPCRT4.dll
0x00007ff9f36d0000 - 0x00007ff9f3864000 	C:\WINDOWS\System32\USER32.dll
0x00007ff9f1b90000 - 0x00007ff9f1bb1000 	C:\WINDOWS\System32\win32u.dll
0x00007ff9f2f90000 - 0x00007ff9f2fb6000 	C:\WINDOWS\System32\GDI32.dll
0x00007ff9f19d0000 - 0x00007ff9f1b64000 	C:\WINDOWS\System32\gdi32full.dll
0x00007ff9f1f50000 - 0x00007ff9f1fee000 	C:\WINDOWS\System32\msvcp_win.dll
0x00007ff9f1e20000 - 0x00007ff9f1f1a000 	C:\WINDOWS\System32\ucrtbase.dll
0x00007ff9f02b0000 - 0x00007ff9f0535000 	C:\WINDOWS\WinSxS\amd64_microsoft.windows.common-controls_6595b64144ccf1df_6.0.18362.418_none_e6c6b287130d565d\COMCTL32.dll
0x00007ff9f38d0000 - 0x00007ff9f3c06000 	C:\WINDOWS\System32\combase.dll
0x00007ff9f11d0000 - 0x00007ff9f1250000 	C:\WINDOWS\System32\bcryptPrimitives.dll
0x00007ff9f3330000 - 0x00007ff9f335e000 	C:\WINDOWS\System32\IMM32.DLL
0x0000000060780000 - 0x0000000060852000 	C:\Program Files\Java\jdk1.8.0_111\jre\bin\msvcr100.dll
0x0000000062d50000 - 0x00000000635ea000 	C:\Program Files\Java\jdk1.8.0_111\jre\bin\server\jvm.dll
0x00007ff9f2930000 - 0x00007ff9f2938000 	C:\WINDOWS\System32\PSAPI.DLL
0x00007ff9ef370000 - 0x00007ff9ef379000 	C:\WINDOWS\SYSTEM32\WSOCK32.dll
0x00007ff9e7cf0000 - 0x00007ff9e7d14000 	C:\WINDOWS\SYSTEM32\WINMM.dll
0x00007ff9e6d40000 - 0x00007ff9e6d4a000 	C:\WINDOWS\SYSTEM32\VERSION.dll
0x00007ff9f3660000 - 0x00007ff9f36cf000 	C:\WINDOWS\System32\WS2_32.dll
0x00007ff9e7c90000 - 0x00007ff9e7cbd000 	C:\WINDOWS\SYSTEM32\WINMMBASE.dll
0x00007ff9f1180000 - 0x00007ff9f11ca000 	C:\WINDOWS\System32\cfgmgr32.dll
0x00000000654d0000 - 0x00000000654df000 	C:\Program Files\Java\jdk1.8.0_111\jre\bin\verify.dll
0x00000000654a0000 - 0x00000000654c9000 	C:\Program Files\Java\jdk1.8.0_111\jre\bin\java.dll
0x0000000065480000 - 0x0000000065496000 	C:\Program Files\Java\jdk1.8.0_111\jre\bin\zip.dll
0x00007ff9f2240000 - 0x00007ff9f2925000 	C:\WINDOWS\System32\SHELL32.dll
0x00007ff9f3e50000 - 0x00007ff9f3ef9000 	C:\WINDOWS\System32\shcore.dll
0x00007ff9f1250000 - 0x00007ff9f19cf000 	C:\WINDOWS\System32\windows.storage.dll
0x00007ff9f0e70000 - 0x00007ff9f0e8f000 	C:\WINDOWS\System32\profapi.dll
0x00007ff9f0e20000 - 0x00007ff9f0e6a000 	C:\WINDOWS\System32\powrprof.dll
0x00007ff9f0e10000 - 0x00007ff9f0e20000 	C:\WINDOWS\System32\UMPDC.dll
0x00007ff9f3870000 - 0x00007ff9f38c2000 	C:\WINDOWS\System32\shlwapi.dll
0x00007ff9f0eb0000 - 0x00007ff9f0ec1000 	C:\WINDOWS\System32\kernel.appcore.dll
0x00007ff9f1b70000 - 0x00007ff9f1b87000 	C:\WINDOWS\System32\cryptsp.dll
0x0000000065460000 - 0x000000006547a000 	C:\Program Files\Java\jdk1.8.0_111\jre\bin\net.dll
0x00007ff9f0000000 - 0x00007ff9f0067000 	C:\WINDOWS\system32\mswsock.dll
0x0000000065440000 - 0x0000000065451000 	C:\Program Files\Java\jdk1.8.0_111\jre\bin\nio.dll
0x00007ff9eb6a0000 - 0x00007ff9eb6b2000 	C:\Users\laxba\.gradle\native\19\windows-amd64\native-platform.dll
0x00007ff9efd10000 - 0x00007ff9efd4a000 	C:\WINDOWS\SYSTEM32\IPHLPAPI.DLL
0x00007ff9f3dd0000 - 0x00007ff9f3dd8000 	C:\WINDOWS\System32\NSI.dll
0x00007ff9e97e0000 - 0x00007ff9e97f6000 	C:\WINDOWS\SYSTEM32\dhcpcsvc6.DLL
0x00007ff9e97c0000 - 0x00007ff9e97dc000 	C:\WINDOWS\SYSTEM32\dhcpcsvc.DLL
0x00007ff9efd60000 - 0x00007ff9efe2a000 	C:\WINDOWS\SYSTEM32\DNSAPI.dll
0x00007ff9efb70000 - 0x00007ff9efba3000 	C:\WINDOWS\system32\rsaenh.dll
0x00007ff9f1f20000 - 0x00007ff9f1f46000 	C:\WINDOWS\System32\bcrypt.dll
0x00007ff9f0d00000 - 0x00007ff9f0d25000 	C:\WINDOWS\SYSTEM32\USERENV.dll
0x00007ff9f01f0000 - 0x00007ff9f01fc000 	C:\WINDOWS\SYSTEM32\CRYPTBASE.dll
0x0000000065430000 - 0x000000006543d000 	C:\Program Files\Java\jdk1.8.0_111\jre\bin\management.dll

VM Arguments:
jvm_args: -XX:MaxPermSize=256m -XX:+HeapDumpOnOutOfMemoryError -Xmx1024m -Dfile.encoding=windows-1252 -Duser.country=US -Duser.language=en -Duser.variant 
java_command: org.gradle.launcher.daemon.bootstrap.GradleDaemon 2.10
java_class_path (initial): D:\PhanMem\IDE\Android\Android Studio\gradle\gradle-2.10\lib\gradle-launcher-2.10.jar
Launcher Type: SUN_STANDARD

Environment Variables:
PATH=C:\ProgramData\Oracle\Java\javapath;C:\WINDOWS\system32;C:\WINDOWS;C:\WINDOWS\System32\Wbem;C:\WINDOWS\System32\WindowsPowerShell\v1.0\;C:\WINDOWS\System32\OpenSSH\;C:\Program Files (x86)\Microsoft SQL Server\100\Tools\Binn\;C:\Program Files\Microsoft SQL Server\100\Tools\Binn\;C:\Program Files\Microsoft SQL Server\100\DTS\Binn\;C:\Program Files (x86)\Microsoft SQL Server\100\Tools\Binn\VSShell\Common7\IDE\;C:\Program Files (x86)\Microsoft SQL Server\100\DTS\Binn\;C:\Program Files (x86)\Microsoft Visual Studio 9.0\Common7\IDE\PrivateAssemblies\;C:\Program Files (x86)\NVIDIA Corporation\PhysX\Common;C:\WINDOWS\system32;C:\WINDOWS;C:\WINDOWS\System32\Wbem;C:\WINDOWS\System32\WindowsPowerShell\v1.0\;C:\WINDOWS\System32\OpenSSH\;D:\Python\Python37\Scripts;D:\Python\Python37;C:\Program Files\TortoiseGit\bin;C:\Program Files\Git\cmd;C:\Program Files\Java\jdk1.8.0_111\bin;C:\Program Files\MySQL\MySQL Shell 8.0\bin\;C:\Program Files\Java\jdk1.8.0_111\bin;;C:\Users\laxba\AppData\Local\Programs\Microsoft VS Code\bin;C:\Program Files\JetBrains\IntelliJ IDEA 2019.2.3\bin;
USERNAME=laxba
OS=Windows_NT
PROCESSOR_IDENTIFIER=Intel64 Family 6 Model 61 Stepping 4, GenuineIntel



---------------  S Y S T E M  ---------------

OS: Windows 10.0 , 64 bit Build 18362 (10.0.18362.329)

CPU:total 4 (2 cores per cpu, 2 threads per core) family 6 model 61 stepping 4, cmov, cx8, fxsr, mmx, sse, sse2, sse3, ssse3, sse4.1, sse4.2, popcnt, avx, avx2, aes, clmul, erms, 3dnowpref, lzcnt, ht, tsc, tscinvbit, bmi1, bmi2, adx

Memory: 4k page, physical 8298368k(464792k free), swap 12492672k(5568k free)

vm_info: Java HotSpot(TM) 64-Bit Server VM (25.111-b14) for windows-amd64 JRE (1.8.0_111-b14), built on Sep 22 2016 19:24:05 by "java_re" with MS VC++ 10.0 (VS2010)

time: Mon Nov 25 21:15:22 2019
elapsed time: 12 seconds (0d 0h 0m 12s)

