#
# There is insufficient memory for the Java Runtime Environment to continue.
# Native memory allocation (malloc) failed to allocate 65552 bytes for Chunk::new
# Possible reasons:
#   The system is out of physical RAM or swap space
#   In 32 bit mode, the process size limit was hit
# Possible solutions:
#   Reduce memory load on the system
#   Increase physical memory or swap space
#   Check if swap backing store is full
#   Use 64 bit Java on a 64 bit OS
#   Decrease Java heap size (-Xmx/-Xms)
#   Decrease number of Java threads
#   Decrease Java thread stack sizes (-Xss)
#   Set larger code cache with -XX:ReservedCodeCacheSize=
# This output file may be truncated or incomplete.
#
#  Out of Memory Error (allocation.cpp:390), pid=16392, tid=0x0000000000003580
#
# JRE version: Java(TM) SE Runtime Environment (8.0_111-b14) (build 1.8.0_111-b14)
# Java VM: Java HotSpot(TM) 64-Bit Server VM (25.111-b14 mixed mode windows-amd64 compressed oops)
# Failed to write core dump. Minidumps are not enabled by default on client versions of Windows
#

---------------  T H R E A D  ---------------

Current thread (0x0000000014b7c800):  JavaThread "C2 CompilerThread1" daemon [_thread_in_native, id=13696, stack(0x00000000162d0000,0x00000000163d0000)]

Stack: [0x00000000162d0000,0x00000000163d0000]
[error occurred during error reporting (printing stack bounds), id 0xc0000005]

Native frames: (J=compiled Java code, j=interpreted, Vv=VM code, C=native code)


Current CompileTask:
C2:  46343 6927 % !   4       java.io.BufferedReader::readLine @ 131 (304 bytes)


---------------  P R O C E S S  ---------------

Java Threads: ( => current thread )
  0x0000000016745000 JavaThread "stdout" daemon [_thread_in_native, id=384, stack(0x0000000023570000,0x0000000023670000)]
  0x0000000016744000 JavaThread "stderr" daemon [_thread_in_native, id=12056, stack(0x0000000023470000,0x0000000023570000)]
  0x0000000019e35800 JavaThread "stdout" daemon [_thread_in_native, id=10404, stack(0x0000000023170000,0x0000000023270000)]
  0x0000000019e33800 JavaThread "stderr" daemon [_thread_in_native, id=6436, stack(0x0000000023070000,0x0000000023170000)]
  0x0000000019e32800 JavaThread "stdout" daemon [_thread_in_native, id=3484, stack(0x0000000022f70000,0x0000000023070000)]
  0x0000000019e32000 JavaThread "stderr" daemon [_thread_in_native, id=16912, stack(0x0000000022e70000,0x0000000022f70000)]
  0x0000000019e30800 JavaThread "stdout" daemon [_thread_in_native, id=3600, stack(0x0000000022a70000,0x0000000022b70000)]
  0x0000000019e31000 JavaThread "stderr" daemon [_thread_in_native, id=13560, stack(0x0000000022970000,0x0000000022a70000)]
  0x0000000019e29800 JavaThread "stdout" daemon [_thread_in_native, id=5136, stack(0x0000000022870000,0x0000000022970000)]
  0x0000000019e29000 JavaThread "stderr" daemon [_thread_in_native, id=6836, stack(0x0000000022770000,0x0000000022870000)]
  0x0000000019e2f800 JavaThread "stdout" daemon [_thread_in_native, id=5200, stack(0x0000000022670000,0x0000000022770000)]
  0x0000000019e2e000 JavaThread "stderr" daemon [_thread_in_native, id=6768, stack(0x0000000022570000,0x0000000022670000)]
  0x0000000019e2b000 JavaThread "stdout" daemon [_thread_in_native, id=9760, stack(0x0000000022470000,0x0000000022570000)]
  0x0000000019e2c000 JavaThread "stderr" daemon [_thread_in_native, id=12496, stack(0x0000000022370000,0x0000000022470000)]
  0x0000000019e2f000 JavaThread "stdout" daemon [_thread_in_native, id=9376, stack(0x0000000022270000,0x0000000022370000)]
  0x0000000019e2c800 JavaThread "stderr" daemon [_thread_in_native, id=7624, stack(0x0000000022170000,0x0000000022270000)]
  0x0000000019e2d800 JavaThread "stdout" daemon [_thread_in_native, id=15668, stack(0x0000000022070000,0x0000000022170000)]
  0x0000000019e27800 JavaThread "stderr" daemon [_thread_in_native, id=12124, stack(0x0000000021f70000,0x0000000022070000)]
  0x0000000019e28000 JavaThread "stdout" daemon [_thread_in_native, id=17176, stack(0x0000000021e70000,0x0000000021f70000)]
  0x0000000018274800 JavaThread "stderr" daemon [_thread_in_native, id=11844, stack(0x0000000021d70000,0x0000000021e70000)]
  0x0000000018272000 JavaThread "stdout" daemon [_thread_in_native, id=16024, stack(0x0000000021c70000,0x0000000021d70000)]
  0x0000000018271800 JavaThread "stderr" daemon [_thread_in_native, id=15608, stack(0x0000000021b70000,0x0000000021c70000)]
  0x0000000018270000 JavaThread "stdout" daemon [_thread_in_native, id=17372, stack(0x0000000021a70000,0x0000000021b70000)]
  0x000000001826e800 JavaThread "stderr" daemon [_thread_in_native, id=8228, stack(0x0000000021970000,0x0000000021a70000)]
  0x000000001826f000 JavaThread "stdout" daemon [_thread_in_native, id=10828, stack(0x0000000021870000,0x0000000021970000)]
  0x000000001826d800 JavaThread "stderr" daemon [_thread_in_native, id=12424, stack(0x0000000021770000,0x0000000021870000)]
  0x0000000018270800 JavaThread "stdout" daemon [_thread_in_native, id=13460, stack(0x0000000021670000,0x0000000021770000)]
  0x0000000018273800 JavaThread "stderr" daemon [_thread_in_native, id=7924, stack(0x0000000021570000,0x0000000021670000)]
  0x0000000018273000 JavaThread "stdout" daemon [_thread_in_native, id=13428, stack(0x0000000021470000,0x0000000021570000)]
  0x000000001b24a800 JavaThread "stderr" daemon [_thread_in_native, id=15420, stack(0x0000000021370000,0x0000000021470000)]
  0x000000001b24a000 JavaThread "stdout" daemon [_thread_in_native, id=15996, stack(0x0000000021270000,0x0000000021370000)]
  0x000000001b249000 JavaThread "stderr" daemon [_thread_in_native, id=11520, stack(0x0000000021170000,0x0000000021270000)]
  0x000000001b247000 JavaThread "stdout" daemon [_thread_in_native, id=13876, stack(0x0000000021070000,0x0000000021170000)]
  0x000000001b24b800 JavaThread "stdout" daemon [_thread_in_native, id=13944, stack(0x0000000020f70000,0x0000000021070000)]
  0x000000001b247800 JavaThread "stderr" daemon [_thread_in_native, id=1160, stack(0x0000000020e70000,0x0000000020f70000)]
  0x000000001b246000 JavaThread "stderr" daemon [_thread_in_native, id=864, stack(0x0000000020d70000,0x0000000020e70000)]
  0x000000001b248800 JavaThread "png-cruncher_20" daemon [_thread_blocked, id=8144, stack(0x0000000020c70000,0x0000000020d70000)]
  0x000000001b244800 JavaThread "png-cruncher_19" daemon [_thread_blocked, id=6860, stack(0x0000000020b70000,0x0000000020c70000)]
  0x000000001b245800 JavaThread "png-cruncher_18" daemon [_thread_blocked, id=14876, stack(0x0000000020a70000,0x0000000020b70000)]
  0x000000001b23d000 JavaThread "png-cruncher_17" daemon [_thread_blocked, id=10140, stack(0x0000000020970000,0x0000000020a70000)]
  0x000000001b243000 JavaThread "png-cruncher_16" daemon [_thread_blocked, id=6516, stack(0x0000000020870000,0x0000000020970000)]
  0x000000001b242800 JavaThread "png-cruncher_15" daemon [_thread_blocked, id=7772, stack(0x0000000020770000,0x0000000020870000)]
  0x000000001b241800 JavaThread "png-cruncher_14" daemon [_thread_blocked, id=6384, stack(0x0000000020670000,0x0000000020770000)]
  0x000000001b241000 JavaThread "png-cruncher_13" daemon [_thread_blocked, id=1944, stack(0x0000000020570000,0x0000000020670000)]
  0x000000001b240000 JavaThread "png-cruncher_12" daemon [_thread_blocked, id=14164, stack(0x0000000020470000,0x0000000020570000)]
  0x000000001b23f800 JavaThread "png-cruncher_11" daemon [_thread_blocked, id=10856, stack(0x0000000020370000,0x0000000020470000)]
  0x000000001b23e800 JavaThread "png-cruncher_10" daemon [_thread_blocked, id=13912, stack(0x0000000020270000,0x0000000020370000)]
  0x000000001b244000 JavaThread "png-cruncher_9" daemon [_thread_blocked, id=396, stack(0x0000000020170000,0x0000000020270000)]
  0x000000001b23c800 JavaThread "png-cruncher_8" daemon [_thread_blocked, id=15448, stack(0x0000000020070000,0x0000000020170000)]
  0x000000001b23e000 JavaThread "png-cruncher_7" daemon [_thread_blocked, id=5840, stack(0x000000001ff70000,0x0000000020070000)]
  0x000000001b3b4000 JavaThread "png-cruncher_6" daemon [_thread_blocked, id=7680, stack(0x000000001fe70000,0x000000001ff70000)]
  0x000000001b3b3000 JavaThread "png-cruncher_5" daemon [_thread_blocked, id=7668, stack(0x000000001fd70000,0x000000001fe70000)]
  0x000000001b3b1800 JavaThread "png-cruncher_4" daemon [_thread_blocked, id=888, stack(0x000000001fc70000,0x000000001fd70000)]
  0x000000001b3b6000 JavaThread "png-cruncher_3" daemon [_thread_blocked, id=16968, stack(0x000000001fa70000,0x000000001fb70000)]
  0x000000001b3b5800 JavaThread "png-cruncher_2" daemon [_thread_in_Java, id=7572, stack(0x000000001f970000,0x000000001fa70000)]
  0x000000001b3af800 JavaThread "png-cruncher_1" daemon [_thread_blocked, id=14880, stack(0x000000001f870000,0x000000001f970000)]
  0x000000001b3b1000 JavaThread "pool-1-thread-4" [_thread_blocked, id=3900, stack(0x000000001f770000,0x000000001f870000)]
  0x000000001b3b2800 JavaThread "pool-1-thread-3" [_thread_blocked, id=16664, stack(0x000000001f670000,0x000000001f770000)]
  0x000000001b3b0000 JavaThread "pool-1-thread-2" [_thread_blocked, id=9328, stack(0x000000001f570000,0x000000001f670000)]
  0x000000001b3b4800 JavaThread "pool-1-thread-1" [_thread_blocked, id=4136, stack(0x000000001f470000,0x000000001f570000)]
  0x0000000016575800 JavaThread "File lock request listener" [_thread_in_native, id=13924, stack(0x000000001a520000,0x000000001a620000)]
  0x00000000178e1000 JavaThread "Stdin handler" [_thread_blocked, id=8688, stack(0x0000000018e50000,0x0000000018f50000)]
  0x00000000178ae800 JavaThread "Daemon worker" [_thread_blocked, id=14760, stack(0x0000000018d50000,0x0000000018e50000)]
  0x00000000178aa000 JavaThread "Cancel handler" [_thread_blocked, id=8084, stack(0x0000000018c50000,0x0000000018d50000)]
  0x000000001786c800 JavaThread "Handler for socket connection from /127.0.0.1:61909 to /127.0.0.1:61910" [_thread_in_native, id=5612, stack(0x0000000018b50000,0x0000000018c50000)]
  0x000000001786c000 JavaThread "Daemon" [_thread_blocked, id=10380, stack(0x0000000018a50000,0x0000000018b50000)]
  0x00000000176ed000 JavaThread "Incoming local TCP Connector on port 61909" [_thread_in_native, id=9612, stack(0x00000000172d0000,0x00000000173d0000)]
  0x0000000016508800 JavaThread "Service Thread" daemon [_thread_blocked, id=14816, stack(0x00000000168d0000,0x00000000169d0000)]
  0x0000000014b82000 JavaThread "C1 CompilerThread2" daemon [_thread_blocked, id=5576, stack(0x00000000163d0000,0x00000000164d0000)]
=>0x0000000014b7c800 JavaThread "C2 CompilerThread1" daemon [_thread_in_native, id=13696, stack(0x00000000162d0000,0x00000000163d0000)]
  0x0000000014b70000 JavaThread "C2 CompilerThread0" daemon [_thread_blocked, id=4364, stack(0x00000000161d0000,0x00000000162d0000)]
  0x0000000014b6e000 JavaThread "Attach Listener" daemon [_thread_blocked, id=6808, stack(0x00000000160d0000,0x00000000161d0000)]
  0x0000000014b6d000 JavaThread "Signal Dispatcher" daemon [_thread_blocked, id=14776, stack(0x0000000015fd0000,0x00000000160d0000)]
  0x0000000014b5a800 JavaThread "Finalizer" daemon [_thread_blocked, id=15248, stack(0x0000000015dd0000,0x0000000015ed0000)]
  0x0000000014b38800 JavaThread "Reference Handler" daemon [_thread_blocked, id=16456, stack(0x0000000015cd0000,0x0000000015dd0000)]
  0x00000000023a2800 JavaThread "main" [_thread_blocked, id=8028, stack(0x00000000022a0000,0x00000000023a0000)]

Other Threads:
  0x0000000014b37000 VMThread [stack: 0x0000000015bd0000,0x0000000015cd0000] [id=9344]
  0x000000001651a000 WatcherThread [stack: 0x00000000169d0000,0x0000000016ad0000] [id=16404]

VM state:not at safepoint (normal execution)

VM Mutex/Monitor currently owned by a thread: None

Heap:
 PSYoungGen      total 124928K, used 45722K [0x00000000eab00000, 0x00000000f5c80000, 0x0000000100000000)
  eden space 108544K, 27% used [0x00000000eab00000,0x00000000ec7ab470,0x00000000f1500000)
  from space 16384K, 99% used [0x00000000f1500000,0x00000000f24fb4b0,0x00000000f2500000)
  to   space 20992K, 0% used [0x00000000f4800000,0x00000000f4800000,0x00000000f5c80000)
 ParOldGen       total 97280K, used 26514K [0x00000000c0000000, 0x00000000c5f00000, 0x00000000eab00000)
  object space 97280K, 27% used [0x00000000c0000000,0x00000000c19e49f8,0x00000000c5f00000)
 Metaspace       used 47014K, capacity 48056K, committed 48256K, reserved 1091584K
  class space    used 6473K, capacity 6759K, committed 6784K, reserved 1048576K

Card table byte_map: [0x0000000011860000,0x0000000011a70000] byte_map_base: 0x0000000011260000

Marking Bits: (ParMarkBitMap*) 0x000000006356a6c0
 Begin Bits: [0x0000000011fd0000, 0x0000000012fd0000)
 End Bits:   [0x0000000012fd0000, 0x0000000013fd0000)

Polling page: 0x0000000000570000

CodeCache: size=245760Kb used=20319Kb max_used=21761Kb free=225440Kb
 bounds [0x00000000024a0000, 0x0000000003a00000, 0x00000000114a0000]
 total_blobs=6546 nmethods=5842 adapters=615
 compilation: enabled

Compilation events (10 events):
Event: 46.271 Thread 0x0000000014b7c800 6926       4       java.io.File::getAbsolutePath (8 bytes)
Event: 46.272 Thread 0x0000000014b7c800 nmethod 6926 0x00000000028f2390 code [0x00000000028f24e0, 0x00000000028f2568]
Event: 46.281 Thread 0x0000000014b7c800 6927 % !   4       java.io.BufferedReader::readLine @ 131 (304 bytes)
Event: 46.284 Thread 0x0000000014b82000 6928       3       com.android.builder.tasks.Job::toString (47 bytes)
Event: 46.286 Thread 0x0000000014b82000 nmethod 6928 0x0000000002e134d0 code [0x0000000002e137a0, 0x0000000002e14d68]
Event: 46.286 Thread 0x0000000014b82000 6929       3       com.android.builder.tasks.BooleanLatch::toString (17 bytes)
Event: 46.287 Thread 0x0000000014b82000 nmethod 6929 0x0000000002f0fdd0 code [0x0000000002f0ffe0, 0x0000000002f10aa8]
Event: 46.299 Thread 0x0000000014b82000 6930       3       com.android.builder.png.QueuedCruncher$2::toString (32 bytes)
Event: 46.301 Thread 0x0000000014b82000 nmethod 6930 0x00000000039ec010 code [0x00000000039ec260, 0x00000000039ecf88]
Event: 46.313 Thread 0x0000000014b82000 6932       3       java.util.Formatter$FormatSpecifier::localizedMagnitude (327 bytes)

GC Heap History (10 events):
Event: 16.170 GC heap before
{Heap before GC invocations=11 (full 1):
 PSYoungGen      total 74752K, used 18216K [0x00000000eab00000, 0x00000000f1600000, 0x0000000100000000)
  eden space 64000K, 11% used [0x00000000eab00000,0x00000000eb251230,0x00000000ee980000)
  from space 10752K, 99% used [0x00000000ee980000,0x00000000ef3f8e18,0x00000000ef400000)
  to   space 12800K, 0% used [0x00000000f0980000,0x00000000f0980000,0x00000000f1600000)
 ParOldGen       total 69632K, used 14044K [0x00000000c0000000, 0x00000000c4400000, 0x00000000eab00000)
  object space 69632K, 20% used [0x00000000c0000000,0x00000000c0db71e0,0x00000000c4400000)
 Metaspace       used 34740K, capacity 35332K, committed 35456K, reserved 1079296K
  class space    used 4733K, capacity 4924K, committed 4992K, reserved 1048576K
Event: 16.184 GC heap after
Heap after GC invocations=11 (full 1):
 PSYoungGen      total 95744K, used 11702K [0x00000000eab00000, 0x00000000f1d80000, 0x0000000100000000)
  eden space 82944K, 0% used [0x00000000eab00000,0x00000000eab00000,0x00000000efc00000)
  from space 12800K, 91% used [0x00000000f0980000,0x00000000f14eda78,0x00000000f1600000)
  to   space 13824K, 0% used [0x00000000efc00000,0x00000000efc00000,0x00000000f0980000)
 ParOldGen       total 69632K, used 14052K [0x00000000c0000000, 0x00000000c4400000, 0x00000000eab00000)
  object space 69632K, 20% used [0x00000000c0000000,0x00000000c0db91e0,0x00000000c4400000)
 Metaspace       used 34740K, capacity 35332K, committed 35456K, reserved 1079296K
  class space    used 4733K, capacity 4924K, committed 4992K, reserved 1048576K
}
Event: 16.185 GC heap before
{Heap before GC invocations=12 (full 2):
 PSYoungGen      total 95744K, used 11702K [0x00000000eab00000, 0x00000000f1d80000, 0x0000000100000000)
  eden space 82944K, 0% used [0x00000000eab00000,0x00000000eab00000,0x00000000efc00000)
  from space 12800K, 91% used [0x00000000f0980000,0x00000000f14eda78,0x00000000f1600000)
  to   space 13824K, 0% used [0x00000000efc00000,0x00000000efc00000,0x00000000f0980000)
 ParOldGen       total 69632K, used 14052K [0x00000000c0000000, 0x00000000c4400000, 0x00000000eab00000)
  object space 69632K, 20% used [0x00000000c0000000,0x00000000c0db91e0,0x00000000c4400000)
 Metaspace       used 34740K, capacity 35332K, committed 35456K, reserved 1079296K
  class space    used 4733K, capacity 4924K, committed 4992K, reserved 1048576K
Event: 16.306 GC heap after
Heap after GC invocations=12 (full 2):
 PSYoungGen      total 95744K, used 0K [0x00000000eab00000, 0x00000000f1d80000, 0x0000000100000000)
  eden space 82944K, 0% used [0x00000000eab00000,0x00000000eab00000,0x00000000efc00000)
  from space 12800K, 0% used [0x00000000f0980000,0x00000000f0980000,0x00000000f1600000)
  to   space 13824K, 0% used [0x00000000efc00000,0x00000000efc00000,0x00000000f0980000)
 ParOldGen       total 97280K, used 19461K [0x00000000c0000000, 0x00000000c5f00000, 0x00000000eab00000)
  object space 97280K, 20% used [0x00000000c0000000,0x00000000c1301678,0x00000000c5f00000)
 Metaspace       used 34740K, capacity 35332K, committed 35456K, reserved 1079296K
  class space    used 4733K, capacity 4924K, committed 4992K, reserved 1048576K
}
Event: 19.624 GC heap before
{Heap before GC invocations=13 (full 2):
 PSYoungGen      total 95744K, used 82944K [0x00000000eab00000, 0x00000000f1d80000, 0x0000000100000000)
  eden space 82944K, 100% used [0x00000000eab00000,0x00000000efc00000,0x00000000efc00000)
  from space 12800K, 0% used [0x00000000f0980000,0x00000000f0980000,0x00000000f1600000)
  to   space 13824K, 0% used [0x00000000efc00000,0x00000000efc00000,0x00000000f0980000)
 ParOldGen       total 97280K, used 19461K [0x00000000c0000000, 0x00000000c5f00000, 0x00000000eab00000)
  object space 97280K, 20% used [0x00000000c0000000,0x00000000c1301678,0x00000000c5f00000)
 Metaspace       used 40507K, capacity 41264K, committed 41344K, reserved 1085440K
  class space    used 5580K, capacity 5756K, committed 5760K, reserved 1048576K
Event: 19.655 GC heap after
Heap after GC invocations=13 (full 2):
 PSYoungGen      total 96768K, used 9312K [0x00000000eab00000, 0x00000000f3400000, 0x0000000100000000)
  eden space 82944K, 0% used [0x00000000eab00000,0x00000000eab00000,0x00000000efc00000)
  from space 13824K, 67% used [0x00000000efc00000,0x00000000f05183b8,0x00000000f0980000)
  to   space 14336K, 0% used [0x00000000f2600000,0x00000000f2600000,0x00000000f3400000)
 ParOldGen       total 97280K, used 19469K [0x00000000c0000000, 0x00000000c5f00000, 0x00000000eab00000)
  object space 97280K, 20% used [0x00000000c0000000,0x00000000c1303678,0x00000000c5f00000)
 Metaspace       used 40507K, capacity 41264K, committed 41344K, reserved 1085440K
  class space    used 5580K, capacity 5756K, committed 5760K, reserved 1048576K
}
Event: 38.610 GC heap before
{Heap before GC invocations=14 (full 2):
 PSYoungGen      total 96768K, used 92256K [0x00000000eab00000, 0x00000000f3400000, 0x0000000100000000)
  eden space 82944K, 100% used [0x00000000eab00000,0x00000000efc00000,0x00000000efc00000)
  from space 13824K, 67% used [0x00000000efc00000,0x00000000f05183b8,0x00000000f0980000)
  to   space 14336K, 0% used [0x00000000f2600000,0x00000000f2600000,0x00000000f3400000)
 ParOldGen       total 97280K, used 19469K [0x00000000c0000000, 0x00000000c5f00000, 0x00000000eab00000)
  object space 97280K, 20% used [0x00000000c0000000,0x00000000c1303678,0x00000000c5f00000)
 Metaspace       used 43952K, capacity 44850K, committed 45056K, reserved 1087488K
  class space    used 6108K, capacity 6323K, committed 6400K, reserved 1048576K
Event: 38.631 GC heap after
Heap after GC invocations=14 (full 2):
 PSYoungGen      total 122880K, used 14320K [0x00000000eab00000, 0x00000000f3500000, 0x0000000100000000)
  eden space 108544K, 0% used [0x00000000eab00000,0x00000000eab00000,0x00000000f1500000)
  from space 14336K, 99% used [0x00000000f2600000,0x00000000f33fc2e0,0x00000000f3400000)
  to   space 16384K, 0% used [0x00000000f1500000,0x00000000f1500000,0x00000000f2500000)
 ParOldGen       total 97280K, used 21123K [0x00000000c0000000, 0x00000000c5f00000, 0x00000000eab00000)
  object space 97280K, 21% used [0x00000000c0000000,0x00000000c14a0d68,0x00000000c5f00000)
 Metaspace       used 43952K, capacity 44850K, committed 45056K, reserved 1087488K
  class space    used 6108K, capacity 6323K, committed 6400K, reserved 1048576K
}
Event: 43.081 GC heap before
{Heap before GC invocations=15 (full 2):
 PSYoungGen      total 122880K, used 122864K [0x00000000eab00000, 0x00000000f3500000, 0x0000000100000000)
  eden space 108544K, 100% used [0x00000000eab00000,0x00000000f1500000,0x00000000f1500000)
  from space 14336K, 99% used [0x00000000f2600000,0x00000000f33fc2e0,0x00000000f3400000)
  to   space 16384K, 0% used [0x00000000f1500000,0x00000000f1500000,0x00000000f2500000)
 ParOldGen       total 97280K, used 21123K [0x00000000c0000000, 0x00000000c5f00000, 0x00000000eab00000)
  object space 97280K, 21% used [0x00000000c0000000,0x00000000c14a0d68,0x00000000c5f00000)
 Metaspace       used 46907K, capacity 47928K, committed 48000K, reserved 1091584K
  class space    used 6468K, capacity 6759K, committed 6784K, reserved 1048576K
Event: 43.110 GC heap after
Heap after GC invocations=15 (full 2):
 PSYoungGen      total 124928K, used 16365K [0x00000000eab00000, 0x00000000f5c80000, 0x0000000100000000)
  eden space 108544K, 0% used [0x00000000eab00000,0x00000000eab00000,0x00000000f1500000)
  from space 16384K, 99% used [0x00000000f1500000,0x00000000f24fb4b0,0x00000000f2500000)
  to   space 20992K, 0% used [0x00000000f4800000,0x00000000f4800000,0x00000000f5c80000)
 ParOldGen       total 97280K, used 26514K [0x00000000c0000000, 0x00000000c5f00000, 0x00000000eab00000)
  object space 97280K, 27% used [0x00000000c0000000,0x00000000c19e49f8,0x00000000c5f00000)
 Metaspace       used 46907K, capacity 47928K, committed 48000K, reserved 1091584K
  class space    used 6468K, capacity 6759K, committed 6784K, reserved 1048576K
}

Deoptimization events (10 events):
Event: 42.880 Thread 0x00000000178ae800 Uncommon trap: reason=bimorphic action=maybe_recompile pc=0x000000000395d324 method=com.sun.org.apache.xerces.internal.dom.NodeImpl.changed()V @ 1
Event: 42.883 Thread 0x000000001b3b2800 Uncommon trap: reason=unstable_if action=reinterpret pc=0x0000000003874600 method=java.util.concurrent.locks.ReentrantLock$Sync.nonfairTryAcquire(I)Z @ 34
Event: 42.883 Thread 0x000000001b3b4800 Uncommon trap: reason=unstable_if action=reinterpret pc=0x0000000003874600 method=java.util.concurrent.locks.ReentrantLock$Sync.nonfairTryAcquire(I)Z @ 34
Event: 42.887 Thread 0x00000000178ae800 Uncommon trap: reason=unstable_if action=reinterpret pc=0x0000000002e43090 method=com.sun.org.apache.xerces.internal.dom.ParentNode.nodeListItem(I)Lorg/w3c/dom/Node; @ 101
Event: 42.904 Thread 0x000000001b3b0000 Uncommon trap: reason=unstable_if action=reinterpret pc=0x0000000003797320 method=java.util.concurrent.locks.AbstractQueuedSynchronizer.release(I)Z @ 14
Event: 42.905 Thread 0x000000001b3b4800 Uncommon trap: reason=unstable_if action=reinterpret pc=0x0000000003469c54 method=java.util.concurrent.locks.AbstractQueuedSynchronizer.release(I)Z @ 14
Event: 42.982 Thread 0x00000000178ae800 Uncommon trap: reason=unstable_if action=reinterpret pc=0x00000000029d1da0 method=com.sun.org.apache.xerces.internal.dom.NodeImpl.isOwned(Z)V @ 2
Event: 42.982 Thread 0x00000000178ae800 Uncommon trap: reason=null_check action=make_not_entrant pc=0x0000000002b4fe3c method=com.sun.org.apache.xerces.internal.dom.ElementImpl.getDefaultAttributes()Lcom/sun/org/apache/xerces/internal/dom/NamedNodeMapImpl; @ 7
Event: 43.150 Thread 0x00000000178ae800 Uncommon trap: reason=null_check action=make_not_entrant pc=0x0000000002626f2c method=com.android.ide.common.res2.NodeUtils.processSingleNodeNamespace(Lorg/w3c/dom/Node;Lorg/w3c/dom/Document;)Z @ 8
Event: 44.366 Thread 0x00000000178ae800 Uncommon trap: reason=unstable_if action=reinterpret pc=0x0000000003405ed0 method=java.util.regex.Matcher.appendReplacement(Ljava/lang/StringBuffer;Ljava/lang/String;)Ljava/util/regex/Matcher; @ 47

Internal exceptions (10 events):
Event: 41.199 Thread 0x00000000178ae800 Exception <a 'java/lang/ClassNotFoundException': com/android/ide/common/res2/DataSetBeanInfo> (0x00000000ecb8f5e0) thrown at [C:\re\workspace\8-2-build-windows-amd64-cygwin\jdk8u111\7883\hotspot\src\share\vm\classfile\systemDictionary.cpp, line 210]
Event: 41.200 Thread 0x00000000178ae800 Exception <a 'java/lang/ClassNotFoundException': com/android/ide/common/res2/DataSetCustomizer> (0x00000000ecb9d6c8) thrown at [C:\re\workspace\8-2-build-windows-amd64-cygwin\jdk8u111\7883\hotspot\src\share\vm\classfile\systemDictionary.cpp, line 210]
Event: 41.201 Thread 0x00000000178ae800 Exception <a 'java/lang/ClassNotFoundException': com/android/ide/common/res2/AssetSetCustomizer> (0x00000000ecbc86e0) thrown at [C:\re\workspace\8-2-build-windows-amd64-cygwin\jdk8u111\7883\hotspot\src\share\vm\classfile\systemDictionary.cpp, line 210]
Event: 41.209 Thread 0x00000000178ae800 Exception <a 'java/lang/ClassNotFoundException': com/android/ide/common/res2/MergedAssetWriterBeanInfo> (0x00000000ecc29f10) thrown at [C:\re\workspace\8-2-build-windows-amd64-cygwin\jdk8u111\7883\hotspot\src\share\vm\classfile\systemDictionary.cpp, line 
Event: 41.209 Thread 0x00000000178ae800 Exception <a 'java/lang/ClassNotFoundException': com/android/ide/common/res2/MergeWriterBeanInfo> (0x00000000ecc38408) thrown at [C:\re\workspace\8-2-build-windows-amd64-cygwin\jdk8u111\7883\hotspot\src\share\vm\classfile\systemDictionary.cpp, line 210]
Event: 41.210 Thread 0x00000000178ae800 Exception <a 'java/lang/ClassNotFoundException': com/android/ide/common/res2/MergeWriterCustomizer> (0x00000000ecc46c80) thrown at [C:\re\workspace\8-2-build-windows-amd64-cygwin\jdk8u111\7883\hotspot\src\share\vm\classfile\systemDictionary.cpp, line 210]
Event: 41.210 Thread 0x00000000178ae800 Exception <a 'java/lang/ClassNotFoundException': com/android/ide/common/res2/MergedAssetWriterCustomizer> (0x00000000ecc5a038) thrown at [C:\re\workspace\8-2-build-windows-amd64-cygwin\jdk8u111\7883\hotspot\src\share\vm\classfile\systemDictionary.cpp, lin
Event: 41.348 Thread 0x00000000178ae800 Exception <a 'java/lang/NoSuchMethodError': <clinit>> (0x00000000ecdba4c0) thrown at [C:\re\workspace\8-2-build-windows-amd64-cygwin\jdk8u111\7883\hotspot\src\share\vm\prims\jni.cpp, line 1613]
Event: 42.982 Thread 0x00000000178ae800 Implicit null exception at 0x0000000002b4f34d to 0x0000000002b4fe2d
Event: 43.150 Thread 0x00000000178ae800 Implicit null exception at 0x0000000002626dd7 to 0x0000000002626f1b

Events (10 events):
Event: 46.125 Thread 0x0000000014b82000 flushing nmethod 0x00000000039314d0
Event: 46.125 Thread 0x0000000014b82000 flushing nmethod 0x000000000395d110
Event: 46.125 Thread 0x0000000014b82000 flushing nmethod 0x0000000003969550
Event: 46.125 Thread 0x0000000014b82000 flushing nmethod 0x00000000039b3990
Event: 46.125 Thread 0x0000000014b82000 flushing nmethod 0x00000000039b4d90
Event: 46.125 Thread 0x0000000014b82000 flushing nmethod 0x00000000039b65d0
Event: 46.125 Thread 0x0000000014b82000 flushing nmethod 0x00000000039b6c10
Event: 46.125 Thread 0x0000000014b82000 flushing nmethod 0x00000000039ba110
Event: 46.125 Thread 0x0000000014b82000 flushing nmethod 0x00000000039bf4d0
Event: 46.125 Thread 0x0000000014b82000 flushing nmethod 0x00000000039c0310


Dynamic libraries:
0x00007ff76ebf0000 - 0x00007ff76ec27000 	C:\Program Files\Java\jdk1.8.0_111\bin\java.exe
0x00007ff9f3f40000 - 0x00007ff9f4130000 	C:\WINDOWS\SYSTEM32\ntdll.dll
0x00007ff9f2a60000 - 0x00007ff9f2b12000 	C:\WINDOWS\System32\KERNEL32.DLL
0x00007ff9f0ed0000 - 0x00007ff9f1173000 	C:\WINDOWS\System32\KERNELBASE.dll
0x00007ff9f3170000 - 0x00007ff9f3213000 	C:\WINDOWS\System32\ADVAPI32.dll
0x00007ff9f3360000 - 0x00007ff9f33fe000 	C:\WINDOWS\System32\msvcrt.dll
0x00007ff9f3560000 - 0x00007ff9f35f7000 	C:\WINDOWS\System32\sechost.dll
0x00007ff9f2940000 - 0x00007ff9f2a60000 	C:\WINDOWS\System32\RPCRT4.dll
0x00007ff9f36d0000 - 0x00007ff9f3864000 	C:\WINDOWS\System32\USER32.dll
0x00007ff9f1b90000 - 0x00007ff9f1bb1000 	C:\WINDOWS\System32\win32u.dll
0x00007ff9f2f90000 - 0x00007ff9f2fb6000 	C:\WINDOWS\System32\GDI32.dll
0x00007ff9f19d0000 - 0x00007ff9f1b64000 	C:\WINDOWS\System32\gdi32full.dll
0x00007ff9f1f50000 - 0x00007ff9f1fee000 	C:\WINDOWS\System32\msvcp_win.dll
0x00007ff9f1e20000 - 0x00007ff9f1f1a000 	C:\WINDOWS\System32\ucrtbase.dll
0x00007ff9f02b0000 - 0x00007ff9f0535000 	C:\WINDOWS\WinSxS\amd64_microsoft.windows.common-controls_6595b64144ccf1df_6.0.18362.418_none_e6c6b287130d565d\COMCTL32.dll
0x00007ff9f38d0000 - 0x00007ff9f3c06000 	C:\WINDOWS\System32\combase.dll
0x00007ff9f11d0000 - 0x00007ff9f1250000 	C:\WINDOWS\System32\bcryptPrimitives.dll
0x00007ff9f3330000 - 0x00007ff9f335e000 	C:\WINDOWS\System32\IMM32.DLL
0x0000000060780000 - 0x0000000060852000 	C:\Program Files\Java\jdk1.8.0_111\jre\bin\msvcr100.dll
0x0000000062d50000 - 0x00000000635ea000 	C:\Program Files\Java\jdk1.8.0_111\jre\bin\server\jvm.dll
0x00007ff9f2930000 - 0x00007ff9f2938000 	C:\WINDOWS\System32\PSAPI.DLL
0x00007ff9e7cf0000 - 0x00007ff9e7d14000 	C:\WINDOWS\SYSTEM32\WINMM.dll
0x00007ff9ef370000 - 0x00007ff9ef379000 	C:\WINDOWS\SYSTEM32\WSOCK32.dll
0x00007ff9e6d40000 - 0x00007ff9e6d4a000 	C:\WINDOWS\SYSTEM32\VERSION.dll
0x00007ff9f3660000 - 0x00007ff9f36cf000 	C:\WINDOWS\System32\WS2_32.dll
0x00007ff9e7c90000 - 0x00007ff9e7cbd000 	C:\WINDOWS\SYSTEM32\WINMMBASE.dll
0x00007ff9f1180000 - 0x00007ff9f11ca000 	C:\WINDOWS\System32\cfgmgr32.dll
0x00000000654d0000 - 0x00000000654df000 	C:\Program Files\Java\jdk1.8.0_111\jre\bin\verify.dll
0x00000000654a0000 - 0x00000000654c9000 	C:\Program Files\Java\jdk1.8.0_111\jre\bin\java.dll
0x0000000065480000 - 0x0000000065496000 	C:\Program Files\Java\jdk1.8.0_111\jre\bin\zip.dll
0x00007ff9f2240000 - 0x00007ff9f2925000 	C:\WINDOWS\System32\SHELL32.dll
0x00007ff9f3e50000 - 0x00007ff9f3ef9000 	C:\WINDOWS\System32\shcore.dll
0x00007ff9f1250000 - 0x00007ff9f19cf000 	C:\WINDOWS\System32\windows.storage.dll
0x00007ff9f0e70000 - 0x00007ff9f0e8f000 	C:\WINDOWS\System32\profapi.dll
0x00007ff9f0e20000 - 0x00007ff9f0e6a000 	C:\WINDOWS\System32\powrprof.dll
0x00007ff9f0e10000 - 0x00007ff9f0e20000 	C:\WINDOWS\System32\UMPDC.dll
0x00007ff9f3870000 - 0x00007ff9f38c2000 	C:\WINDOWS\System32\shlwapi.dll
0x00007ff9f0eb0000 - 0x00007ff9f0ec1000 	C:\WINDOWS\System32\kernel.appcore.dll
0x00007ff9f1b70000 - 0x00007ff9f1b87000 	C:\WINDOWS\System32\cryptsp.dll
0x0000000065460000 - 0x000000006547a000 	C:\Program Files\Java\jdk1.8.0_111\jre\bin\net.dll
0x00007ff9f0000000 - 0x00007ff9f0067000 	C:\WINDOWS\system32\mswsock.dll
0x0000000065440000 - 0x0000000065451000 	C:\Program Files\Java\jdk1.8.0_111\jre\bin\nio.dll
0x00007ff9eb6a0000 - 0x00007ff9eb6b2000 	C:\Users\laxba\.gradle\native\19\windows-amd64\native-platform.dll
0x00007ff9efd10000 - 0x00007ff9efd4a000 	C:\WINDOWS\SYSTEM32\IPHLPAPI.DLL
0x00007ff9f3dd0000 - 0x00007ff9f3dd8000 	C:\WINDOWS\System32\NSI.dll
0x00007ff9e97e0000 - 0x00007ff9e97f6000 	C:\WINDOWS\SYSTEM32\dhcpcsvc6.DLL
0x00007ff9e97c0000 - 0x00007ff9e97dc000 	C:\WINDOWS\SYSTEM32\dhcpcsvc.DLL
0x00007ff9efd60000 - 0x00007ff9efe2a000 	C:\WINDOWS\SYSTEM32\DNSAPI.dll
0x00007ff9efb70000 - 0x00007ff9efba3000 	C:\WINDOWS\system32\rsaenh.dll
0x00007ff9f1f20000 - 0x00007ff9f1f46000 	C:\WINDOWS\System32\bcrypt.dll
0x00007ff9f0d00000 - 0x00007ff9f0d25000 	C:\WINDOWS\SYSTEM32\USERENV.dll
0x00007ff9f01f0000 - 0x00007ff9f01fc000 	C:\WINDOWS\SYSTEM32\CRYPTBASE.dll
0x0000000065430000 - 0x000000006543d000 	C:\Program Files\Java\jdk1.8.0_111\jre\bin\management.dll

VM Arguments:
jvm_args: -XX:MaxPermSize=256m -XX:+HeapDumpOnOutOfMemoryError -Xmx1024m -Dfile.encoding=windows-1252 -Duser.country=US -Duser.language=en -Duser.variant 
java_command: org.gradle.launcher.daemon.bootstrap.GradleDaemon 2.10
java_class_path (initial): D:\PhanMem\IDE\Android\Android Studio\gradle\gradle-2.10\lib\gradle-launcher-2.10.jar
Launcher Type: SUN_STANDARD

Environment Variables:
PATH=C:\ProgramData\Oracle\Java\javapath;C:\WINDOWS\system32;C:\WINDOWS;C:\WINDOWS\System32\Wbem;C:\WINDOWS\System32\WindowsPowerShell\v1.0\;C:\WINDOWS\System32\OpenSSH\;C:\Program Files (x86)\Microsoft SQL Server\100\Tools\Binn\;C:\Program Files\Microsoft SQL Server\100\Tools\Binn\;C:\Program Files\Microsoft SQL Server\100\DTS\Binn\;C:\Program Files (x86)\Microsoft SQL Server\100\Tools\Binn\VSShell\Common7\IDE\;C:\Program Files (x86)\Microsoft SQL Server\100\DTS\Binn\;C:\Program Files (x86)\Microsoft Visual Studio 9.0\Common7\IDE\PrivateAssemblies\;C:\Program Files (x86)\NVIDIA Corporation\PhysX\Common;C:\WINDOWS\system32;C:\WINDOWS;C:\WINDOWS\System32\Wbem;C:\WINDOWS\System32\WindowsPowerShell\v1.0\;C:\WINDOWS\System32\OpenSSH\;D:\Python\Python37\Scripts;D:\Python\Python37;C:\Program Files\TortoiseGit\bin;C:\Program Files\Git\cmd;C:\Program Files\Java\jdk1.8.0_111\bin;C:\Program Files\MySQL\MySQL Shell 8.0\bin\;C:\Program Files\Java\jdk1.8.0_111\bin;;C:\Users\laxba\AppData\Local\Programs\Microsoft VS Code\bin;C:\Program Files\JetBrains\IntelliJ IDEA 2019.2.3\bin;
USERNAME=laxba
OS=Windows_NT
PROCESSOR_IDENTIFIER=Intel64 Family 6 Model 61 Stepping 4, GenuineIntel



---------------  S Y S T E M  ---------------

OS: Windows 10.0 , 64 bit Build 18362 (10.0.18362.329)

CPU:total 4 (2 cores per cpu, 2 threads per core) family 6 model 61 stepping 4, cmov, cx8, fxsr, mmx, sse, sse2, sse3, ssse3, sse4.1, sse4.2, popcnt, avx, avx2, aes, clmul, erms, 3dnowpref, lzcnt, ht, tsc, tscinvbit, bmi1, bmi2, adx

Memory: 4k page, physical 8298368k(212832k free), swap 12492672k(3084k free)

vm_info: Java HotSpot(TM) 64-Bit Server VM (25.111-b14) for windows-amd64 JRE (1.8.0_111-b14), built on Sep 22 2016 19:24:05 by "java_re" with MS VC++ 10.0 (VS2010)

time: Mon Nov 25 21:12:58 2019
elapsed time: 46 seconds (0d 0h 0m 46s)

