#
# There is insufficient memory for the Java Runtime Environment to continue.
# Native memory allocation (malloc) failed to allocate 1048592 bytes for Chunk::new
# Possible reasons:
#   The system is out of physical RAM or swap space
#   In 32 bit mode, the process size limit was hit
# Possible solutions:
#   Reduce memory load on the system
#   Increase physical memory or swap space
#   Check if swap backing store is full
#   Use 64 bit Java on a 64 bit OS
#   Decrease Java heap size (-Xmx/-Xms)
#   Decrease number of Java threads
#   Decrease Java thread stack sizes (-Xss)
#   Set larger code cache with -XX:ReservedCodeCacheSize=
# This output file may be truncated or incomplete.
#
#  Out of Memory Error (allocation.cpp:390), pid=1472, tid=0x000000000000353c
#
# JRE version: Java(TM) SE Runtime Environment (8.0_111-b14) (build 1.8.0_111-b14)
# Java VM: Java HotSpot(TM) 64-Bit Server VM (25.111-b14 mixed mode windows-amd64 compressed oops)
# Failed to write core dump. Minidumps are not enabled by default on client versions of Windows
#

---------------  T H R E A D  ---------------

Current thread (0x0000000014fcf800):  JavaThread "C2 CompilerThread0" daemon [_thread_in_native, id=13628, stack(0x0000000016620000,0x0000000016720000)]

Stack: [0x0000000016620000,0x0000000016720000]
[error occurred during error reporting (printing stack bounds), id 0xc0000005]

Native frames: (J=compiled Java code, j=interpreted, Vv=VM code, C=native code)


Current CompileTask:
C2:  21118 3220   !   4       java.net.URLClassLoader$1::run (63 bytes)


---------------  P R O C E S S  ---------------

Java Threads: ( => current thread )
  0x000000001b22c800 JavaThread "File lock request listener" [_thread_in_native, id=1744, stack(0x000000001a980000,0x000000001aa80000)]
  0x0000000017060000 JavaThread "Stdin handler" [_thread_blocked, id=16480, stack(0x00000000192b0000,0x00000000193b0000)]
  0x0000000017058800 JavaThread "Daemon worker" [_thread_in_native, id=8948, stack(0x00000000191b0000,0x00000000192b0000)]
  0x0000000017052800 JavaThread "Cancel handler" [_thread_blocked, id=14364, stack(0x00000000190b0000,0x00000000191b0000)]
  0x00000000170d8000 JavaThread "Handler for socket connection from /127.0.0.1:59719 to /127.0.0.1:59721" [_thread_in_native, id=16008, stack(0x0000000018fb0000,0x00000000190b0000)]
  0x00000000170d7000 JavaThread "Daemon" [_thread_blocked, id=9348, stack(0x0000000018eb0000,0x0000000018fb0000)]
  0x0000000017a63000 JavaThread "Incoming local TCP Connector on port 59719" [_thread_in_native, id=15740, stack(0x0000000017720000,0x0000000017820000)]
  0x0000000016948800 JavaThread "Service Thread" daemon [_thread_blocked, id=2744, stack(0x0000000016d20000,0x0000000016e20000)]
  0x0000000014fdb800 JavaThread "C1 CompilerThread2" daemon [_thread_blocked, id=15604, stack(0x0000000016820000,0x0000000016920000)]
  0x0000000014fd2800 JavaThread "C2 CompilerThread1" daemon [_thread_in_native, id=16712, stack(0x0000000016720000,0x0000000016820000)]
=>0x0000000014fcf800 JavaThread "C2 CompilerThread0" daemon [_thread_in_native, id=13628, stack(0x0000000016620000,0x0000000016720000)]
  0x0000000014fce000 JavaThread "Attach Listener" daemon [_thread_blocked, id=3992, stack(0x0000000016520000,0x0000000016620000)]
  0x0000000014fcb000 JavaThread "Signal Dispatcher" daemon [_thread_blocked, id=6012, stack(0x0000000016420000,0x0000000016520000)]
  0x0000000014fba800 JavaThread "Finalizer" daemon [_thread_blocked, id=16996, stack(0x0000000016220000,0x0000000016320000)]
  0x00000000028f0800 JavaThread "Reference Handler" daemon [_thread_blocked, id=872, stack(0x0000000016120000,0x0000000016220000)]
  0x0000000002802800 JavaThread "main" [_thread_blocked, id=10456, stack(0x0000000002630000,0x0000000002730000)]

Other Threads:
  0x0000000014f98800 VMThread [stack: 0x0000000016020000,0x0000000016120000] [id=4928]
  0x0000000016955800 WatcherThread [stack: 0x0000000016e20000,0x0000000016f20000] [id=4912]

VM state:not at safepoint (normal execution)

VM Mutex/Monitor currently owned by a thread: None

Heap:
 PSYoungGen      total 38400K, used 30912K [0x00000000eab00000, 0x00000000ee680000, 0x0000000100000000)
  eden space 27648K, 100% used [0x00000000eab00000,0x00000000ec600000,0x00000000ec600000)
  from space 10752K, 30% used [0x00000000ec600000,0x00000000ec930020,0x00000000ed080000)
  to   space 10752K, 0% used [0x00000000edc00000,0x00000000edc00000,0x00000000ee680000)
 ParOldGen       total 67072K, used 9318K [0x00000000c0000000, 0x00000000c4180000, 0x00000000eab00000)
  object space 67072K, 13% used [0x00000000c0000000,0x00000000c09199a0,0x00000000c4180000)
 Metaspace       used 28666K, capacity 29112K, committed 29440K, reserved 1075200K
  class space    used 3873K, capacity 4008K, committed 4096K, reserved 1048576K

Card table byte_map: [0x0000000011cc0000,0x0000000011ed0000] byte_map_base: 0x00000000116c0000

Marking Bits: (ParMarkBitMap*) 0x000000006356a6c0
 Begin Bits: [0x0000000012430000, 0x0000000013430000)
 End Bits:   [0x0000000013430000, 0x0000000014430000)

Polling page: 0x0000000002730000

CodeCache: size=245760Kb used=12392Kb max_used=12392Kb free=233367Kb
 bounds [0x0000000002900000, 0x0000000003530000, 0x0000000011900000]
 total_blobs=3724 nmethods=3089 adapters=547
 compilation: enabled

Compilation events (10 events):
Event: 21.094 Thread 0x0000000014fdb800 3253   !   3       com.google.common.collect.MapMakerInternalMap$Segment::runLockedCleanup (38 bytes)
Event: 21.095 Thread 0x0000000014fdb800 nmethod 3253 0x0000000003516050 code [0x0000000003516260, 0x0000000003516e18]
Event: 21.095 Thread 0x0000000014fdb800 3255       3       com.google.common.collect.MapMakerInternalMap$Segment::recordWrite (71 bytes)
Event: 21.096 Thread 0x0000000014fdb800 nmethod 3255 0x0000000003514fd0 code [0x00000000035151c0, 0x0000000003515cc8]
Event: 21.096 Thread 0x0000000014fdb800 3254       3       com.google.common.collect.MapMakerInternalMap$Segment::expireEntries (83 bytes)
Event: 21.096 Thread 0x0000000014fdb800 nmethod 3254 0x0000000003513e50 code [0x0000000003514080, 0x0000000003514b58]
Event: 21.096 Thread 0x0000000014fdb800 3256       3       com.google.common.collect.MapMakerInternalMap$Segment::evictEntries (67 bytes)
Event: 21.097 Thread 0x0000000014fdb800 nmethod 3256 0x00000000035131d0 code [0x00000000035133c0, 0x0000000003513ba8]
Event: 21.097 Thread 0x0000000014fdb800 3257   !   3       com.google.common.collect.MapMakerInternalMap::processPendingNotifications (47 bytes)
Event: 21.098 Thread 0x0000000014fdb800 nmethod 3257 0x0000000003512050 code [0x0000000003512260, 0x0000000003512cf8]

GC Heap History (10 events):
Event: 11.933 GC heap before
{Heap before GC invocations=4 (full 0):
 PSYoungGen      total 38400K, used 32076K [0x00000000eab00000, 0x00000000ed580000, 0x0000000100000000)
  eden space 33280K, 81% used [0x00000000eab00000,0x00000000ec55b288,0x00000000ecb80000)
  from space 5120K, 99% used [0x00000000ecb80000,0x00000000ed078020,0x00000000ed080000)
  to   space 5120K, 0% used [0x00000000ed080000,0x00000000ed080000,0x00000000ed580000)
 ParOldGen       total 87552K, used 5524K [0x00000000c0000000, 0x00000000c5580000, 0x00000000eab00000)
  object space 87552K, 6% used [0x00000000c0000000,0x00000000c05650e8,0x00000000c5580000)
 Metaspace       used 20890K, capacity 21232K, committed 21296K, reserved 1067008K
  class space    used 2820K, capacity 2942K, committed 2944K, reserved 1048576K
Event: 11.948 GC heap after
Heap after GC invocations=4 (full 0):
 PSYoungGen      total 38400K, used 5088K [0x00000000eab00000, 0x00000000ed580000, 0x0000000100000000)
  eden space 33280K, 0% used [0x00000000eab00000,0x00000000eab00000,0x00000000ecb80000)
  from space 5120K, 99% used [0x00000000ed080000,0x00000000ed578020,0x00000000ed580000)
  to   space 5120K, 0% used [0x00000000ecb80000,0x00000000ecb80000,0x00000000ed080000)
 ParOldGen       total 87552K, used 8961K [0x00000000c0000000, 0x00000000c5580000, 0x00000000eab00000)
  object space 87552K, 10% used [0x00000000c0000000,0x00000000c08c0410,0x00000000c5580000)
 Metaspace       used 20890K, capacity 21232K, committed 21296K, reserved 1067008K
  class space    used 2820K, capacity 2942K, committed 2944K, reserved 1048576K
}
Event: 11.948 GC heap before
{Heap before GC invocations=5 (full 1):
 PSYoungGen      total 38400K, used 5088K [0x00000000eab00000, 0x00000000ed580000, 0x0000000100000000)
  eden space 33280K, 0% used [0x00000000eab00000,0x00000000eab00000,0x00000000ecb80000)
  from space 5120K, 99% used [0x00000000ed080000,0x00000000ed578020,0x00000000ed580000)
  to   space 5120K, 0% used [0x00000000ecb80000,0x00000000ecb80000,0x00000000ed080000)
 ParOldGen       total 87552K, used 8961K [0x00000000c0000000, 0x00000000c5580000, 0x00000000eab00000)
  object space 87552K, 10% used [0x00000000c0000000,0x00000000c08c0410,0x00000000c5580000)
 Metaspace       used 20890K, capacity 21232K, committed 21296K, reserved 1067008K
  class space    used 2820K, capacity 2942K, committed 2944K, reserved 1048576K
Event: 12.050 GC heap after
Heap after GC invocations=5 (full 1):
 PSYoungGen      total 38400K, used 0K [0x00000000eab00000, 0x00000000ed580000, 0x0000000100000000)
  eden space 33280K, 0% used [0x00000000eab00000,0x00000000eab00000,0x00000000ecb80000)
  from space 5120K, 0% used [0x00000000ed080000,0x00000000ed080000,0x00000000ed580000)
  to   space 5120K, 0% used [0x00000000ecb80000,0x00000000ecb80000,0x00000000ed080000)
 ParOldGen       total 67072K, used 9294K [0x00000000c0000000, 0x00000000c4180000, 0x00000000eab00000)
  object space 67072K, 13% used [0x00000000c0000000,0x00000000c09139a0,0x00000000c4180000)
 Metaspace       used 20890K, capacity 21232K, committed 21296K, reserved 1067008K
  class space    used 2820K, capacity 2942K, committed 2944K, reserved 1048576K
}
Event: 15.105 GC heap before
{Heap before GC invocations=6 (full 1):
 PSYoungGen      total 38400K, used 33280K [0x00000000eab00000, 0x00000000ed580000, 0x0000000100000000)
  eden space 33280K, 100% used [0x00000000eab00000,0x00000000ecb80000,0x00000000ecb80000)
  from space 5120K, 0% used [0x00000000ed080000,0x00000000ed080000,0x00000000ed580000)
  to   space 5120K, 0% used [0x00000000ecb80000,0x00000000ecb80000,0x00000000ed080000)
 ParOldGen       total 67072K, used 9294K [0x00000000c0000000, 0x00000000c4180000, 0x00000000eab00000)
  object space 67072K, 13% used [0x00000000c0000000,0x00000000c09139a0,0x00000000c4180000)
 Metaspace       used 23287K, capacity 23730K, committed 23936K, reserved 1069056K
  class space    used 3227K, capacity 3345K, committed 3456K, reserved 1048576K
Event: 15.109 GC heap after
Heap after GC invocations=6 (full 1):
 PSYoungGen      total 38400K, used 3729K [0x00000000eab00000, 0x00000000ed580000, 0x0000000100000000)
  eden space 33280K, 0% used [0x00000000eab00000,0x00000000eab00000,0x00000000ecb80000)
  from space 5120K, 72% used [0x00000000ecb80000,0x00000000ecf247a0,0x00000000ed080000)
  to   space 5120K, 0% used [0x00000000ed080000,0x00000000ed080000,0x00000000ed580000)
 ParOldGen       total 67072K, used 9302K [0x00000000c0000000, 0x00000000c4180000, 0x00000000eab00000)
  object space 67072K, 13% used [0x00000000c0000000,0x00000000c09159a0,0x00000000c4180000)
 Metaspace       used 23287K, capacity 23730K, committed 23936K, reserved 1069056K
  class space    used 3227K, capacity 3345K, committed 3456K, reserved 1048576K
}
Event: 17.474 GC heap before
{Heap before GC invocations=7 (full 1):
 PSYoungGen      total 38400K, used 37009K [0x00000000eab00000, 0x00000000ed580000, 0x0000000100000000)
  eden space 33280K, 100% used [0x00000000eab00000,0x00000000ecb80000,0x00000000ecb80000)
  from space 5120K, 72% used [0x00000000ecb80000,0x00000000ecf247a0,0x00000000ed080000)
  to   space 5120K, 0% used [0x00000000ed080000,0x00000000ed080000,0x00000000ed580000)
 ParOldGen       total 67072K, used 9302K [0x00000000c0000000, 0x00000000c4180000, 0x00000000eab00000)
  object space 67072K, 13% used [0x00000000c0000000,0x00000000c09159a0,0x00000000c4180000)
 Metaspace       used 26622K, capacity 27108K, committed 27392K, reserved 1073152K
  class space    used 3640K, capacity 3764K, committed 3840K, reserved 1048576K
Event: 17.485 GC heap after
Heap after GC invocations=7 (full 1):
 PSYoungGen      total 32768K, used 4253K [0x00000000eab00000, 0x00000000eed80000, 0x0000000100000000)
  eden space 27648K, 0% used [0x00000000eab00000,0x00000000eab00000,0x00000000ec600000)
  from space 5120K, 83% used [0x00000000ed080000,0x00000000ed4a75d8,0x00000000ed580000)
  to   space 10752K, 0% used [0x00000000ec600000,0x00000000ec600000,0x00000000ed080000)
 ParOldGen       total 67072K, used 9310K [0x00000000c0000000, 0x00000000c4180000, 0x00000000eab00000)
  object space 67072K, 13% used [0x00000000c0000000,0x00000000c09179a0,0x00000000c4180000)
 Metaspace       used 26622K, capacity 27108K, committed 27392K, reserved 1073152K
  class space    used 3640K, capacity 3764K, committed 3840K, reserved 1048576K
}
Event: 18.635 GC heap before
{Heap before GC invocations=8 (full 1):
 PSYoungGen      total 32768K, used 31901K [0x00000000eab00000, 0x00000000eed80000, 0x0000000100000000)
  eden space 27648K, 100% used [0x00000000eab00000,0x00000000ec600000,0x00000000ec600000)
  from space 5120K, 83% used [0x00000000ed080000,0x00000000ed4a75d8,0x00000000ed580000)
  to   space 10752K, 0% used [0x00000000ec600000,0x00000000ec600000,0x00000000ed080000)
 ParOldGen       total 67072K, used 9310K [0x00000000c0000000, 0x00000000c4180000, 0x00000000eab00000)
  object space 67072K, 13% used [0x00000000c0000000,0x00000000c09179a0,0x00000000c4180000)
 Metaspace       used 26854K, capacity 27300K, committed 27392K, reserved 1073152K
  class space    used 3642K, capacity 3764K, committed 3840K, reserved 1048576K
Event: 18.643 GC heap after
Heap after GC invocations=8 (full 1):
 PSYoungGen      total 38400K, used 3264K [0x00000000eab00000, 0x00000000ee680000, 0x0000000100000000)
  eden space 27648K, 0% used [0x00000000eab00000,0x00000000eab00000,0x00000000ec600000)
  from space 10752K, 30% used [0x00000000ec600000,0x00000000ec930020,0x00000000ed080000)
  to   space 10752K, 0% used [0x00000000edc00000,0x00000000edc00000,0x00000000ee680000)
 ParOldGen       total 67072K, used 9318K [0x00000000c0000000, 0x00000000c4180000, 0x00000000eab00000)
  object space 67072K, 13% used [0x00000000c0000000,0x00000000c09199a0,0x00000000c4180000)
 Metaspace       used 26854K, capacity 27300K, committed 27392K, reserved 1073152K
  class space    used 3642K, capacity 3764K, committed 3840K, reserved 1048576K
}

Deoptimization events (10 events):
Event: 20.318 Thread 0x0000000017058800 Uncommon trap: reason=unstable_if action=reinterpret pc=0x0000000002d53d2c method=java.util.HashMap.hash(Ljava/lang/Object;)I @ 1
Event: 20.353 Thread 0x0000000017058800 Uncommon trap: reason=unstable_if action=reinterpret pc=0x0000000003111628 method=org.codehaus.groovy.reflection.CachedMethod.compareToMethod(Ljava/lang/reflect/Method;)I @ 111
Event: 20.389 Thread 0x0000000017058800 Uncommon trap: reason=unstable_if action=reinterpret pc=0x000000000347a8f8 method=com.esotericsoftware.kryo.io.Output.writeString(Ljava/lang/CharSequence;)V @ 1
Event: 20.517 Thread 0x0000000017058800 Uncommon trap: reason=unstable_if action=reinterpret pc=0x0000000003385484 method=java.util.HashMap.removeNode(ILjava/lang/Object;Ljava/lang/Object;ZZ)Ljava/util/HashMap$Node; @ 173
Event: 20.517 Thread 0x0000000017058800 Uncommon trap: reason=unstable_if action=reinterpret pc=0x000000000335beec method=java.util.HashMap.removeNode(ILjava/lang/Object;Ljava/lang/Object;ZZ)Ljava/util/HashMap$Node; @ 173
Event: 20.737 Thread 0x0000000017058800 Uncommon trap: reason=bimorphic action=maybe_recompile pc=0x00000000030c4c48 method=java.lang.ClassLoader.getPackage(Ljava/lang/String;)Ljava/lang/Package; @ 47
Event: 20.740 Thread 0x0000000017058800 Uncommon trap: reason=bimorphic action=maybe_recompile pc=0x00000000030c4c48 method=java.lang.ClassLoader.getPackage(Ljava/lang/String;)Ljava/lang/Package; @ 47
Event: 20.742 Thread 0x0000000017058800 Uncommon trap: reason=bimorphic action=maybe_recompile pc=0x00000000030c4c48 method=java.lang.ClassLoader.getPackage(Ljava/lang/String;)Ljava/lang/Package; @ 47
Event: 20.742 Thread 0x0000000017058800 Uncommon trap: reason=bimorphic action=maybe_recompile pc=0x00000000030c4c48 method=java.lang.ClassLoader.getPackage(Ljava/lang/String;)Ljava/lang/Package; @ 47
Event: 20.743 Thread 0x0000000017058800 Uncommon trap: reason=bimorphic action=maybe_recompile pc=0x000000000306d8ec method=java.lang.ClassLoader.getPackage(Ljava/lang/String;)Ljava/lang/Package; @ 47

Internal exceptions (10 events):
Event: 20.817 Thread 0x0000000017058800 Exception <a 'java/lang/ClassNotFoundException': com/android/build/gradle/AppPluginBeanInfo> (0x00000000ec19dfd8) thrown at [C:\re\workspace\8-2-build-windows-amd64-cygwin\jdk8u111\7883\hotspot\src\share\vm\classfile\systemDictionary.cpp, line 210]
Event: 20.817 Thread 0x0000000017058800 Exception <a 'java/lang/ClassNotFoundException': com/android/build/gradle/BasePluginBeanInfo> (0x00000000ec1abd30) thrown at [C:\re\workspace\8-2-build-windows-amd64-cygwin\jdk8u111\7883\hotspot\src\share\vm\classfile\systemDictionary.cpp, line 210]
Event: 20.818 Thread 0x0000000017058800 Exception <a 'java/lang/ClassNotFoundException': com/android/build/gradle/BasePluginCustomizer> (0x00000000ec1b9e20) thrown at [C:\re\workspace\8-2-build-windows-amd64-cygwin\jdk8u111\7883\hotspot\src\share\vm\classfile\systemDictionary.cpp, line 210]
Event: 20.818 Thread 0x0000000017058800 Exception <a 'java/lang/ClassNotFoundException': com/android/build/gradle/AppPluginCustomizer> (0x00000000ec1c91b0) thrown at [C:\re\workspace\8-2-build-windows-amd64-cygwin\jdk8u111\7883\hotspot\src\share\vm\classfile\systemDictionary.cpp, line 210]
Event: 20.835 Thread 0x0000000017058800 Exception <a 'java/lang/ClassNotFoundException': org/gradle/api/internal/ExtensibleDynamicObject$1BeanInfo> (0x00000000ec24bd88) thrown at [C:\re\workspace\8-2-build-windows-amd64-cygwin\jdk8u111\7883\hotspot\src\share\vm\classfile\systemDictionary.cpp, l
Event: 20.845 Thread 0x0000000017058800 Exception <a 'java/lang/ClassNotFoundException': org/gradle/api/internal/AbstractDynamicObjectBeanInfo> (0x00000000ec270a48) thrown at [C:\re\workspace\8-2-build-windows-amd64-cygwin\jdk8u111\7883\hotspot\src\share\vm\classfile\systemDictionary.cpp, line 
Event: 20.846 Thread 0x0000000017058800 Exception <a 'java/lang/ClassNotFoundException': org/gradle/api/internal/AbstractDynamicObjectCustomizer> (0x00000000ec295f00) thrown at [C:\re\workspace\8-2-build-windows-amd64-cygwin\jdk8u111\7883\hotspot\src\share\vm\classfile\systemDictionary.cpp, lin
Event: 20.849 Thread 0x0000000017058800 Exception <a 'java/lang/ClassNotFoundException': org/gradle/api/internal/ExtensibleDynamicObject$1Customizer> (0x00000000ec2c57f0) thrown at [C:\re\workspace\8-2-build-windows-amd64-cygwin\jdk8u111\7883\hotspot\src\share\vm\classfile\systemDictionary.cpp,
Event: 20.851 Thread 0x0000000017058800 Exception <a 'java/lang/ClassNotFoundException': org/gradle/api/internal/DynamicObjectBeanInfo> (0x00000000ec3039e8) thrown at [C:\re\workspace\8-2-build-windows-amd64-cygwin\jdk8u111\7883\hotspot\src\share\vm\classfile\systemDictionary.cpp, line 210]
Event: 20.852 Thread 0x0000000017058800 Exception <a 'java/lang/ClassNotFoundException': org/gradle/api/internal/DynamicObjectCustomizer> (0x00000000ec325890) thrown at [C:\re\workspace\8-2-build-windows-amd64-cygwin\jdk8u111\7883\hotspot\src\share\vm\classfile\systemDictionary.cpp, line 210]

Events (10 events):
Event: 21.098 loading class com/google/common/collect/ListMultimap
Event: 21.098 loading class com/google/common/collect/ListMultimap done
Event: 21.098 loading class com/google/common/collect/Multimap
Event: 21.098 loading class com/google/common/collect/Multimap done
Event: 21.099 loading class com/android/builder/model/SyncIssue
Event: 21.099 loading class com/android/builder/model/SyncIssue done
Event: 21.100 loading class com/android/builder/core/ErrorReporter$EvaluationMode
Event: 21.100 loading class com/android/builder/core/ErrorReporter$EvaluationMode done
Event: 21.100 loading class com/google/common/collect/ArrayListMultimap
Event: 21.100 loading class com/google/common/collect/ArrayListMultimap done


Dynamic libraries:
0x00007ff76ebf0000 - 0x00007ff76ec27000 	C:\Program Files\Java\jdk1.8.0_111\bin\java.exe
0x00007ff9f3f40000 - 0x00007ff9f4130000 	C:\WINDOWS\SYSTEM32\ntdll.dll
0x00007ff9f2a60000 - 0x00007ff9f2b12000 	C:\WINDOWS\System32\KERNEL32.DLL
0x00007ff9f0ed0000 - 0x00007ff9f1173000 	C:\WINDOWS\System32\KERNELBASE.dll
0x00007ff9f3170000 - 0x00007ff9f3213000 	C:\WINDOWS\System32\ADVAPI32.dll
0x00007ff9f3360000 - 0x00007ff9f33fe000 	C:\WINDOWS\System32\msvcrt.dll
0x00007ff9f3560000 - 0x00007ff9f35f7000 	C:\WINDOWS\System32\sechost.dll
0x00007ff9f2940000 - 0x00007ff9f2a60000 	C:\WINDOWS\System32\RPCRT4.dll
0x00007ff9f36d0000 - 0x00007ff9f3864000 	C:\WINDOWS\System32\USER32.dll
0x00007ff9f1b90000 - 0x00007ff9f1bb1000 	C:\WINDOWS\System32\win32u.dll
0x00007ff9f2f90000 - 0x00007ff9f2fb6000 	C:\WINDOWS\System32\GDI32.dll
0x00007ff9f19d0000 - 0x00007ff9f1b64000 	C:\WINDOWS\System32\gdi32full.dll
0x00007ff9f1f50000 - 0x00007ff9f1fee000 	C:\WINDOWS\System32\msvcp_win.dll
0x00007ff9f1e20000 - 0x00007ff9f1f1a000 	C:\WINDOWS\System32\ucrtbase.dll
0x00007ff9f02b0000 - 0x00007ff9f0535000 	C:\WINDOWS\WinSxS\amd64_microsoft.windows.common-controls_6595b64144ccf1df_6.0.18362.418_none_e6c6b287130d565d\COMCTL32.dll
0x00007ff9f38d0000 - 0x00007ff9f3c06000 	C:\WINDOWS\System32\combase.dll
0x00007ff9f11d0000 - 0x00007ff9f1250000 	C:\WINDOWS\System32\bcryptPrimitives.dll
0x00007ff9f3330000 - 0x00007ff9f335e000 	C:\WINDOWS\System32\IMM32.DLL
0x0000000060780000 - 0x0000000060852000 	C:\Program Files\Java\jdk1.8.0_111\jre\bin\msvcr100.dll
0x0000000062d50000 - 0x00000000635ea000 	C:\Program Files\Java\jdk1.8.0_111\jre\bin\server\jvm.dll
0x00007ff9f2930000 - 0x00007ff9f2938000 	C:\WINDOWS\System32\PSAPI.DLL
0x00007ff9e7cf0000 - 0x00007ff9e7d14000 	C:\WINDOWS\SYSTEM32\WINMM.dll
0x00007ff9e6d40000 - 0x00007ff9e6d4a000 	C:\WINDOWS\SYSTEM32\VERSION.dll
0x00007ff9ef370000 - 0x00007ff9ef379000 	C:\WINDOWS\SYSTEM32\WSOCK32.dll
0x00007ff9f3660000 - 0x00007ff9f36cf000 	C:\WINDOWS\System32\WS2_32.dll
0x00007ff9e7c90000 - 0x00007ff9e7cbd000 	C:\WINDOWS\SYSTEM32\WINMMBASE.dll
0x00007ff9f1180000 - 0x00007ff9f11ca000 	C:\WINDOWS\System32\cfgmgr32.dll
0x00000000654d0000 - 0x00000000654df000 	C:\Program Files\Java\jdk1.8.0_111\jre\bin\verify.dll
0x00000000654a0000 - 0x00000000654c9000 	C:\Program Files\Java\jdk1.8.0_111\jre\bin\java.dll
0x0000000065480000 - 0x0000000065496000 	C:\Program Files\Java\jdk1.8.0_111\jre\bin\zip.dll
0x00007ff9f2240000 - 0x00007ff9f2925000 	C:\WINDOWS\System32\SHELL32.dll
0x00007ff9f3e50000 - 0x00007ff9f3ef9000 	C:\WINDOWS\System32\shcore.dll
0x00007ff9f1250000 - 0x00007ff9f19cf000 	C:\WINDOWS\System32\windows.storage.dll
0x00007ff9f0e70000 - 0x00007ff9f0e8f000 	C:\WINDOWS\System32\profapi.dll
0x00007ff9f0e20000 - 0x00007ff9f0e6a000 	C:\WINDOWS\System32\powrprof.dll
0x00007ff9f0e10000 - 0x00007ff9f0e20000 	C:\WINDOWS\System32\UMPDC.dll
0x00007ff9f3870000 - 0x00007ff9f38c2000 	C:\WINDOWS\System32\shlwapi.dll
0x00007ff9f0eb0000 - 0x00007ff9f0ec1000 	C:\WINDOWS\System32\kernel.appcore.dll
0x00007ff9f1b70000 - 0x00007ff9f1b87000 	C:\WINDOWS\System32\cryptsp.dll
0x0000000065460000 - 0x000000006547a000 	C:\Program Files\Java\jdk1.8.0_111\jre\bin\net.dll
0x00007ff9f0000000 - 0x00007ff9f0067000 	C:\WINDOWS\system32\mswsock.dll
0x0000000065440000 - 0x0000000065451000 	C:\Program Files\Java\jdk1.8.0_111\jre\bin\nio.dll
0x00007ff9f06d0000 - 0x00007ff9f06e2000 	C:\Users\laxba\.gradle\native\19\windows-amd64\native-platform.dll
0x00007ff9efd10000 - 0x00007ff9efd4a000 	C:\WINDOWS\SYSTEM32\IPHLPAPI.DLL
0x00007ff9f3dd0000 - 0x00007ff9f3dd8000 	C:\WINDOWS\System32\NSI.dll
0x00007ff9e97e0000 - 0x00007ff9e97f6000 	C:\WINDOWS\SYSTEM32\dhcpcsvc6.DLL
0x00007ff9e97c0000 - 0x00007ff9e97dc000 	C:\WINDOWS\SYSTEM32\dhcpcsvc.DLL
0x00007ff9efd60000 - 0x00007ff9efe2a000 	C:\WINDOWS\SYSTEM32\DNSAPI.dll
0x00007ff9efb70000 - 0x00007ff9efba3000 	C:\WINDOWS\system32\rsaenh.dll
0x00007ff9f1f20000 - 0x00007ff9f1f46000 	C:\WINDOWS\System32\bcrypt.dll
0x00007ff9f0d00000 - 0x00007ff9f0d25000 	C:\WINDOWS\SYSTEM32\USERENV.dll
0x00007ff9f01f0000 - 0x00007ff9f01fc000 	C:\WINDOWS\SYSTEM32\CRYPTBASE.dll
0x0000000065430000 - 0x000000006543d000 	C:\Program Files\Java\jdk1.8.0_111\jre\bin\management.dll

VM Arguments:
jvm_args: -XX:MaxPermSize=256m -XX:+HeapDumpOnOutOfMemoryError -Xmx1024m -Dfile.encoding=windows-1252 -Duser.country=US -Duser.language=en -Duser.variant 
java_command: org.gradle.launcher.daemon.bootstrap.GradleDaemon 2.10
java_class_path (initial): D:\PhanMem\IDE\Android\Android Studio\gradle\gradle-2.10\lib\gradle-launcher-2.10.jar
Launcher Type: SUN_STANDARD

Environment Variables:
PATH=C:\ProgramData\Oracle\Java\javapath;C:\WINDOWS\system32;C:\WINDOWS;C:\WINDOWS\System32\Wbem;C:\WINDOWS\System32\WindowsPowerShell\v1.0\;C:\WINDOWS\System32\OpenSSH\;C:\Program Files (x86)\Microsoft SQL Server\100\Tools\Binn\;C:\Program Files\Microsoft SQL Server\100\Tools\Binn\;C:\Program Files\Microsoft SQL Server\100\DTS\Binn\;C:\Program Files (x86)\Microsoft SQL Server\100\Tools\Binn\VSShell\Common7\IDE\;C:\Program Files (x86)\Microsoft SQL Server\100\DTS\Binn\;C:\Program Files (x86)\Microsoft Visual Studio 9.0\Common7\IDE\PrivateAssemblies\;C:\Program Files (x86)\NVIDIA Corporation\PhysX\Common;C:\WINDOWS\system32;C:\WINDOWS;C:\WINDOWS\System32\Wbem;C:\WINDOWS\System32\WindowsPowerShell\v1.0\;C:\WINDOWS\System32\OpenSSH\;D:\Python\Python37\Scripts;D:\Python\Python37;C:\Program Files\TortoiseGit\bin;C:\Program Files\Git\cmd;C:\Program Files\Java\jdk1.8.0_111\bin;C:\Program Files\MySQL\MySQL Shell 8.0\bin\;C:\Program Files\Java\jdk1.8.0_111\bin;;C:\Users\laxba\AppData\Local\Programs\Microsoft VS Code\bin;C:\Program Files\JetBrains\IntelliJ IDEA 2019.2.3\bin;
USERNAME=laxba
OS=Windows_NT
PROCESSOR_IDENTIFIER=Intel64 Family 6 Model 61 Stepping 4, GenuineIntel



---------------  S Y S T E M  ---------------

OS: Windows 10.0 , 64 bit Build 18362 (10.0.18362.329)

CPU:total 4 (2 cores per cpu, 2 threads per core) family 6 model 61 stepping 4, cmov, cx8, fxsr, mmx, sse, sse2, sse3, ssse3, sse4.1, sse4.2, popcnt, avx, avx2, aes, clmul, erms, 3dnowpref, lzcnt, ht, tsc, tscinvbit, bmi1, bmi2, adx

Memory: 4k page, physical 8298368k(360796k free), swap 12492672k(5696k free)

vm_info: Java HotSpot(TM) 64-Bit Server VM (25.111-b14) for windows-amd64 JRE (1.8.0_111-b14), built on Sep 22 2016 19:24:05 by "java_re" with MS VC++ 10.0 (VS2010)

time: Mon Nov 25 21:06:02 2019
elapsed time: 21 seconds (0d 0h 0m 21s)

