#
# There is insufficient memory for the Java Runtime Environment to continue.
# Native memory allocation (malloc) failed to allocate 1048576 bytes for AllocateHeap
# Possible reasons:
#   The system is out of physical RAM or swap space
#   In 32 bit mode, the process size limit was hit
# Possible solutions:
#   Reduce memory load on the system
#   Increase physical memory or swap space
#   Check if swap backing store is full
#   Use 64 bit Java on a 64 bit OS
#   Decrease Java heap size (-Xmx/-Xms)
#   Decrease number of Java threads
#   Decrease Java thread stack sizes (-Xss)
#   Set larger code cache with -XX:ReservedCodeCacheSize=
# This output file may be truncated or incomplete.
#
#  Out of Memory Error (memory/allocation.inline.hpp:61), pid=11144, tid=0x0000000000002548
#
# JRE version:  (8.0_111-b14) (build )
# Java VM: Java HotSpot(TM) 64-Bit Server VM (25.111-b14 mixed mode windows-amd64 compressed oops)
# Failed to write core dump. Minidumps are not enabled by default on client versions of Windows
#

---------------  T H R E A D  ---------------

Current thread (0x00000000009bd800):  JavaThread "Unknown thread" [_thread_in_vm, id=9544, stack(0x00000000021c0000,0x00000000022c0000)]

Stack: [0x00000000021c0000,0x00000000022c0000]
[error occurred during error reporting (printing stack bounds), id 0xc0000005]

Native frames: (J=compiled Java code, j=interpreted, Vv=VM code, C=native code)


---------------  P R O C E S S  ---------------

Java Threads: ( => current thread )

Other Threads:

=>0x00000000009bd800 (exited) JavaThread "Unknown thread" [_thread_in_vm, id=9544, stack(0x00000000021c0000,0x00000000022c0000)]

VM state:not at safepoint (normal execution)

VM Mutex/Monitor currently owned by a thread: None

Heap:
 PSYoungGen      total 38400K, used 665K [0x00000000eab00000, 0x00000000ed580000, 0x0000000100000000)
  eden space 33280K, 2% used [0x00000000eab00000,0x00000000eaba6670,0x00000000ecb80000)
  from space 5120K, 0% used [0x00000000ed080000,0x00000000ed080000,0x00000000ed580000)
  to   space 5120K, 0% used [0x00000000ecb80000,0x00000000ecb80000,0x00000000ed080000)
 ParOldGen       total 87552K, used 0K [0x00000000c0000000, 0x00000000c5580000, 0x00000000eab00000)
  object space 87552K, 0% used [0x00000000c0000000,0x00000000c0000000,0x00000000c5580000)
 Metaspace       used 770K, capacity 4480K, committed 4480K, reserved 1056768K
  class space    used 75K, capacity 384K, committed 384K, reserved 1048576K

Card table byte_map: [0x0000000011780000,0x0000000011990000] byte_map_base: 0x0000000011180000

Marking Bits: (ParMarkBitMap*) 0x00000000620ba6c0
 Begin Bits: [0x0000000011ef0000, 0x0000000012ef0000)
 End Bits:   [0x0000000012ef0000, 0x0000000013ef0000)

Polling page: 0x00000000008f0000

CodeCache: size=245760Kb used=328Kb max_used=328Kb free=245431Kb
 bounds [0x00000000023c0000, 0x0000000002630000, 0x00000000113c0000]
 total_blobs=58 nmethods=0 adapters=38
 compilation: enabled

Compilation events (0 events):
No events

GC Heap History (0 events):
No events

Deoptimization events (0 events):
No events

Internal exceptions (0 events):
No events

Events (10 events):
Event: 0.560 loading class java/lang/Short
Event: 0.561 loading class java/lang/Short done
Event: 0.561 loading class java/lang/Integer
Event: 0.562 loading class java/lang/Integer done
Event: 0.562 loading class java/lang/Long
Event: 0.564 loading class java/lang/Long done
Event: 0.568 loading class java/lang/NullPointerException
Event: 0.568 loading class java/lang/NullPointerException done
Event: 0.568 loading class java/lang/ArithmeticException
Event: 0.568 loading class java/lang/ArithmeticException done


Dynamic libraries:
0x00007ff6310b0000 - 0x00007ff6310e7000 	C:\Program Files\Java\jdk1.8.0_111\bin\java.exe
0x00007fffa19a0000 - 0x00007fffa1b90000 	C:\WINDOWS\SYSTEM32\ntdll.dll
0x00007fff9fb80000 - 0x00007fff9fc32000 	C:\WINDOWS\System32\KERNEL32.DLL
0x00007fff9f6f0000 - 0x00007fff9f993000 	C:\WINDOWS\System32\KERNELBASE.dll
0x00007fff9fa60000 - 0x00007fff9fb03000 	C:\WINDOWS\System32\ADVAPI32.dll
0x00007fffa0be0000 - 0x00007fffa0c7e000 	C:\WINDOWS\System32\msvcrt.dll
0x00007fffa0cd0000 - 0x00007fffa0d67000 	C:\WINDOWS\System32\sechost.dll
0x00007fffa15a0000 - 0x00007fffa16c0000 	C:\WINDOWS\System32\RPCRT4.dll
0x00007fffa12c0000 - 0x00007fffa1454000 	C:\WINDOWS\System32\USER32.dll
0x00007fff9f0b0000 - 0x00007fff9f0d1000 	C:\WINDOWS\System32\win32u.dll
0x00007fffa0bb0000 - 0x00007fffa0bd6000 	C:\WINDOWS\System32\GDI32.dll
0x00007fff9f140000 - 0x00007fff9f2d4000 	C:\WINDOWS\System32\gdi32full.dll
0x00007fff9f500000 - 0x00007fff9f59e000 	C:\WINDOWS\System32\msvcp_win.dll
0x00007fff9f2e0000 - 0x00007fff9f3da000 	C:\WINDOWS\System32\ucrtbase.dll
0x00007fff939e0000 - 0x00007fff93c65000 	C:\WINDOWS\WinSxS\amd64_microsoft.windows.common-controls_6595b64144ccf1df_6.0.18362.418_none_e6c6b287130d565d\COMCTL32.dll
0x00007fff9fc40000 - 0x00007fff9ff76000 	C:\WINDOWS\System32\combase.dll
0x00007fff9f400000 - 0x00007fff9f480000 	C:\WINDOWS\System32\bcryptPrimitives.dll
0x00007fffa0ca0000 - 0x00007fffa0cce000 	C:\WINDOWS\System32\IMM32.DLL
0x0000000061330000 - 0x0000000061402000 	C:\Program Files\Java\jdk1.8.0_111\jre\bin\msvcr100.dll
0x00000000618a0000 - 0x000000006213a000 	C:\Program Files\Java\jdk1.8.0_111\jre\bin\server\jvm.dll
0x00007fff9fa50000 - 0x00007fff9fa58000 	C:\WINDOWS\System32\PSAPI.DLL
0x00007fff9d370000 - 0x00007fff9d379000 	C:\WINDOWS\SYSTEM32\WSOCK32.dll
0x00007fffa0b40000 - 0x00007fffa0baf000 	C:\WINDOWS\System32\WS2_32.dll
0x00007fff995e0000 - 0x00007fff99604000 	C:\WINDOWS\SYSTEM32\WINMM.dll
0x00007fff995d0000 - 0x00007fff995da000 	C:\WINDOWS\SYSTEM32\VERSION.dll
0x00007fff99430000 - 0x00007fff9945d000 	C:\WINDOWS\SYSTEM32\WINMMBASE.dll
0x00007fff9f480000 - 0x00007fff9f4ca000 	C:\WINDOWS\System32\cfgmgr32.dll
0x00000000624f0000 - 0x00000000624ff000 	C:\Program Files\Java\jdk1.8.0_111\jre\bin\verify.dll
0x0000000061790000 - 0x00000000617b9000 	C:\Program Files\Java\jdk1.8.0_111\jre\bin\java.dll
0x0000000061770000 - 0x0000000061786000 	C:\Program Files\Java\jdk1.8.0_111\jre\bin\zip.dll

VM Arguments:
jvm_args: -Djava.awt.headless=true -Xmx1024M -Dfile.encoding=windows-1252 -Duser.country=US -Duser.language=en -Duser.variant 
java_command: com.android.dx.command.Main --dex --force-jumbo --num-threads=4 --multi-dex --output C:\Users\laxba\AndroidStudioProjects\TestApp\app\build\intermediates\transforms\dex\debug\folders\1000\10\support-annotations-23.4.0_1adc11b9677f03a59f77645715efa0b7674c4aac C:\Users\laxba\AppData\Local\Android\Sdk\extras\android\m2repository\com\android\support\support-annotations\23.4.0\support-annotations-23.4.0.jar
java_class_path (initial): C:\Users\laxba\AppData\Local\Android\Sdk\build-tools\29.0.2\lib\dx.jar
Launcher Type: SUN_STANDARD

Environment Variables:
PATH=C:\ProgramData\Oracle\Java\javapath;C:\WINDOWS\system32;C:\WINDOWS;C:\WINDOWS\System32\Wbem;C:\WINDOWS\System32\WindowsPowerShell\v1.0\;C:\WINDOWS\System32\OpenSSH\;C:\Program Files (x86)\Microsoft SQL Server\100\Tools\Binn\;C:\Program Files\Microsoft SQL Server\100\Tools\Binn\;C:\Program Files\Microsoft SQL Server\100\DTS\Binn\;C:\Program Files (x86)\Microsoft SQL Server\100\Tools\Binn\VSShell\Common7\IDE\;C:\Program Files (x86)\Microsoft SQL Server\100\DTS\Binn\;C:\Program Files (x86)\Microsoft Visual Studio 9.0\Common7\IDE\PrivateAssemblies\;C:\Program Files (x86)\NVIDIA Corporation\PhysX\Common;C:\WINDOWS\system32;C:\WINDOWS;C:\WINDOWS\System32\Wbem;C:\WINDOWS\System32\WindowsPowerShell\v1.0\;C:\WINDOWS\System32\OpenSSH\;D:\Python\Python37\Scripts;D:\Python\Python37;C:\Program Files\TortoiseGit\bin;C:\Program Files\Git\cmd;C:\Program Files\Java\jdk1.8.0_111\bin;C:\Program Files\MySQL\MySQL Shell 8.0\bin\;C:\Program Files\Java\jdk1.8.0_111\bin;;C:\Users\laxba\AppData\Local\Programs\Microsoft VS Code\bin;C:\Program Files\JetBrains\IntelliJ IDEA 2019.2.3\bin;
USERNAME=laxba
OS=Windows_NT
PROCESSOR_IDENTIFIER=Intel64 Family 6 Model 61 Stepping 4, GenuineIntel



---------------  S Y S T E M  ---------------

OS: Windows 10.0 , 64 bit Build 18362 (10.0.18362.329)

CPU:total 4 (2 cores per cpu, 2 threads per core) family 6 model 61 stepping 4, cmov, cx8, fxsr, mmx, sse, sse2, sse3, ssse3, sse4.1, sse4.2, popcnt, avx, avx2, aes, clmul, erms, 3dnowpref, lzcnt, ht, tsc, tscinvbit, bmi1, bmi2, adx

Memory: 4k page, physical 8298368k(894132k free), swap 12492672k(4260k free)

vm_info: Java HotSpot(TM) 64-Bit Server VM (25.111-b14) for windows-amd64 JRE (1.8.0_111-b14), built on Sep 22 2016 19:24:05 by "java_re" with MS VC++ 10.0 (VS2010)

time: Wed Nov 13 22:39:38 2019
elapsed time: 0 seconds (0d 0h 0m 0s)

