#
# There is insufficient memory for the Java Runtime Environment to continue.
# Native memory allocation (malloc) failed to allocate 32744 bytes for ChunkPool::allocate
# Possible reasons:
#   The system is out of physical RAM or swap space
#   In 32 bit mode, the process size limit was hit
# Possible solutions:
#   Reduce memory load on the system
#   Increase physical memory or swap space
#   Check if swap backing store is full
#   Use 64 bit Java on a 64 bit OS
#   Decrease Java heap size (-Xmx/-Xms)
#   Decrease number of Java threads
#   Decrease Java thread stack sizes (-Xss)
#   Set larger code cache with -XX:ReservedCodeCacheSize=
# This output file may be truncated or incomplete.
#
#  Out of Memory Error (allocation.cpp:273), pid=11616, tid=0x00000000000010a8
#
# JRE version: Java(TM) SE Runtime Environment (8.0_111-b14) (build 1.8.0_111-b14)
# Java VM: Java HotSpot(TM) 64-Bit Server VM (25.111-b14 mixed mode windows-amd64 compressed oops)
# Failed to write core dump. Minidumps are not enabled by default on client versions of Windows
#

---------------  T H R E A D  ---------------

Current thread (0x000000001570f000):  JavaThread "C1 CompilerThread2" daemon [_thread_in_native, id=4264, stack(0x0000000016f60000,0x0000000017060000)]

Stack: [0x0000000016f60000,0x0000000017060000]
[error occurred during error reporting (printing stack bounds), id 0xc0000005]

Native frames: (J=compiled Java code, j=interpreted, Vv=VM code, C=native code)


Current CompileTask:
C1:   1345  642   !   3       com.android.dx.cf.code.BytecodeArray::parseInstruction (2796 bytes)


---------------  P R O C E S S  ---------------

Java Threads: ( => current thread )
  0x00000000172d4800 JavaThread "pool-2-thread-4" [_thread_in_Java, id=8556, stack(0x0000000018260000,0x0000000018360000)]
  0x00000000172d3800 JavaThread "pool-2-thread-3" [_thread_in_vm_trans, id=9820, stack(0x0000000018160000,0x0000000018260000)]
  0x00000000172d3000 JavaThread "pool-2-thread-2" [_thread_in_Java, id=9248, stack(0x0000000018060000,0x0000000018160000)]
  0x00000000172d2000 JavaThread "pool-3-thread-1" [_thread_blocked, id=9760, stack(0x0000000017f60000,0x0000000018060000)]
  0x00000000173d8800 JavaThread "pool-2-thread-1" [_thread_in_Java, id=13924, stack(0x0000000017e60000,0x0000000017f60000)]
  0x0000000017099000 JavaThread "Service Thread" daemon [_thread_blocked, id=4124, stack(0x0000000017460000,0x0000000017560000)]
=>0x000000001570f000 JavaThread "C1 CompilerThread2" daemon [_thread_in_native, id=4264, stack(0x0000000016f60000,0x0000000017060000)]
  0x0000000015700800 JavaThread "C2 CompilerThread1" daemon [_thread_in_native, id=10604, stack(0x0000000016e60000,0x0000000016f60000)]
  0x00000000156fd000 JavaThread "C2 CompilerThread0" daemon [_thread_in_native, id=12776, stack(0x0000000016d60000,0x0000000016e60000)]
  0x00000000156fb000 JavaThread "Attach Listener" daemon [_thread_blocked, id=14700, stack(0x0000000016c60000,0x0000000016d60000)]
  0x00000000156fa000 JavaThread "Signal Dispatcher" daemon [_thread_blocked, id=14908, stack(0x0000000016b60000,0x0000000016c60000)]
  0x00000000156ea000 JavaThread "Finalizer" daemon [_thread_blocked, id=8472, stack(0x0000000016960000,0x0000000016a60000)]
  0x00000000156c9000 JavaThread "Reference Handler" daemon [_thread_blocked, id=12968, stack(0x0000000016860000,0x0000000016960000)]
  0x000000000302d800 JavaThread "main" [_thread_in_Java, id=7756, stack(0x0000000002ca0000,0x0000000002da0000)]

Other Threads:
  0x00000000156c7800 VMThread [stack: 0x0000000016760000,0x0000000016860000] [id=3028]
  0x000000001709c000 WatcherThread [stack: 0x0000000017560000,0x0000000017660000] [id=14408]

VM state:not at safepoint (normal execution)

VM Mutex/Monitor currently owned by a thread: None

Heap:
 PSYoungGen      total 38400K, used 24720K [0x00000000eab00000, 0x00000000ed580000, 0x0000000100000000)
  eden space 33280K, 74% used [0x00000000eab00000,0x00000000ec3242a0,0x00000000ecb80000)
  from space 5120K, 0% used [0x00000000ed080000,0x00000000ed080000,0x00000000ed580000)
  to   space 5120K, 0% used [0x00000000ecb80000,0x00000000ecb80000,0x00000000ed080000)
 ParOldGen       total 87552K, used 0K [0x00000000c0000000, 0x00000000c5580000, 0x00000000eab00000)
  object space 87552K, 0% used [0x00000000c0000000,0x00000000c0000000,0x00000000c5580000)
 Metaspace       used 5964K, capacity 6808K, committed 7168K, reserved 1058816K
  class space    used 626K, capacity 656K, committed 768K, reserved 1048576K

Card table byte_map: [0x00000000123f0000,0x0000000012600000] byte_map_base: 0x0000000011df0000

Marking Bits: (ParMarkBitMap*) 0x00000000620ba6c0
 Begin Bits: [0x0000000012b60000, 0x0000000013b60000)
 End Bits:   [0x0000000013b60000, 0x0000000014b60000)

Polling page: 0x0000000001120000

CodeCache: size=245760Kb used=2405Kb max_used=2419Kb free=243354Kb
 bounds [0x0000000003030000, 0x00000000032a0000, 0x0000000012030000]
 total_blobs=914 nmethods=640 adapters=187
 compilation: enabled

Compilation events (10 events):
Event: 1.285 Thread 0x000000001570f000 nmethod 594 0x0000000003289850 code [0x00000000032899a0, 0x0000000003289ab0]
Event: 1.285 Thread 0x000000001570f000  642   !   3       com.android.dx.cf.code.BytecodeArray::parseInstruction (2796 bytes)
Event: 1.287 Thread 0x00000000156fd000  645       4       java.util.ArrayList$Itr::<init> (6 bytes)
Event: 1.287 Thread 0x0000000015700800  644       4       java.util.ArrayList$Itr::<init> (26 bytes)
Event: 1.288 Thread 0x00000000156fd000 nmethod 645 0x00000000032895d0 code [0x0000000003289700, 0x0000000003289798]
Event: 1.288 Thread 0x0000000015700800 nmethod 644 0x0000000003289350 code [0x0000000003289480, 0x0000000003289518]
Event: 1.288 Thread 0x00000000156fd000  657   !   4       com.android.dx.util.FixedSizeList::<init> (36 bytes)
Event: 1.290 Thread 0x00000000156fd000 nmethod 657 0x0000000003288fd0 code [0x0000000003289120, 0x0000000003289278]
Event: 1.290 Thread 0x0000000015700800  658       4       com.android.dx.rop.type.Type::hashCode (8 bytes)
Event: 1.291 Thread 0x00000000156fd000  659       4       com.android.dx.ssa.SsaBasicBlock::forEachInsn (37 bytes)

GC Heap History (0 events):
No events

Deoptimization events (0 events):
No events

Internal exceptions (2 events):
Event: 0.079 Thread 0x000000000302d800 Exception <a 'java/lang/NoSuchMethodError': Method sun.misc.Unsafe.defineClass(Ljava/lang/String;[BII)Ljava/lang/Class; name or signature does not match> (0x00000000eab07c78) thrown at [C:\re\workspace\8-2-build-windows-amd64-cygwin\jdk8u111\7883\hotspot\
Event: 0.079 Thread 0x000000000302d800 Exception <a 'java/lang/NoSuchMethodError': Method sun.misc.Unsafe.prefetchRead(Ljava/lang/Object;J)V name or signature does not match> (0x00000000eab07f60) thrown at [C:\re\workspace\8-2-build-windows-amd64-cygwin\jdk8u111\7883\hotspot\src\share\vm\prims

Events (10 events):
Event: 1.230 loading class com/android/dx/ssa/back/FirstFitLocalCombiningAllocator$Multiset
Event: 1.230 loading class com/android/dx/ssa/back/FirstFitLocalCombiningAllocator$Multiset done
Event: 1.238 Executing VM operation: CollectForMetadataAllocation
Event: 1.247 Executing VM operation: CollectForMetadataAllocation done
Event: 1.249 loading class com/android/dx/cf/code/BytecodeArray$ConstantParserVisitor
Event: 1.249 loading class com/android/dx/cf/code/BytecodeArray$ConstantParserVisitor done
Event: 1.285 loading class com/android/dx/cf/attrib/AttLocalVariableTypeTable
Event: 1.285 loading class com/android/dx/cf/attrib/AttLocalVariableTypeTable done
Event: 1.285 loading class java/util/ArrayList$1
Event: 1.285 loading class java/util/ArrayList$1 done


Dynamic libraries:
0x00007ff6310b0000 - 0x00007ff6310e7000 	C:\Program Files\Java\jdk1.8.0_111\bin\java.exe
0x00007fffa19a0000 - 0x00007fffa1b90000 	C:\WINDOWS\SYSTEM32\ntdll.dll
0x00007fff9fb80000 - 0x00007fff9fc32000 	C:\WINDOWS\System32\KERNEL32.DLL
0x00007fff9f6f0000 - 0x00007fff9f993000 	C:\WINDOWS\System32\KERNELBASE.dll
0x00007fff9fa60000 - 0x00007fff9fb03000 	C:\WINDOWS\System32\ADVAPI32.dll
0x00007fffa0be0000 - 0x00007fffa0c7e000 	C:\WINDOWS\System32\msvcrt.dll
0x00007fffa0cd0000 - 0x00007fffa0d67000 	C:\WINDOWS\System32\sechost.dll
0x00007fffa15a0000 - 0x00007fffa16c0000 	C:\WINDOWS\System32\RPCRT4.dll
0x00007fffa12c0000 - 0x00007fffa1454000 	C:\WINDOWS\System32\USER32.dll
0x00007fff9f0b0000 - 0x00007fff9f0d1000 	C:\WINDOWS\System32\win32u.dll
0x00007fffa0bb0000 - 0x00007fffa0bd6000 	C:\WINDOWS\System32\GDI32.dll
0x00007fff9f140000 - 0x00007fff9f2d4000 	C:\WINDOWS\System32\gdi32full.dll
0x00007fff9f500000 - 0x00007fff9f59e000 	C:\WINDOWS\System32\msvcp_win.dll
0x00007fff9f2e0000 - 0x00007fff9f3da000 	C:\WINDOWS\System32\ucrtbase.dll
0x00007fff939e0000 - 0x00007fff93c65000 	C:\WINDOWS\WinSxS\amd64_microsoft.windows.common-controls_6595b64144ccf1df_6.0.18362.418_none_e6c6b287130d565d\COMCTL32.dll
0x00007fff9fc40000 - 0x00007fff9ff76000 	C:\WINDOWS\System32\combase.dll
0x00007fff9f400000 - 0x00007fff9f480000 	C:\WINDOWS\System32\bcryptPrimitives.dll
0x00007fffa0ca0000 - 0x00007fffa0cce000 	C:\WINDOWS\System32\IMM32.DLL
0x0000000061330000 - 0x0000000061402000 	C:\Program Files\Java\jdk1.8.0_111\jre\bin\msvcr100.dll
0x00000000618a0000 - 0x000000006213a000 	C:\Program Files\Java\jdk1.8.0_111\jre\bin\server\jvm.dll
0x00007fff9fa50000 - 0x00007fff9fa58000 	C:\WINDOWS\System32\PSAPI.DLL
0x00007fff9d370000 - 0x00007fff9d379000 	C:\WINDOWS\SYSTEM32\WSOCK32.dll
0x00007fffa0b40000 - 0x00007fffa0baf000 	C:\WINDOWS\System32\WS2_32.dll
0x00007fff995e0000 - 0x00007fff99604000 	C:\WINDOWS\SYSTEM32\WINMM.dll
0x00007fff995d0000 - 0x00007fff995da000 	C:\WINDOWS\SYSTEM32\VERSION.dll
0x00007fff99430000 - 0x00007fff9945d000 	C:\WINDOWS\SYSTEM32\WINMMBASE.dll
0x00007fff9f480000 - 0x00007fff9f4ca000 	C:\WINDOWS\System32\cfgmgr32.dll
0x00000000624f0000 - 0x00000000624ff000 	C:\Program Files\Java\jdk1.8.0_111\jre\bin\verify.dll
0x0000000061790000 - 0x00000000617b9000 	C:\Program Files\Java\jdk1.8.0_111\jre\bin\java.dll
0x0000000061770000 - 0x0000000061786000 	C:\Program Files\Java\jdk1.8.0_111\jre\bin\zip.dll
0x00007fff9ffe0000 - 0x00007fffa06c5000 	C:\WINDOWS\System32\SHELL32.dll
0x00007fffa1460000 - 0x00007fffa1509000 	C:\WINDOWS\System32\shcore.dll
0x00007fff9e930000 - 0x00007fff9f0af000 	C:\WINDOWS\System32\windows.storage.dll
0x00007fff9e910000 - 0x00007fff9e92f000 	C:\WINDOWS\System32\profapi.dll
0x00007fff9e880000 - 0x00007fff9e8ca000 	C:\WINDOWS\System32\powrprof.dll
0x00007fff9e870000 - 0x00007fff9e880000 	C:\WINDOWS\System32\UMPDC.dll
0x00007fff9ff80000 - 0x00007fff9ffd2000 	C:\WINDOWS\System32\shlwapi.dll
0x00007fff9e8d0000 - 0x00007fff9e8e1000 	C:\WINDOWS\System32\kernel.appcore.dll
0x00007fff9f3e0000 - 0x00007fff9f3f7000 	C:\WINDOWS\System32\cryptsp.dll

VM Arguments:
jvm_args: -Djava.awt.headless=true -Xmx1024M -Dfile.encoding=windows-1252 -Duser.country=US -Duser.language=en -Duser.variant 
java_command: com.android.dx.command.Main --dex --force-jumbo --num-threads=4 --multi-dex --output C:\Users\laxba\AndroidStudioProjects\TestApp\app\build\intermediates\transforms\dex\debug\folders\1000\10\internal_impl-23.4.0_c0c1ae40fc780afb6aade8936127b09b4855f135 C:\Users\laxba\AndroidStudioProjects\TestApp\app\build\intermediates\exploded-aar\com.android.support\support-v4\23.4.0\jars\libs\internal_impl-23.4.0.jar
java_class_path (initial): C:\Users\laxba\AppData\Local\Android\Sdk\build-tools\29.0.2\lib\dx.jar
Launcher Type: SUN_STANDARD

Environment Variables:
PATH=C:\ProgramData\Oracle\Java\javapath;C:\WINDOWS\system32;C:\WINDOWS;C:\WINDOWS\System32\Wbem;C:\WINDOWS\System32\WindowsPowerShell\v1.0\;C:\WINDOWS\System32\OpenSSH\;C:\Program Files (x86)\Microsoft SQL Server\100\Tools\Binn\;C:\Program Files\Microsoft SQL Server\100\Tools\Binn\;C:\Program Files\Microsoft SQL Server\100\DTS\Binn\;C:\Program Files (x86)\Microsoft SQL Server\100\Tools\Binn\VSShell\Common7\IDE\;C:\Program Files (x86)\Microsoft SQL Server\100\DTS\Binn\;C:\Program Files (x86)\Microsoft Visual Studio 9.0\Common7\IDE\PrivateAssemblies\;C:\Program Files (x86)\NVIDIA Corporation\PhysX\Common;C:\WINDOWS\system32;C:\WINDOWS;C:\WINDOWS\System32\Wbem;C:\WINDOWS\System32\WindowsPowerShell\v1.0\;C:\WINDOWS\System32\OpenSSH\;D:\Python\Python37\Scripts;D:\Python\Python37;C:\Program Files\TortoiseGit\bin;C:\Program Files\Git\cmd;C:\Program Files\Java\jdk1.8.0_111\bin;C:\Program Files\MySQL\MySQL Shell 8.0\bin\;C:\Program Files\Java\jdk1.8.0_111\bin;;C:\Users\laxba\AppData\Local\Programs\Microsoft VS Code\bin;C:\Program Files\JetBrains\IntelliJ IDEA 2019.2.3\bin;
USERNAME=laxba
OS=Windows_NT
PROCESSOR_IDENTIFIER=Intel64 Family 6 Model 61 Stepping 4, GenuineIntel



---------------  S Y S T E M  ---------------

OS: Windows 10.0 , 64 bit Build 18362 (10.0.18362.329)

CPU:total 4 (2 cores per cpu, 2 threads per core) family 6 model 61 stepping 4, cmov, cx8, fxsr, mmx, sse, sse2, sse3, ssse3, sse4.1, sse4.2, popcnt, avx, avx2, aes, clmul, erms, 3dnowpref, lzcnt, ht, tsc, tscinvbit, bmi1, bmi2, adx

Memory: 4k page, physical 8298368k(820076k free), swap 12492672k(2500k free)

vm_info: Java HotSpot(TM) 64-Bit Server VM (25.111-b14) for windows-amd64 JRE (1.8.0_111-b14), built on Sep 22 2016 19:24:05 by "java_re" with MS VC++ 10.0 (VS2010)

time: Wed Nov 13 22:39:28 2019
elapsed time: 1 seconds (0d 0h 0m 1s)

