#
# A fatal error has been detected by the Java Runtime Environment:
#
#  Internal Error (0xc06d007e), pid=15124, tid=0x0000000000003934
#
# JRE version:  (8.0_111-b14) (build )
# Java VM: Java HotSpot(TM) 64-Bit Server VM (25.111-b14 mixed mode windows-amd64 compressed oops)
# Problematic frame:
# C  [KERNELBASE.dll+0x3a839]
#
# Failed to write core dump. Minidumps are not enabled by default on client versions of Windows
#
# If you would like to submit a bug report, please visit:
#   http://bugreport.java.com/bugreport/crash.jsp
# The crash happened outside the Java Virtual Machine in native code.
# See problematic frame for where to report the bug.
#

---------------  T H R E A D  ---------------

Current thread (0x000000000272d800):  JavaThread "main" [_thread_in_native, id=14644, stack(0x0000000002730000,0x0000000002830000)]

siginfo: ExceptionCode=0xc06d007e, ExceptionInformation=0x000000000282ea70 

Registers:
RAX=0x0000000000000007, RBX=0x0000000000000000, RCX=0x000000000000000e, RDX=0x0000000000000000
RSP=0x000000000282e970, RBP=0x000000000282eac8, RSI=0x00000000617ad8bc, RDI=0x0000000000000000
R8 =0x0000000000000000, R9 =0x002e007300770001, R10=0x0072006f00000007, R11=0x0000000000a46fc0
R12=0x0000000000000001, R13=0x00000000617b5780, R14=0x00000000617b5510, R15=0x00000000617ad948
RIP=0x00007fff9f72a839, EFLAGS=0x0000000000000206

Top of Stack: (sp=0x000000000282e970)
0x000000000282e970:   00000000617b5780 0000000000000000
0x000000000282e980:   00000000617ad8bc 0000000000000000
0x000000000282e990:   00000000c06d007e 0000000000000000
0x000000000282e9a0:   00007fff9f72a839 00007fff00000001
0x000000000282e9b0:   000000000282ea70 00000000617ad8bc
0x000000000282e9c0:   0000000000000000 0000000000000000
0x000000000282e9d0:   0000000000000000 00007fff9f74c680
0x000000000282e9e0:   0000000000000000 00000000617ad8bc
0x000000000282e9f0:   00003fd51544472c 0000000000000000
0x000000000282ea00:   0000000000000000 0000000000000000
0x000000000282ea10:   00000000617acb60 00007fff9f74bc3f
0x000000000282ea20:   0000000000000000 0000000061384e7e
0x000000000282ea30:   000072e95e84c224 0000000061355695
0x000000000282ea40:   0000000000000000 00000000617a8a07
0x000000000282ea50:   0000000000000000 00000000617ad8bc
0x000000000282ea60:   0000000000000001 00000000613838a8 

Instructions: (pc=0x00007fff9f72a839)
0x00007fff9f72a819:   8b d1 44 0f 47 c0 44 89 44 24 38 49 c1 e0 03 e8
0x00007fff9f72a829:   7a 4c 05 00 48 8d 4c 24 20 48 ff 15 8f bf 16 00
0x00007fff9f72a839:   0f 1f 44 00 00 48 8b 8c 24 c0 00 00 00 48 33 cc
0x00007fff9f72a849:   e8 92 ee 04 00 48 81 c4 d8 00 00 00 c3 83 64 24 


Register to memory mapping:

RAX=0x0000000000000007 is an unknown value
RBX=0x0000000000000000 is an unknown value
RCX=0x000000000000000e is an unknown value
RDX=0x0000000000000000 is an unknown value
RSP=0x000000000282e970 is pointing into the stack for thread: 0x000000000272d800
RBP=0x000000000282eac8 is pointing into the stack for thread: 0x000000000272d800
RSI=0x00000000617ad8bc is an unknown value
RDI=0x0000000000000000 is an unknown value
R8 =0x0000000000000000 is an unknown value
R9 =0x002e007300770001 is an unknown value
R10=0x0072006f00000007 is an unknown value
R11=0x0000000000a46fc0 is an unknown value
R12=0x0000000000000001 is an unknown value
R13=0x00000000617b5780 is an unknown value
R14=0x00000000617b5510 is an unknown value
R15=0x00000000617ad948 is an unknown value


Stack: [0x0000000002730000,0x0000000002830000],  sp=0x000000000282e970,  free space=1018k
Native frames: (J=compiled Java code, j=interpreted, Vv=VM code, C=native code)
C  [KERNELBASE.dll+0x3a839]
C  [java.dll+0x18a07]
C  [java.dll+0x18833]
C  [java.dll+0xd256]
C  [java.dll+0xd98c]
C  [java.dll+0x66d8]
C  0x0000000002947f74

Java frames: (J=compiled Java code, j=interpreted, Vv=VM code)
j  java.lang.System.initProperties(Ljava/util/Properties;)Ljava/util/Properties;+0
j  java.lang.System.initializeSystemClass()V+13
v  ~StubRoutines::call_stub

---------------  P R O C E S S  ---------------

Java Threads: ( => current thread )
  0x0000000014fea800 JavaThread "Finalizer" daemon [_thread_blocked, id=4056, stack(0x0000000016650000,0x0000000016750000)]
  0x0000000014fc9000 JavaThread "Reference Handler" daemon [_thread_blocked, id=8300, stack(0x0000000016550000,0x0000000016650000)]
=>0x000000000272d800 JavaThread "main" [_thread_in_native, id=14644, stack(0x0000000002730000,0x0000000002830000)]

Other Threads:
  0x0000000014fc7800 VMThread [stack: 0x0000000016050000,0x0000000016150000] [id=8288]

VM state:not at safepoint (normal execution)

VM Mutex/Monitor currently owned by a thread: None

Heap:
 PSYoungGen      total 38400K, used 665K [0x00000000eab00000, 0x00000000ed580000, 0x0000000100000000)
  eden space 33280K, 2% used [0x00000000eab00000,0x00000000eaba6670,0x00000000ecb80000)
  from space 5120K, 0% used [0x00000000ed080000,0x00000000ed080000,0x00000000ed580000)
  to   space 5120K, 0% used [0x00000000ecb80000,0x00000000ecb80000,0x00000000ed080000)
 ParOldGen       total 87552K, used 0K [0x00000000c0000000, 0x00000000c5580000, 0x00000000eab00000)
  object space 87552K, 0% used [0x00000000c0000000,0x00000000c0000000,0x00000000c5580000)
 Metaspace       used 1097K, capacity 4480K, committed 4480K, reserved 1056768K
  class space    used 116K, capacity 384K, committed 384K, reserved 1048576K

Card table byte_map: [0x0000000011cf0000,0x0000000011f00000] byte_map_base: 0x00000000116f0000

Marking Bits: (ParMarkBitMap*) 0x00000000620ba6c0
 Begin Bits: [0x0000000012460000, 0x0000000013460000)
 End Bits:   [0x0000000013460000, 0x0000000014460000)

Polling page: 0x0000000000d60000

CodeCache: size=245760Kb used=405Kb max_used=405Kb free=245354Kb
 bounds [0x0000000002930000, 0x0000000002ba0000, 0x0000000011930000]
 total_blobs=103 nmethods=0 adapters=77
 compilation: enabled

Compilation events (0 events):
No events

GC Heap History (0 events):
No events

Deoptimization events (0 events):
No events

Internal exceptions (2 events):
Event: 0.926 Thread 0x000000000272d800 Exception <a 'java/lang/NoSuchMethodError': Method sun.misc.Unsafe.defineClass(Ljava/lang/String;[BII)Ljava/lang/Class; name or signature does not match> (0x00000000eab07c78) thrown at [C:\re\workspace\8-2-build-windows-amd64-cygwin\jdk8u111\7883\hotspot\
Event: 0.927 Thread 0x000000000272d800 Exception <a 'java/lang/NoSuchMethodError': Method sun.misc.Unsafe.prefetchRead(Ljava/lang/Object;J)V name or signature does not match> (0x00000000eab07f60) thrown at [C:\re\workspace\8-2-build-windows-amd64-cygwin\jdk8u111\7883\hotspot\src\share\vm\prims

Events (10 events):
Event: 0.928 loading class java/util/HashMap$Node done
Event: 0.928 loading class sun/misc/VM
Event: 0.928 loading class sun/misc/VM done
Event: 0.928 loading class java/util/Hashtable$Entry
Event: 0.928 loading class java/util/Hashtable$Entry done
Event: 0.929 loading class java/lang/Math
Event: 0.929 loading class java/lang/Math done
Event: 0.931 loading class java/lang/ref/Finalizer$FinalizerThread
Event: 0.931 loading class java/lang/ref/Finalizer$FinalizerThread done
Event: 0.932 Thread 0x0000000014fea800 Thread added: 0x0000000014fea800


Dynamic libraries:
0x00007ff6310b0000 - 0x00007ff6310e7000 	C:\Program Files\Java\jdk1.8.0_111\bin\java.exe
0x00007fffa19a0000 - 0x00007fffa1b90000 	C:\WINDOWS\SYSTEM32\ntdll.dll
0x00007fff9fb80000 - 0x00007fff9fc32000 	C:\WINDOWS\System32\KERNEL32.DLL
0x00007fff9f6f0000 - 0x00007fff9f993000 	C:\WINDOWS\System32\KERNELBASE.dll
0x00007fff9fa60000 - 0x00007fff9fb03000 	C:\WINDOWS\System32\ADVAPI32.dll
0x00007fffa0be0000 - 0x00007fffa0c7e000 	C:\WINDOWS\System32\msvcrt.dll
0x00007fffa0cd0000 - 0x00007fffa0d67000 	C:\WINDOWS\System32\sechost.dll
0x00007fffa15a0000 - 0x00007fffa16c0000 	C:\WINDOWS\System32\RPCRT4.dll
0x00007fffa12c0000 - 0x00007fffa1454000 	C:\WINDOWS\System32\USER32.dll
0x00007fff9f0b0000 - 0x00007fff9f0d1000 	C:\WINDOWS\System32\win32u.dll
0x00007fffa0bb0000 - 0x00007fffa0bd6000 	C:\WINDOWS\System32\GDI32.dll
0x00007fff9f140000 - 0x00007fff9f2d4000 	C:\WINDOWS\System32\gdi32full.dll
0x00007fff9f500000 - 0x00007fff9f59e000 	C:\WINDOWS\System32\msvcp_win.dll
0x00007fff9f2e0000 - 0x00007fff9f3da000 	C:\WINDOWS\System32\ucrtbase.dll
0x00007fff939e0000 - 0x00007fff93c65000 	C:\WINDOWS\WinSxS\amd64_microsoft.windows.common-controls_6595b64144ccf1df_6.0.18362.418_none_e6c6b287130d565d\COMCTL32.dll
0x00007fff9fc40000 - 0x00007fff9ff76000 	C:\WINDOWS\System32\combase.dll
0x00007fff9f400000 - 0x00007fff9f480000 	C:\WINDOWS\System32\bcryptPrimitives.dll
0x00007fffa0ca0000 - 0x00007fffa0cce000 	C:\WINDOWS\System32\IMM32.DLL
0x0000000061330000 - 0x0000000061402000 	C:\Program Files\Java\jdk1.8.0_111\jre\bin\msvcr100.dll
0x00000000618a0000 - 0x000000006213a000 	C:\Program Files\Java\jdk1.8.0_111\jre\bin\server\jvm.dll
0x00007fff9fa50000 - 0x00007fff9fa58000 	C:\WINDOWS\System32\PSAPI.DLL
0x00007fff9d370000 - 0x00007fff9d379000 	C:\WINDOWS\SYSTEM32\WSOCK32.dll
0x00007fff995e0000 - 0x00007fff99604000 	C:\WINDOWS\SYSTEM32\WINMM.dll
0x00007fffa0b40000 - 0x00007fffa0baf000 	C:\WINDOWS\System32\WS2_32.dll
0x00007fff995d0000 - 0x00007fff995da000 	C:\WINDOWS\SYSTEM32\VERSION.dll
0x00007fff99430000 - 0x00007fff9945d000 	C:\WINDOWS\SYSTEM32\WINMMBASE.dll
0x00007fff9f480000 - 0x00007fff9f4ca000 	C:\WINDOWS\System32\cfgmgr32.dll
0x00000000624f0000 - 0x00000000624ff000 	C:\Program Files\Java\jdk1.8.0_111\jre\bin\verify.dll
0x0000000061790000 - 0x00000000617b9000 	C:\Program Files\Java\jdk1.8.0_111\jre\bin\java.dll
0x0000000061770000 - 0x0000000061786000 	C:\Program Files\Java\jdk1.8.0_111\jre\bin\zip.dll
0x00007fff9d150000 - 0x00007fff9d344000 	C:\WINDOWS\SYSTEM32\dbghelp.dll

VM Arguments:
jvm_args: -Djava.awt.headless=true -Xmx1024M -Dfile.encoding=windows-1252 -Duser.country=US -Duser.language=en -Duser.variant 
java_command: com.android.dx.command.Main --dex --force-jumbo --num-threads=4 --multi-dex --output C:\Users\laxba\AndroidStudioProjects\TestApp\app\build\intermediates\transforms\dex\debug\folders\1000\10\jsoup-1.10.3_7357fd0d6f908dabc3d7f5eca6dff44e9aa601cd C:\Users\laxba\.gradle\caches\modules-2\files-2.1\org.jsoup\jsoup\1.10.3\b842f960942503cf1abbcc8c173a7f2c19d43726\jsoup-1.10.3.jar
java_class_path (initial): C:\Users\laxba\AppData\Local\Android\Sdk\build-tools\29.0.2\lib\dx.jar
Launcher Type: SUN_STANDARD

Environment Variables:
PATH=C:\ProgramData\Oracle\Java\javapath;C:\WINDOWS\system32;C:\WINDOWS;C:\WINDOWS\System32\Wbem;C:\WINDOWS\System32\WindowsPowerShell\v1.0\;C:\WINDOWS\System32\OpenSSH\;C:\Program Files (x86)\Microsoft SQL Server\100\Tools\Binn\;C:\Program Files\Microsoft SQL Server\100\Tools\Binn\;C:\Program Files\Microsoft SQL Server\100\DTS\Binn\;C:\Program Files (x86)\Microsoft SQL Server\100\Tools\Binn\VSShell\Common7\IDE\;C:\Program Files (x86)\Microsoft SQL Server\100\DTS\Binn\;C:\Program Files (x86)\Microsoft Visual Studio 9.0\Common7\IDE\PrivateAssemblies\;C:\Program Files (x86)\NVIDIA Corporation\PhysX\Common;C:\WINDOWS\system32;C:\WINDOWS;C:\WINDOWS\System32\Wbem;C:\WINDOWS\System32\WindowsPowerShell\v1.0\;C:\WINDOWS\System32\OpenSSH\;D:\Python\Python37\Scripts;D:\Python\Python37;C:\Program Files\TortoiseGit\bin;C:\Program Files\Git\cmd;C:\Program Files\Java\jdk1.8.0_111\bin;C:\Program Files\MySQL\MySQL Shell 8.0\bin\;C:\Program Files\Java\jdk1.8.0_111\bin;;C:\Users\laxba\AppData\Local\Programs\Microsoft VS Code\bin;C:\Program Files\JetBrains\IntelliJ IDEA 2019.2.3\bin;
USERNAME=laxba
OS=Windows_NT
PROCESSOR_IDENTIFIER=Intel64 Family 6 Model 61 Stepping 4, GenuineIntel



---------------  S Y S T E M  ---------------

OS: Windows 10.0 , 64 bit Build 18362 (10.0.18362.329)

CPU:total 4 (2 cores per cpu, 2 threads per core) family 6 model 61 stepping 4, cmov, cx8, fxsr, mmx, sse, sse2, sse3, ssse3, sse4.1, sse4.2, popcnt, avx, avx2, aes, clmul, erms, 3dnowpref, lzcnt, ht, tsc, tscinvbit, bmi1, bmi2, adx

Memory: 4k page, physical 8298368k(886296k free), swap 12492672k(1272k free)

vm_info: Java HotSpot(TM) 64-Bit Server VM (25.111-b14) for windows-amd64 JRE (1.8.0_111-b14), built on Sep 22 2016 19:24:05 by "java_re" with MS VC++ 10.0 (VS2010)

time: Wed Nov 13 22:39:38 2019
elapsed time: 1 seconds (0d 0h 0m 1s)

