#
# There is insufficient memory for the Java Runtime Environment to continue.
# Native memory allocation (malloc) failed to allocate 501136 bytes for Chunk::new
# Possible reasons:
#   The system is out of physical RAM or swap space
#   In 32 bit mode, the process size limit was hit
# Possible solutions:
#   Reduce memory load on the system
#   Increase physical memory or swap space
#   Check if swap backing store is full
#   Use 64 bit Java on a 64 bit OS
#   Decrease Java heap size (-Xmx/-Xms)
#   Decrease number of Java threads
#   Decrease Java thread stack sizes (-Xss)
#   Set larger code cache with -XX:ReservedCodeCacheSize=
# This output file may be truncated or incomplete.
#
#  Out of Memory Error (allocation.cpp:390), pid=11004, tid=0x00000000000034dc
#
# JRE version: Java(TM) SE Runtime Environment (8.0_111-b14) (build 1.8.0_111-b14)
# Java VM: Java HotSpot(TM) 64-Bit Server VM (25.111-b14 mixed mode windows-amd64 compressed oops)
# Failed to write core dump. Minidumps are not enabled by default on client versions of Windows
#

---------------  T H R E A D  ---------------

Current thread (0x0000000015606800):  JavaThread "C2 CompilerThread1" daemon [_thread_in_native, id=13532, stack(0x0000000016d10000,0x0000000016e10000)]

Stack: [0x0000000016d10000,0x0000000016e10000]
[error occurred during error reporting (printing stack bounds), id 0xc0000005]

Native frames: (J=compiled Java code, j=interpreted, Vv=VM code, C=native code)


Current CompileTask:
C2:   2385 1313       4       com.android.dx.ssa.SCCP::simulateStmt (481 bytes)


---------------  P R O C E S S  ---------------

Java Threads: ( => current thread )
  0x00000000170f2000 JavaThread "pool-2-thread-4" [_thread_blocked, id=1484, stack(0x0000000017910000,0x0000000017a10000)]
  0x00000000170f1000 JavaThread "pool-2-thread-3" [_thread_blocked, id=18404, stack(0x0000000017810000,0x0000000017910000)]
  0x00000000170f0000 JavaThread "pool-2-thread-2" [_thread_in_Java, id=17172, stack(0x0000000017710000,0x0000000017810000)]
  0x00000000170ef800 JavaThread "pool-3-thread-1" [_thread_blocked, id=12848, stack(0x0000000017610000,0x0000000017710000)]
  0x00000000170ec800 JavaThread "pool-2-thread-1" [_thread_blocked, id=7496, stack(0x0000000017510000,0x0000000017610000)]
  0x0000000016e16000 JavaThread "Service Thread" daemon [_thread_blocked, id=17612, stack(0x0000000017310000,0x0000000017410000)]
  0x0000000016e10800 JavaThread "C1 CompilerThread2" daemon [_thread_in_native, id=16964, stack(0x0000000017210000,0x0000000017310000)]
=>0x0000000015606800 JavaThread "C2 CompilerThread1" daemon [_thread_in_native, id=13532, stack(0x0000000016d10000,0x0000000016e10000)]
  0x00000000155ab800 JavaThread "C2 CompilerThread0" daemon [_thread_in_native, id=15976, stack(0x0000000016c10000,0x0000000016d10000)]
  0x00000000155a9800 JavaThread "Attach Listener" daemon [_thread_blocked, id=9452, stack(0x0000000016b10000,0x0000000016c10000)]
  0x00000000155a8000 JavaThread "Signal Dispatcher" daemon [_thread_blocked, id=16380, stack(0x0000000016a10000,0x0000000016b10000)]
  0x000000001559a800 JavaThread "Finalizer" daemon [_thread_blocked, id=1716, stack(0x0000000016810000,0x0000000016910000)]
  0x0000000015579000 JavaThread "Reference Handler" daemon [_thread_blocked, id=11580, stack(0x0000000016710000,0x0000000016810000)]
  0x000000000126d800 JavaThread "main" [_thread_in_Java, id=17600, stack(0x0000000002af0000,0x0000000002bf0000)]

Other Threads:
  0x0000000015577800 VMThread [stack: 0x0000000016610000,0x0000000016710000] [id=17792]
  0x0000000016e2a000 WatcherThread [stack: 0x0000000017410000,0x0000000017510000] [id=5768]

VM state:not at safepoint (normal execution)

VM Mutex/Monitor currently owned by a thread: None

Heap:
 PSYoungGen      total 38400K, used 20266K [0x00000000eab00000, 0x00000000ef600000, 0x0000000100000000)
  eden space 33280K, 45% used [0x00000000eab00000,0x00000000eb9cf350,0x00000000ecb80000)
  from space 5120K, 99% used [0x00000000ecb80000,0x00000000ed07b770,0x00000000ed080000)
  to   space 5120K, 0% used [0x00000000ef100000,0x00000000ef100000,0x00000000ef600000)
 ParOldGen       total 87552K, used 504K [0x00000000c0000000, 0x00000000c5580000, 0x00000000eab00000)
  object space 87552K, 0% used [0x00000000c0000000,0x00000000c007e0e8,0x00000000c5580000)
 Metaspace       used 6348K, capacity 7128K, committed 7424K, reserved 1056768K
  class space    used 633K, capacity 656K, committed 768K, reserved 1048576K

Card table byte_map: [0x00000000122a0000,0x00000000124b0000] byte_map_base: 0x0000000011ca0000

Marking Bits: (ParMarkBitMap*) 0x00000000620ba6c0
 Begin Bits: [0x0000000012a10000, 0x0000000013a10000)
 End Bits:   [0x0000000013a10000, 0x0000000014a10000)

Polling page: 0x0000000001250000

CodeCache: size=245760Kb used=5515Kb max_used=5515Kb free=240245Kb
 bounds [0x0000000002ee0000, 0x0000000003450000, 0x0000000011ee0000]
 total_blobs=1628 nmethods=1354 adapters=187
 compilation: enabled

Compilation events (10 events):
Event: 2.320 Thread 0x0000000016e10800 nmethod 1331 0x000000000342dd10 code [0x000000000342dee0, 0x000000000342e8e8]
Event: 2.321 Thread 0x0000000016e10800 1332       3       com.android.dx.ssa.Dominators::make (17 bytes)
Event: 2.322 Thread 0x0000000016e10800 nmethod 1332 0x000000000341b710 code [0x000000000341b880, 0x000000000341ba98]
Event: 2.323 Thread 0x00000000155ab800 1333       4       com.android.dx.ssa.SsaRenamer$BlockRenamer::processResultReg (56 bytes)
Event: 2.339 Thread 0x00000000155ab800 nmethod 1333 0x0000000003432150 code [0x00000000034322e0, 0x0000000003432b08]
Event: 2.339 Thread 0x0000000016e10800 1334       3       com.android.dx.ssa.Optimizer::runSsaFormSteps (117 bytes)
Event: 2.341 Thread 0x0000000016e10800 nmethod 1334 0x000000000342f710 code [0x000000000342fac0, 0x0000000003431458]
Event: 2.341 Thread 0x0000000016e10800 1335       3       com.android.dx.ssa.MoveParamCombiner$1::<init> (20 bytes)
Event: 2.341 Thread 0x00000000155ab800 1336       4       com.android.dx.ssa.SCCP::simulateBranch (666 bytes)
Event: 2.341 Thread 0x0000000016e10800 nmethod 1335 0x000000000341b310 code [0x000000000341b460, 0x000000000341b650]

GC Heap History (2 events):
Event: 1.564 GC heap before
{Heap before GC invocations=1 (full 0):
 PSYoungGen      total 38400K, used 33280K [0x00000000eab00000, 0x00000000ed580000, 0x0000000100000000)
  eden space 33280K, 100% used [0x00000000eab00000,0x00000000ecb80000,0x00000000ecb80000)
  from space 5120K, 0% used [0x00000000ed080000,0x00000000ed080000,0x00000000ed580000)
  to   space 5120K, 0% used [0x00000000ecb80000,0x00000000ecb80000,0x00000000ed080000)
 ParOldGen       total 87552K, used 0K [0x00000000c0000000, 0x00000000c5580000, 0x00000000eab00000)
  object space 87552K, 0% used [0x00000000c0000000,0x00000000c0000000,0x00000000c5580000)
 Metaspace       used 6091K, capacity 6872K, committed 7168K, reserved 1056768K
  class space    used 631K, capacity 656K, committed 768K, reserved 1048576K
Event: 1.709 GC heap after
Heap after GC invocations=1 (full 0):
 PSYoungGen      total 38400K, used 5101K [0x00000000eab00000, 0x00000000ef600000, 0x0000000100000000)
  eden space 33280K, 0% used [0x00000000eab00000,0x00000000eab00000,0x00000000ecb80000)
  from space 5120K, 99% used [0x00000000ecb80000,0x00000000ed07b770,0x00000000ed080000)
  to   space 5120K, 0% used [0x00000000ef100000,0x00000000ef100000,0x00000000ef600000)
 ParOldGen       total 87552K, used 504K [0x00000000c0000000, 0x00000000c5580000, 0x00000000eab00000)
  object space 87552K, 0% used [0x00000000c0000000,0x00000000c007e0e8,0x00000000c5580000)
 Metaspace       used 6091K, capacity 6872K, committed 7168K, reserved 1056768K
  class space    used 631K, capacity 656K, committed 768K, reserved 1048576K
}

Deoptimization events (10 events):
Event: 0.488 Thread 0x000000000126d800 Uncommon trap: reason=unstable_if action=reinterpret pc=0x000000000303ff54 method=java.lang.String.compareTo(Ljava/lang/String;)I @ 38
Event: 1.334 Thread 0x00000000170f2000 Uncommon trap: reason=unstable_if action=reinterpret pc=0x00000000031becd8 method=java.util.concurrent.ConcurrentHashMap.get(Ljava/lang/Object;)Ljava/lang/Object; @ 127
Event: 1.740 Thread 0x00000000170f2000 Uncommon trap: reason=unstable_if action=reinterpret pc=0x000000000311a12c method=java.util.BitSet.nextSetBit(I)I @ 87
Event: 1.766 Thread 0x000000000126d800 Uncommon trap: reason=class_check action=maybe_recompile pc=0x00000000031b61e8 method=com.android.dx.rop.type.Type.equals(Ljava/lang/Object;)Z @ 8
Event: 1.766 Thread 0x000000000126d800 Uncommon trap: reason=class_check action=maybe_recompile pc=0x00000000031b61e8 method=com.android.dx.rop.type.Type.equals(Ljava/lang/Object;)Z @ 8
Event: 1.766 Thread 0x000000000126d800 Uncommon trap: reason=class_check action=maybe_recompile pc=0x00000000031b61e8 method=com.android.dx.rop.type.Type.equals(Ljava/lang/Object;)Z @ 8
Event: 1.771 Thread 0x000000000126d800 Uncommon trap: reason=class_check action=maybe_recompile pc=0x00000000031b61e8 method=com.android.dx.rop.type.Type.equals(Ljava/lang/Object;)Z @ 8
Event: 1.778 Thread 0x000000000126d800 Uncommon trap: reason=class_check action=maybe_recompile pc=0x00000000032127c0 method=com.android.dx.rop.type.Type.equals(Ljava/lang/Object;)Z @ 8
Event: 1.780 Thread 0x00000000170f2000 Uncommon trap: reason=unstable_if action=reinterpret pc=0x0000000003218f04 method=java.util.concurrent.ConcurrentHashMap.get(Ljava/lang/Object;)Ljava/lang/Object; @ 152
Event: 1.798 Thread 0x000000000126d800 Uncommon trap: reason=class_check action=maybe_recompile pc=0x00000000031dde90 method=com.android.dx.rop.type.Type.equals(Ljava/lang/Object;)Z @ 8

Internal exceptions (2 events):
Event: 0.088 Thread 0x000000000126d800 Exception <a 'java/lang/NoSuchMethodError': Method sun.misc.Unsafe.defineClass(Ljava/lang/String;[BII)Ljava/lang/Class; name or signature does not match> (0x00000000eab07c78) thrown at [C:\re\workspace\8-2-build-windows-amd64-cygwin\jdk8u111\7883\hotspot\
Event: 0.089 Thread 0x000000000126d800 Exception <a 'java/lang/NoSuchMethodError': Method sun.misc.Unsafe.prefetchRead(Ljava/lang/Object;J)V name or signature does not match> (0x00000000eab07f60) thrown at [C:\re\workspace\8-2-build-windows-amd64-cygwin\jdk8u111\7883\hotspot\src\share\vm\prims

Events (10 events):
Event: 1.771 Thread 0x000000000126d800 DEOPT UNPACKING pc=0x0000000002f2582a sp=0x0000000002bedc68 mode 2
Event: 1.778 Thread 0x000000000126d800 Uncommon trap: trap_request=0xffffffde fr.pc=0x00000000032127c0
Event: 1.778 Thread 0x000000000126d800 DEOPT PACKING pc=0x00000000032127c0 sp=0x0000000002bed8f0
Event: 1.778 Thread 0x000000000126d800 DEOPT UNPACKING pc=0x0000000002f2582a sp=0x0000000002bed648 mode 2
Event: 1.780 Thread 0x00000000170f2000 Uncommon trap: trap_request=0xffffff65 fr.pc=0x0000000003218f04
Event: 1.780 Thread 0x00000000170f2000 DEOPT PACKING pc=0x0000000003218f04 sp=0x0000000017a0e980
Event: 1.780 Thread 0x00000000170f2000 DEOPT UNPACKING pc=0x0000000002f2582a sp=0x0000000017a0e920 mode 2
Event: 1.798 Thread 0x000000000126d800 Uncommon trap: trap_request=0xffffffde fr.pc=0x00000000031dde90
Event: 1.798 Thread 0x000000000126d800 DEOPT PACKING pc=0x00000000031dde90 sp=0x0000000002bed620
Event: 1.798 Thread 0x000000000126d800 DEOPT UNPACKING pc=0x0000000002f2582a sp=0x0000000002bed480 mode 2


Dynamic libraries:
0x00007ff657c80000 - 0x00007ff657cb7000 	C:\Program Files\Java\jdk1.8.0_111\bin\java.exe
0x00007fffa19a0000 - 0x00007fffa1b90000 	C:\WINDOWS\SYSTEM32\ntdll.dll
0x00007fff9fb80000 - 0x00007fff9fc32000 	C:\WINDOWS\System32\KERNEL32.DLL
0x00007fff9f6f0000 - 0x00007fff9f993000 	C:\WINDOWS\System32\KERNELBASE.dll
0x00007fff9fa60000 - 0x00007fff9fb03000 	C:\WINDOWS\System32\ADVAPI32.dll
0x00007fffa0be0000 - 0x00007fffa0c7e000 	C:\WINDOWS\System32\msvcrt.dll
0x00007fffa0cd0000 - 0x00007fffa0d67000 	C:\WINDOWS\System32\sechost.dll
0x00007fffa15a0000 - 0x00007fffa16c0000 	C:\WINDOWS\System32\RPCRT4.dll
0x00007fffa12c0000 - 0x00007fffa1454000 	C:\WINDOWS\System32\USER32.dll
0x00007fff9f0b0000 - 0x00007fff9f0d1000 	C:\WINDOWS\System32\win32u.dll
0x00007fffa0bb0000 - 0x00007fffa0bd6000 	C:\WINDOWS\System32\GDI32.dll
0x00007fff9f140000 - 0x00007fff9f2d4000 	C:\WINDOWS\System32\gdi32full.dll
0x00007fff9f500000 - 0x00007fff9f59e000 	C:\WINDOWS\System32\msvcp_win.dll
0x00007fff9f2e0000 - 0x00007fff9f3da000 	C:\WINDOWS\System32\ucrtbase.dll
0x00007fff939e0000 - 0x00007fff93c65000 	C:\WINDOWS\WinSxS\amd64_microsoft.windows.common-controls_6595b64144ccf1df_6.0.18362.418_none_e6c6b287130d565d\COMCTL32.dll
0x00007fff9fc40000 - 0x00007fff9ff76000 	C:\WINDOWS\System32\combase.dll
0x00007fff9f400000 - 0x00007fff9f480000 	C:\WINDOWS\System32\bcryptPrimitives.dll
0x00007fffa0ca0000 - 0x00007fffa0cce000 	C:\WINDOWS\System32\IMM32.DLL
0x0000000061350000 - 0x0000000061422000 	C:\Program Files\Java\jdk1.8.0_111\jre\bin\msvcr100.dll
0x00000000618a0000 - 0x000000006213a000 	C:\Program Files\Java\jdk1.8.0_111\jre\bin\server\jvm.dll
0x00007fff9fa50000 - 0x00007fff9fa58000 	C:\WINDOWS\System32\PSAPI.DLL
0x00007fff9d370000 - 0x00007fff9d379000 	C:\WINDOWS\SYSTEM32\WSOCK32.dll
0x00007fffa0b40000 - 0x00007fffa0baf000 	C:\WINDOWS\System32\WS2_32.dll
0x00007fff995e0000 - 0x00007fff99604000 	C:\WINDOWS\SYSTEM32\WINMM.dll
0x00007fff995d0000 - 0x00007fff995da000 	C:\WINDOWS\SYSTEM32\VERSION.dll
0x00007fff99430000 - 0x00007fff9945d000 	C:\WINDOWS\SYSTEM32\WINMMBASE.dll
0x00007fff9f480000 - 0x00007fff9f4ca000 	C:\WINDOWS\System32\cfgmgr32.dll
0x00000000624f0000 - 0x00000000624ff000 	C:\Program Files\Java\jdk1.8.0_111\jre\bin\verify.dll
0x0000000061790000 - 0x00000000617b9000 	C:\Program Files\Java\jdk1.8.0_111\jre\bin\java.dll
0x0000000061770000 - 0x0000000061786000 	C:\Program Files\Java\jdk1.8.0_111\jre\bin\zip.dll
0x00007fff9ffe0000 - 0x00007fffa06c5000 	C:\WINDOWS\System32\SHELL32.dll
0x00007fffa1460000 - 0x00007fffa1509000 	C:\WINDOWS\System32\shcore.dll
0x00007fff9e930000 - 0x00007fff9f0af000 	C:\WINDOWS\System32\windows.storage.dll
0x00007fff9e910000 - 0x00007fff9e92f000 	C:\WINDOWS\System32\profapi.dll
0x00007fff9e880000 - 0x00007fff9e8ca000 	C:\WINDOWS\System32\powrprof.dll
0x00007fff9e870000 - 0x00007fff9e880000 	C:\WINDOWS\System32\UMPDC.dll
0x00007fff9ff80000 - 0x00007fff9ffd2000 	C:\WINDOWS\System32\shlwapi.dll
0x00007fff9e8d0000 - 0x00007fff9e8e1000 	C:\WINDOWS\System32\kernel.appcore.dll
0x00007fff9f3e0000 - 0x00007fff9f3f7000 	C:\WINDOWS\System32\cryptsp.dll

VM Arguments:
jvm_args: -Djava.awt.headless=true -Xmx1024M -Dfile.encoding=windows-1252 -Duser.country=US -Duser.language=en -Duser.variant 
java_command: com.android.dx.command.Main --dex --force-jumbo --num-threads=4 --multi-dex --output C:\Users\laxba\AndroidStudioProjects\TestApp\app\build\intermediates\transforms\dex\debug\folders\1000\10\com.android.support-support-v4-23.4.0_220ff3d2c0d3216e94b3e11aa281f38443128c4b C:\Users\laxba\AndroidStudioProjects\TestApp\app\build\intermediates\exploded-aar\com.android.support\support-v4\23.4.0\jars\classes.jar
java_class_path (initial): C:\Users\laxba\AppData\Local\Android\Sdk\build-tools\29.0.2\lib\dx.jar
Launcher Type: SUN_STANDARD

Environment Variables:
PATH=C:\ProgramData\Oracle\Java\javapath;C:\WINDOWS\system32;C:\WINDOWS;C:\WINDOWS\System32\Wbem;C:\WINDOWS\System32\WindowsPowerShell\v1.0\;C:\WINDOWS\System32\OpenSSH\;C:\Program Files (x86)\Microsoft SQL Server\100\Tools\Binn\;C:\Program Files\Microsoft SQL Server\100\Tools\Binn\;C:\Program Files\Microsoft SQL Server\100\DTS\Binn\;C:\Program Files (x86)\Microsoft SQL Server\100\Tools\Binn\VSShell\Common7\IDE\;C:\Program Files (x86)\Microsoft SQL Server\100\DTS\Binn\;C:\Program Files (x86)\Microsoft Visual Studio 9.0\Common7\IDE\PrivateAssemblies\;C:\Program Files (x86)\NVIDIA Corporation\PhysX\Common;C:\WINDOWS\system32;C:\WINDOWS;C:\WINDOWS\System32\Wbem;C:\WINDOWS\System32\WindowsPowerShell\v1.0\;C:\WINDOWS\System32\OpenSSH\;D:\Python\Python37\Scripts;D:\Python\Python37;C:\Program Files\TortoiseGit\bin;C:\Program Files\Git\cmd;C:\Program Files\Java\jdk1.8.0_111\bin;C:\Program Files\MySQL\MySQL Shell 8.0\bin\;C:\Program Files\Java\jdk1.8.0_111\bin;;C:\Users\laxba\AppData\Local\Programs\Microsoft VS Code\bin;C:\Program Files\JetBrains\IntelliJ IDEA 2019.2.3\bin;
USERNAME=laxba
OS=Windows_NT
PROCESSOR_IDENTIFIER=Intel64 Family 6 Model 61 Stepping 4, GenuineIntel



---------------  S Y S T E M  ---------------

OS: Windows 10.0 , 64 bit Build 18362 (10.0.18362.329)

CPU:total 4 (2 cores per cpu, 2 threads per core) family 6 model 61 stepping 4, cmov, cx8, fxsr, mmx, sse, sse2, sse3, ssse3, sse4.1, sse4.2, popcnt, avx, avx2, aes, clmul, erms, 3dnowpref, lzcnt, ht, tsc, tscinvbit, bmi1, bmi2, adx

Memory: 4k page, physical 8298368k(410812k free), swap 12492672k(5912k free)

vm_info: Java HotSpot(TM) 64-Bit Server VM (25.111-b14) for windows-amd64 JRE (1.8.0_111-b14), built on Sep 22 2016 19:24:05 by "java_re" with MS VC++ 10.0 (VS2010)

time: Sat Nov 23 01:20:45 2019
elapsed time: 2 seconds (0d 0h 0m 2s)

