#
# There is insufficient memory for the Java Runtime Environment to continue.
# Native memory allocation (malloc) failed to allocate 586784 bytes for Chunk::new
# Possible reasons:
#   The system is out of physical RAM or swap space
#   In 32 bit mode, the process size limit was hit
# Possible solutions:
#   Reduce memory load on the system
#   Increase physical memory or swap space
#   Check if swap backing store is full
#   Use 64 bit Java on a 64 bit OS
#   Decrease Java heap size (-Xmx/-Xms)
#   Decrease number of Java threads
#   Decrease Java thread stack sizes (-Xss)
#   Set larger code cache with -XX:ReservedCodeCacheSize=
# This output file may be truncated or incomplete.
#
#  Out of Memory Error (allocation.cpp:390), pid=16036, tid=0x00000000000019e0
#
# JRE version: Java(TM) SE Runtime Environment (8.0_111-b14) (build 1.8.0_111-b14)
# Java VM: Java HotSpot(TM) 64-Bit Server VM (25.111-b14 mixed mode windows-amd64 compressed oops)
# Failed to write core dump. Minidumps are not enabled by default on client versions of Windows
#

---------------  T H R E A D  ---------------

Current thread (0x0000000014e3d000):  JavaThread "C2 CompilerThread0" daemon [_thread_in_native, id=6624, stack(0x00000000164a0000,0x00000000165a0000)]

Stack: [0x00000000164a0000,0x00000000165a0000]
[error occurred during error reporting (printing stack bounds), id 0xc0000005]

Native frames: (J=compiled Java code, j=interpreted, Vv=VM code, C=native code)


Current CompileTask:
C2:  10015 2467       4       com.android.dx.dex.code.OutputFinisher::addConstants (134 bytes)


---------------  P R O C E S S  ---------------

Java Threads: ( => current thread )
  0x0000000016a48000 JavaThread "pool-1-thread-1" [_thread_in_Java, id=6128, stack(0x0000000016da0000,0x0000000016ea0000)]
  0x0000000014e9e000 JavaThread "Service Thread" daemon [_thread_blocked, id=14800, stack(0x0000000016ba0000,0x0000000016ca0000)]
  0x0000000014e46000 JavaThread "C1 CompilerThread2" daemon [_thread_blocked, id=15628, stack(0x00000000166a0000,0x00000000167a0000)]
  0x0000000014e40800 JavaThread "C2 CompilerThread1" daemon [_thread_in_native, id=16604, stack(0x00000000165a0000,0x00000000166a0000)]
=>0x0000000014e3d000 JavaThread "C2 CompilerThread0" daemon [_thread_in_native, id=6624, stack(0x00000000164a0000,0x00000000165a0000)]
  0x0000000014e3b800 JavaThread "Attach Listener" daemon [_thread_blocked, id=7872, stack(0x00000000163a0000,0x00000000164a0000)]
  0x0000000014e3a000 JavaThread "Signal Dispatcher" daemon [_thread_blocked, id=4792, stack(0x00000000162a0000,0x00000000163a0000)]
  0x0000000014e2a800 JavaThread "Finalizer" daemon [_thread_blocked, id=5256, stack(0x00000000160a0000,0x00000000161a0000)]
  0x0000000014e09000 JavaThread "Reference Handler" daemon [_thread_blocked, id=15180, stack(0x0000000015fa0000,0x00000000160a0000)]
  0x00000000005fd800 JavaThread "main" [_thread_blocked, id=13820, stack(0x0000000002570000,0x0000000002670000)]

Other Threads:
  0x0000000014e07800 VMThread [stack: 0x0000000015ea0000,0x0000000015fa0000] [id=7960]
  0x00000000167a9800 WatcherThread [stack: 0x0000000016ca0000,0x0000000016da0000] [id=12920]

VM state:not at safepoint (normal execution)

VM Mutex/Monitor currently owned by a thread: None

Heap:
 PSYoungGen      total 289792K, used 94786K [0x00000000eab00000, 0x00000000fed00000, 0x0000000100000000)
  eden space 262144K, 26% used [0x00000000eab00000,0x00000000eef5c230,0x00000000fab00000)
  from space 27648K, 89% used [0x00000000fca00000,0x00000000fe234828,0x00000000fe500000)
  to   space 31744K, 0% used [0x00000000fab00000,0x00000000fab00000,0x00000000fca00000)
 ParOldGen       total 87552K, used 43681K [0x00000000c0000000, 0x00000000c5580000, 0x00000000eab00000)
  object space 87552K, 49% used [0x00000000c0000000,0x00000000c2aa85a0,0x00000000c5580000)
 Metaspace       used 6926K, capacity 7416K, committed 7680K, reserved 1056768K
  class space    used 660K, capacity 688K, committed 768K, reserved 1048576K

Card table byte_map: [0x0000000011b30000,0x0000000011d40000] byte_map_base: 0x0000000011530000

Marking Bits: (ParMarkBitMap*) 0x000000006356a6c0
 Begin Bits: [0x00000000122a0000, 0x00000000132a0000)
 End Bits:   [0x00000000132a0000, 0x00000000142a0000)

Polling page: 0x0000000000bf0000

CodeCache: size=245760Kb used=10571Kb max_used=10588Kb free=235188Kb
 bounds [0x0000000002770000, 0x00000000031e0000, 0x0000000011770000]
 total_blobs=2501 nmethods=2226 adapters=187
 compilation: enabled

Compilation events (10 events):
Event: 9.722 Thread 0x0000000014e46000 2483       2       com.android.dx.dex.code.StdCatchBuilder::getCatchTypes (97 bytes)
Event: 9.723 Thread 0x0000000014e46000 nmethod 2483 0x00000000031ad110 code [0x00000000031ad320, 0x00000000031ad828]
Event: 9.734 Thread 0x0000000014e46000 2485       2       com.android.dx.rop.code.SwitchInsn::getCatches (4 bytes)
Event: 9.734 Thread 0x0000000014e46000 nmethod 2485 0x000000000319c1d0 code [0x000000000319c320, 0x000000000319c470]
Event: 9.753 Thread 0x0000000014e40800 nmethod 2209 0x00000000031c9250 code [0x00000000031c9460, 0x00000000031ca768]
Event: 9.753 Thread 0x0000000014e40800 2376 % !   4       java.util.concurrent.ConcurrentHashMap::transfer @ 99 (832 bytes)
Event: 9.813 Thread 0x0000000014e40800 nmethod 2376% 0x00000000031cc3d0 code [0x00000000031cc620, 0x00000000031ce288]
Event: 9.814 Thread 0x0000000014e40800 2487   !   4       java.util.concurrent.ConcurrentHashMap::putVal (362 bytes)
Event: 9.849 Thread 0x0000000014e40800 nmethod 2487 0x00000000031cfcd0 code [0x00000000031cfec0, 0x00000000031d14c0]
Event: 9.850 Thread 0x0000000014e40800 2486       4       com.android.dx.dex.code.OutputFinisher::getAllConstants (47 bytes)

GC Heap History (10 events):
Event: 3.284 GC heap before
{Heap before GC invocations=2 (full 0):
 PSYoungGen      total 38400K, used 38399K [0x00000000eab00000, 0x00000000ef600000, 0x0000000100000000)
  eden space 33280K, 100% used [0x00000000eab00000,0x00000000ecb80000,0x00000000ecb80000)
  from space 5120K, 99% used [0x00000000ecb80000,0x00000000ed07fee8,0x00000000ed080000)
  to   space 5120K, 0% used [0x00000000ef100000,0x00000000ef100000,0x00000000ef600000)
 ParOldGen       total 87552K, used 325K [0x00000000c0000000, 0x00000000c5580000, 0x00000000eab00000)
  object space 87552K, 0% used [0x00000000c0000000,0x00000000c0051590,0x00000000c5580000)
 Metaspace       used 6403K, capacity 7192K, committed 7424K, reserved 1056768K
  class space    used 634K, capacity 656K, committed 768K, reserved 1048576K
Event: 3.474 GC heap after
Heap after GC invocations=2 (full 0):
 PSYoungGen      total 71680K, used 5088K [0x00000000eab00000, 0x00000000ef600000, 0x0000000100000000)
  eden space 66560K, 0% used [0x00000000eab00000,0x00000000eab00000,0x00000000eec00000)
  from space 5120K, 99% used [0x00000000ef100000,0x00000000ef5f8098,0x00000000ef600000)
  to   space 5120K, 0% used [0x00000000eec00000,0x00000000eec00000,0x00000000ef100000)
 ParOldGen       total 87552K, used 3762K [0x00000000c0000000, 0x00000000c5580000, 0x00000000eab00000)
  object space 87552K, 4% used [0x00000000c0000000,0x00000000c03acae0,0x00000000c5580000)
 Metaspace       used 6403K, capacity 7192K, committed 7424K, reserved 1056768K
  class space    used 634K, capacity 656K, committed 768K, reserved 1048576K
}
Event: 5.638 GC heap before
{Heap before GC invocations=3 (full 0):
 PSYoungGen      total 71680K, used 71648K [0x00000000eab00000, 0x00000000ef600000, 0x0000000100000000)
  eden space 66560K, 100% used [0x00000000eab00000,0x00000000eec00000,0x00000000eec00000)
  from space 5120K, 99% used [0x00000000ef100000,0x00000000ef5f8098,0x00000000ef600000)
  to   space 5120K, 0% used [0x00000000eec00000,0x00000000eec00000,0x00000000ef100000)
 ParOldGen       total 87552K, used 3762K [0x00000000c0000000, 0x00000000c5580000, 0x00000000eab00000)
  object space 87552K, 4% used [0x00000000c0000000,0x00000000c03acae0,0x00000000c5580000)
 Metaspace       used 6535K, capacity 7256K, committed 7424K, reserved 1056768K
  class space    used 635K, capacity 656K, committed 768K, reserved 1048576K
Event: 5.799 GC heap after
Heap after GC invocations=3 (full 0):
 PSYoungGen      total 71680K, used 5090K [0x00000000eab00000, 0x00000000f3700000, 0x0000000100000000)
  eden space 66560K, 0% used [0x00000000eab00000,0x00000000eab00000,0x00000000eec00000)
  from space 5120K, 99% used [0x00000000eec00000,0x00000000ef0f8b48,0x00000000ef100000)
  to   space 5120K, 0% used [0x00000000f3200000,0x00000000f3200000,0x00000000f3700000)
 ParOldGen       total 87552K, used 13064K [0x00000000c0000000, 0x00000000c5580000, 0x00000000eab00000)
  object space 87552K, 14% used [0x00000000c0000000,0x00000000c0cc21d0,0x00000000c5580000)
 Metaspace       used 6535K, capacity 7256K, committed 7424K, reserved 1056768K
  class space    used 635K, capacity 656K, committed 768K, reserved 1048576K
}
Event: 6.686 GC heap before
{Heap before GC invocations=4 (full 0):
 PSYoungGen      total 71680K, used 71650K [0x00000000eab00000, 0x00000000f3700000, 0x0000000100000000)
  eden space 66560K, 100% used [0x00000000eab00000,0x00000000eec00000,0x00000000eec00000)
  from space 5120K, 99% used [0x00000000eec00000,0x00000000ef0f8b48,0x00000000ef100000)
  to   space 5120K, 0% used [0x00000000f3200000,0x00000000f3200000,0x00000000f3700000)
 ParOldGen       total 87552K, used 13064K [0x00000000c0000000, 0x00000000c5580000, 0x00000000eab00000)
  object space 87552K, 14% used [0x00000000c0000000,0x00000000c0cc21d0,0x00000000c5580000)
 Metaspace       used 6609K, capacity 7320K, committed 7680K, reserved 1056768K
  class space    used 635K, capacity 656K, committed 768K, reserved 1048576K
Event: 6.848 GC heap after
Heap after GC invocations=4 (full 0):
 PSYoungGen      total 138240K, used 5104K [0x00000000eab00000, 0x00000000f3700000, 0x0000000100000000)
  eden space 133120K, 0% used [0x00000000eab00000,0x00000000eab00000,0x00000000f2d00000)
  from space 5120K, 99% used [0x00000000f3200000,0x00000000f36fc1f0,0x00000000f3700000)
  to   space 5120K, 0% used [0x00000000f2d00000,0x00000000f2d00000,0x00000000f3200000)
 ParOldGen       total 87552K, used 23429K [0x00000000c0000000, 0x00000000c5580000, 0x00000000eab00000)
  object space 87552K, 26% used [0x00000000c0000000,0x00000000c16e1768,0x00000000c5580000)
 Metaspace       used 6609K, capacity 7320K, committed 7680K, reserved 1056768K
  class space    used 635K, capacity 656K, committed 768K, reserved 1048576K
}
Event: 8.373 GC heap before
{Heap before GC invocations=5 (full 0):
 PSYoungGen      total 138240K, used 138224K [0x00000000eab00000, 0x00000000f3700000, 0x0000000100000000)
  eden space 133120K, 100% used [0x00000000eab00000,0x00000000f2d00000,0x00000000f2d00000)
  from space 5120K, 99% used [0x00000000f3200000,0x00000000f36fc1f0,0x00000000f3700000)
  to   space 5120K, 0% used [0x00000000f2d00000,0x00000000f2d00000,0x00000000f3200000)
 ParOldGen       total 87552K, used 23429K [0x00000000c0000000, 0x00000000c5580000, 0x00000000eab00000)
  object space 87552K, 26% used [0x00000000c0000000,0x00000000c16e1768,0x00000000c5580000)
 Metaspace       used 6799K, capacity 7352K, committed 7680K, reserved 1056768K
  class space    used 656K, capacity 688K, committed 768K, reserved 1048576K
Event: 8.456 GC heap after
Heap after GC invocations=5 (full 0):
 PSYoungGen      total 138240K, used 5088K [0x00000000eab00000, 0x00000000fe500000, 0x0000000100000000)
  eden space 133120K, 0% used [0x00000000eab00000,0x00000000eab00000,0x00000000f2d00000)
  from space 5120K, 99% used [0x00000000f2d00000,0x00000000f31f8010,0x00000000f3200000)
  to   space 27648K, 0% used [0x00000000fca00000,0x00000000fca00000,0x00000000fe500000)
 ParOldGen       total 87552K, used 43681K [0x00000000c0000000, 0x00000000c5580000, 0x00000000eab00000)
  object space 87552K, 49% used [0x00000000c0000000,0x00000000c2aa85a0,0x00000000c5580000)
 Metaspace       used 6799K, capacity 7352K, committed 7680K, reserved 1056768K
  class space    used 656K, capacity 688K, committed 768K, reserved 1048576K
}
Event: 9.018 GC heap before
{Heap before GC invocations=6 (full 0):
 PSYoungGen      total 138240K, used 138208K [0x00000000eab00000, 0x00000000fe500000, 0x0000000100000000)
  eden space 133120K, 100% used [0x00000000eab00000,0x00000000f2d00000,0x00000000f2d00000)
  from space 5120K, 99% used [0x00000000f2d00000,0x00000000f31f8010,0x00000000f3200000)
  to   space 27648K, 0% used [0x00000000fca00000,0x00000000fca00000,0x00000000fe500000)
 ParOldGen       total 87552K, used 43681K [0x00000000c0000000, 0x00000000c5580000, 0x00000000eab00000)
  object space 87552K, 49% used [0x00000000c0000000,0x00000000c2aa85a0,0x00000000c5580000)
 Metaspace       used 6827K, capacity 7416K, committed 7680K, reserved 1056768K
  class space    used 656K, capacity 688K, committed 768K, reserved 1048576K
Event: 9.135 GC heap after
Heap after GC invocations=6 (full 0):
 PSYoungGen      total 289792K, used 24786K [0x00000000eab00000, 0x00000000fed00000, 0x0000000100000000)
  eden space 262144K, 0% used [0x00000000eab00000,0x00000000eab00000,0x00000000fab00000)
  from space 27648K, 89% used [0x00000000fca00000,0x00000000fe234828,0x00000000fe500000)
  to   space 31744K, 0% used [0x00000000fab00000,0x00000000fab00000,0x00000000fca00000)
 ParOldGen       total 87552K, used 43681K [0x00000000c0000000, 0x00000000c5580000, 0x00000000eab00000)
  object space 87552K, 49% used [0x00000000c0000000,0x00000000c2aa85a0,0x00000000c5580000)
 Metaspace       used 6827K, capacity 7416K, committed 7680K, reserved 1056768K
  class space    used 656K, capacity 688K, committed 768K, reserved 1048576K
}

Deoptimization events (10 events):
Event: 8.651 Thread 0x0000000016a4b800 Uncommon trap: reason=bimorphic action=maybe_recompile pc=0x0000000002eb4844 method=java.util.HashMap.getNode(ILjava/lang/Object;)Ljava/util/HashMap$Node; @ 126
Event: 8.651 Thread 0x0000000016a4b800 Uncommon trap: reason=bimorphic action=maybe_recompile pc=0x0000000002eb4844 method=java.util.HashMap.getNode(ILjava/lang/Object;)Ljava/util/HashMap$Node; @ 126
Event: 8.651 Thread 0x0000000016a4b800 Uncommon trap: reason=bimorphic action=maybe_recompile pc=0x0000000002eb4844 method=java.util.HashMap.getNode(ILjava/lang/Object;)Ljava/util/HashMap$Node; @ 126
Event: 9.186 Thread 0x0000000016a48000 Uncommon trap: reason=bimorphic action=maybe_recompile pc=0x00000000031345d8 method=com.android.dx.cf.code.BytecodeArray.parseInstruction(ILcom/android/dx/cf/code/BytecodeArray$Visitor;)I @ 1287
Event: 9.186 Thread 0x0000000016a48000 Uncommon trap: reason=bimorphic action=maybe_recompile pc=0x00000000031345d8 method=com.android.dx.cf.code.BytecodeArray.parseInstruction(ILcom/android/dx/cf/code/BytecodeArray$Visitor;)I @ 1287
Event: 9.501 Thread 0x0000000016a48000 Uncommon trap: reason=class_check action=maybe_recompile pc=0x0000000002c187c8 method=java.util.Arrays.hashCode([Ljava/lang/Object;)I @ 43
Event: 9.501 Thread 0x0000000016a48000 Uncommon trap: reason=class_check action=maybe_recompile pc=0x0000000002c187c8 method=java.util.Arrays.hashCode([Ljava/lang/Object;)I @ 43
Event: 9.501 Thread 0x0000000016a48000 Uncommon trap: reason=class_check action=maybe_recompile pc=0x0000000002c187c8 method=java.util.Arrays.hashCode([Ljava/lang/Object;)I @ 43
Event: 9.501 Thread 0x0000000016a48000 Uncommon trap: reason=class_check action=maybe_recompile pc=0x0000000002c187c8 method=java.util.Arrays.hashCode([Ljava/lang/Object;)I @ 43
Event: 9.501 Thread 0x0000000016a48000 Uncommon trap: reason=class_check action=maybe_recompile pc=0x0000000002c18db4 method=java.util.Arrays.hashCode([Ljava/lang/Object;)I @ 43

Internal exceptions (7 events):
Event: 0.178 Thread 0x00000000005fd800 Exception <a 'java/lang/NoSuchMethodError': Method sun.misc.Unsafe.defineClass(Ljava/lang/String;[BII)Ljava/lang/Class; name or signature does not match> (0x00000000eab07c78) thrown at [C:\re\workspace\8-2-build-windows-amd64-cygwin\jdk8u111\7883\hotspot\
Event: 0.178 Thread 0x00000000005fd800 Exception <a 'java/lang/NoSuchMethodError': Method sun.misc.Unsafe.prefetchRead(Ljava/lang/Object;J)V name or signature does not match> (0x00000000eab07f60) thrown at [C:\re\workspace\8-2-build-windows-amd64-cygwin\jdk8u111\7883\hotspot\src\share\vm\prims
Event: 1.974 Thread 0x0000000016a4c800 Implicit null exception at 0x0000000002a8be62 to 0x0000000002a8bf69
Event: 7.352 Thread 0x0000000016a48000 Implicit null exception at 0x0000000002dbd9bb to 0x0000000002dbefad
Event: 7.842 Thread 0x0000000016a4b800 Exception <a 'java/lang/ArrayIndexOutOfBoundsException': 18> (0x00000000f030a480) thrown at [C:\re\workspace\8-2-build-windows-amd64-cygwin\jdk8u111\7883\hotspot\src\share\vm\interpreter\interpreterRuntime.cpp, line 366]
Event: 7.842 Thread 0x0000000016a4b800 Exception <a 'java/lang/ArrayIndexOutOfBoundsException': 145> (0x00000000f030c000) thrown at [C:\re\workspace\8-2-build-windows-amd64-cygwin\jdk8u111\7883\hotspot\src\share\vm\interpreter\interpreterRuntime.cpp, line 366]
Event: 7.843 Thread 0x0000000016a4b800 Exception <a 'java/lang/ArrayIndexOutOfBoundsException'> (0x00000000f030d2e8) thrown at [C:\re\workspace\8-2-build-windows-amd64-cygwin\jdk8u111\7883\hotspot\src\share\vm\runtime\sharedRuntime.cpp, line 605]

Events (10 events):
Event: 9.501 loading class com/android/dx/rop/cst/Zeroes
Event: 9.501 loading class com/android/dx/rop/cst/Zeroes done
Event: 9.533 Thread 0x0000000016a48000 DEOPT PACKING pc=0x0000000003182e94 sp=0x0000000016e9ec50
Event: 9.533 Thread 0x0000000016a48000 DEOPT UNPACKING pc=0x00000000027b787f sp=0x0000000016e9e970 mode 0
Event: 9.574 loading class com/android/dx/dex/file/CatchStructs
Event: 9.574 loading class com/android/dx/dex/file/CatchStructs done
Event: 9.589 Thread 0x0000000016a48000 DEOPT PACKING pc=0x0000000003193a2a sp=0x0000000016e9edf0
Event: 9.589 Thread 0x0000000016a48000 DEOPT UNPACKING pc=0x00000000027b787f sp=0x0000000016e9eb80 mode 0
Event: 9.592 Thread 0x0000000016a48000 DEOPT PACKING pc=0x0000000003191c8a sp=0x0000000016e9ed50
Event: 9.592 Thread 0x0000000016a48000 DEOPT UNPACKING pc=0x00000000027b787f sp=0x0000000016e9eaa8 mode 0


Dynamic libraries:
0x00007ff76ebf0000 - 0x00007ff76ec27000 	C:\Program Files\Java\jdk1.8.0_111\bin\java.exe
0x00007ff9f3f40000 - 0x00007ff9f4130000 	C:\WINDOWS\SYSTEM32\ntdll.dll
0x00007ff9f2a60000 - 0x00007ff9f2b12000 	C:\WINDOWS\System32\KERNEL32.DLL
0x00007ff9f0ed0000 - 0x00007ff9f1173000 	C:\WINDOWS\System32\KERNELBASE.dll
0x00007ff9f3170000 - 0x00007ff9f3213000 	C:\WINDOWS\System32\ADVAPI32.dll
0x00007ff9f3360000 - 0x00007ff9f33fe000 	C:\WINDOWS\System32\msvcrt.dll
0x00007ff9f3560000 - 0x00007ff9f35f7000 	C:\WINDOWS\System32\sechost.dll
0x00007ff9f2940000 - 0x00007ff9f2a60000 	C:\WINDOWS\System32\RPCRT4.dll
0x00007ff9f36d0000 - 0x00007ff9f3864000 	C:\WINDOWS\System32\USER32.dll
0x00007ff9f1b90000 - 0x00007ff9f1bb1000 	C:\WINDOWS\System32\win32u.dll
0x00007ff9f2f90000 - 0x00007ff9f2fb6000 	C:\WINDOWS\System32\GDI32.dll
0x00007ff9f19d0000 - 0x00007ff9f1b64000 	C:\WINDOWS\System32\gdi32full.dll
0x00007ff9f1f50000 - 0x00007ff9f1fee000 	C:\WINDOWS\System32\msvcp_win.dll
0x00007ff9f1e20000 - 0x00007ff9f1f1a000 	C:\WINDOWS\System32\ucrtbase.dll
0x00007ff9f02b0000 - 0x00007ff9f0535000 	C:\WINDOWS\WinSxS\amd64_microsoft.windows.common-controls_6595b64144ccf1df_6.0.18362.418_none_e6c6b287130d565d\COMCTL32.dll
0x00007ff9f38d0000 - 0x00007ff9f3c06000 	C:\WINDOWS\System32\combase.dll
0x00007ff9f11d0000 - 0x00007ff9f1250000 	C:\WINDOWS\System32\bcryptPrimitives.dll
0x00007ff9f3330000 - 0x00007ff9f335e000 	C:\WINDOWS\System32\IMM32.DLL
0x0000000062970000 - 0x0000000062a42000 	C:\Program Files\Java\jdk1.8.0_111\jre\bin\msvcr100.dll
0x0000000062d50000 - 0x00000000635ea000 	C:\Program Files\Java\jdk1.8.0_111\jre\bin\server\jvm.dll
0x00007ff9f2930000 - 0x00007ff9f2938000 	C:\WINDOWS\System32\PSAPI.DLL
0x00007ff9ef370000 - 0x00007ff9ef379000 	C:\WINDOWS\SYSTEM32\WSOCK32.dll
0x00007ff9f3660000 - 0x00007ff9f36cf000 	C:\WINDOWS\System32\WS2_32.dll
0x00007ff9e7cf0000 - 0x00007ff9e7d14000 	C:\WINDOWS\SYSTEM32\WINMM.dll
0x00007ff9e6d40000 - 0x00007ff9e6d4a000 	C:\WINDOWS\SYSTEM32\VERSION.dll
0x00007ff9e7c90000 - 0x00007ff9e7cbd000 	C:\WINDOWS\SYSTEM32\WINMMBASE.dll
0x00007ff9f1180000 - 0x00007ff9f11ca000 	C:\WINDOWS\System32\cfgmgr32.dll
0x00000000654d0000 - 0x00000000654df000 	C:\Program Files\Java\jdk1.8.0_111\jre\bin\verify.dll
0x00000000654a0000 - 0x00000000654c9000 	C:\Program Files\Java\jdk1.8.0_111\jre\bin\java.dll
0x0000000065480000 - 0x0000000065496000 	C:\Program Files\Java\jdk1.8.0_111\jre\bin\zip.dll
0x00007ff9f2240000 - 0x00007ff9f2925000 	C:\WINDOWS\System32\SHELL32.dll
0x00007ff9f3e50000 - 0x00007ff9f3ef9000 	C:\WINDOWS\System32\shcore.dll
0x00007ff9f1250000 - 0x00007ff9f19cf000 	C:\WINDOWS\System32\windows.storage.dll
0x00007ff9f0e70000 - 0x00007ff9f0e8f000 	C:\WINDOWS\System32\profapi.dll
0x00007ff9f0e20000 - 0x00007ff9f0e6a000 	C:\WINDOWS\System32\powrprof.dll
0x00007ff9f0e10000 - 0x00007ff9f0e20000 	C:\WINDOWS\System32\UMPDC.dll
0x00007ff9f3870000 - 0x00007ff9f38c2000 	C:\WINDOWS\System32\shlwapi.dll
0x00007ff9f0eb0000 - 0x00007ff9f0ec1000 	C:\WINDOWS\System32\kernel.appcore.dll
0x00007ff9f1b70000 - 0x00007ff9f1b87000 	C:\WINDOWS\System32\cryptsp.dll

VM Arguments:
jvm_args: -Djava.awt.headless=true -Xmx1024M -Dfile.encoding=windows-1252 -Duser.country=US -Duser.language=en -Duser.variant 
java_command: com.android.dx.command.Main --dex --force-jumbo --num-threads=4 --multi-dex --output C:\Users\laxba\AndroidStudioProjects\TestApp\app\build\intermediates\transforms\dex\debug\folders\1000\10\com.android.support-support-v4-23.4.0_220ff3d2c0d3216e94b3e11aa281f38443128c4b C:\Users\laxba\AndroidStudioProjects\TestApp\app\build\intermediates\exploded-aar\com.android.support\support-v4\23.4.0\jars\classes.jar
java_class_path (initial): C:\Users\laxba\AppData\Local\Android\Sdk\build-tools\29.0.2\lib\dx.jar
Launcher Type: SUN_STANDARD

Environment Variables:
PATH=C:\ProgramData\Oracle\Java\javapath;C:\WINDOWS\system32;C:\WINDOWS;C:\WINDOWS\System32\Wbem;C:\WINDOWS\System32\WindowsPowerShell\v1.0\;C:\WINDOWS\System32\OpenSSH\;C:\Program Files (x86)\Microsoft SQL Server\100\Tools\Binn\;C:\Program Files\Microsoft SQL Server\100\Tools\Binn\;C:\Program Files\Microsoft SQL Server\100\DTS\Binn\;C:\Program Files (x86)\Microsoft SQL Server\100\Tools\Binn\VSShell\Common7\IDE\;C:\Program Files (x86)\Microsoft SQL Server\100\DTS\Binn\;C:\Program Files (x86)\Microsoft Visual Studio 9.0\Common7\IDE\PrivateAssemblies\;C:\Program Files (x86)\NVIDIA Corporation\PhysX\Common;C:\WINDOWS\system32;C:\WINDOWS;C:\WINDOWS\System32\Wbem;C:\WINDOWS\System32\WindowsPowerShell\v1.0\;C:\WINDOWS\System32\OpenSSH\;D:\Python\Python37\Scripts;D:\Python\Python37;C:\Program Files\TortoiseGit\bin;C:\Program Files\Git\cmd;C:\Program Files\Java\jdk1.8.0_111\bin;C:\Program Files\MySQL\MySQL Shell 8.0\bin\;C:\Program Files\Java\jdk1.8.0_111\bin;;C:\Users\laxba\AppData\Local\Programs\Microsoft VS Code\bin;C:\Program Files\JetBrains\IntelliJ IDEA 2019.2.3\bin;
USERNAME=laxba
OS=Windows_NT
PROCESSOR_IDENTIFIER=Intel64 Family 6 Model 61 Stepping 4, GenuineIntel



---------------  S Y S T E M  ---------------

OS: Windows 10.0 , 64 bit Build 18362 (10.0.18362.329)

CPU:total 4 (2 cores per cpu, 2 threads per core) family 6 model 61 stepping 4, cmov, cx8, fxsr, mmx, sse, sse2, sse3, ssse3, sse4.1, sse4.2, popcnt, avx, avx2, aes, clmul, erms, 3dnowpref, lzcnt, ht, tsc, tscinvbit, bmi1, bmi2, adx

Memory: 4k page, physical 8298368k(1976704k free), swap 12492672k(3360k free)

vm_info: Java HotSpot(TM) 64-Bit Server VM (25.111-b14) for windows-amd64 JRE (1.8.0_111-b14), built on Sep 22 2016 19:24:05 by "java_re" with MS VC++ 10.0 (VS2010)

time: Mon Nov 25 21:19:11 2019
elapsed time: 10 seconds (0d 0h 0m 10s)

