#
# There is insufficient memory for the Java Runtime Environment to continue.
# Native memory allocation (malloc) failed to allocate 233296 bytes for Chunk::new
# Possible reasons:
#   The system is out of physical RAM or swap space
#   In 32 bit mode, the process size limit was hit
# Possible solutions:
#   Reduce memory load on the system
#   Increase physical memory or swap space
#   Check if swap backing store is full
#   Use 64 bit Java on a 64 bit OS
#   Decrease Java heap size (-Xmx/-Xms)
#   Decrease number of Java threads
#   Decrease Java thread stack sizes (-Xss)
#   Set larger code cache with -XX:ReservedCodeCacheSize=
# This output file may be truncated or incomplete.
#
#  Out of Memory Error (allocation.cpp:390), pid=12000, tid=0x0000000000002a60
#
# JRE version: Java(TM) SE Runtime Environment (8.0_111-b14) (build 1.8.0_111-b14)
# Java VM: Java HotSpot(TM) 64-Bit Server VM (25.111-b14 mixed mode windows-amd64 compressed oops)
# Failed to write core dump. Minidumps are not enabled by default on client versions of Windows
#

---------------  T H R E A D  ---------------

Current thread (0x00000000158fd000):  JavaThread "C2 CompilerThread0" daemon [_thread_in_native, id=10848, stack(0x0000000016f60000,0x0000000017060000)]

Stack: [0x0000000016f60000,0x0000000017060000]
[error occurred during error reporting (printing stack bounds), id 0xc0000005]

Native frames: (J=compiled Java code, j=interpreted, Vv=VM code, C=native code)


Current CompileTask:
C2:   6507 2374       4       com.android.dx.rop.cst.CstBaseMethodRef::getPrototype (41 bytes)


---------------  P R O C E S S  ---------------

Java Threads: ( => current thread )
  0x00000000174be800 JavaThread "pool-1-thread-1" [_thread_in_vm, id=3860, stack(0x0000000017860000,0x0000000017960000)]
  0x0000000017165800 JavaThread "Service Thread" daemon [_thread_blocked, id=15228, stack(0x0000000017660000,0x0000000017760000)]
  0x0000000017160800 JavaThread "C1 CompilerThread2" daemon [_thread_blocked, id=3724, stack(0x0000000017560000,0x0000000017660000)]
  0x0000000015900800 JavaThread "C2 CompilerThread1" daemon [_thread_in_native, id=9644, stack(0x0000000017060000,0x0000000017160000)]
=>0x00000000158fd000 JavaThread "C2 CompilerThread0" daemon [_thread_in_native, id=10848, stack(0x0000000016f60000,0x0000000017060000)]
  0x00000000158fb800 JavaThread "Attach Listener" daemon [_thread_blocked, id=14184, stack(0x0000000016e60000,0x0000000016f60000)]
  0x00000000158fa000 JavaThread "Signal Dispatcher" daemon [_thread_blocked, id=14436, stack(0x0000000016d60000,0x0000000016e60000)]
  0x00000000158ea000 JavaThread "Finalizer" daemon [_thread_blocked, id=2784, stack(0x0000000016b60000,0x0000000016c60000)]
  0x00000000158c9000 JavaThread "Reference Handler" daemon [_thread_blocked, id=14024, stack(0x0000000016a60000,0x0000000016b60000)]
  0x0000000002f2d800 JavaThread "main" [_thread_blocked, id=5532, stack(0x0000000002f30000,0x0000000003030000)]

Other Threads:
  0x00000000158c7800 VMThread [stack: 0x0000000016960000,0x0000000016a60000] [id=16456]
  0x000000001717a800 WatcherThread [stack: 0x0000000017760000,0x0000000017860000] [id=16084]

VM state:not at safepoint (normal execution)

VM Mutex/Monitor currently owned by a thread: None

Heap:
 PSYoungGen      total 71680K, used 69529K [0x00000000eab00000, 0x00000000ef600000, 0x0000000100000000)
  eden space 66560K, 96% used [0x00000000eab00000,0x00000000ee9ee470,0x00000000eec00000)
  from space 5120K, 99% used [0x00000000ef100000,0x00000000ef5f8038,0x00000000ef600000)
  to   space 5120K, 0% used [0x00000000eec00000,0x00000000eec00000,0x00000000ef100000)
 ParOldGen       total 87552K, used 16978K [0x00000000c0000000, 0x00000000c5580000, 0x00000000eab00000)
  object space 87552K, 19% used [0x00000000c0000000,0x00000000c10949a8,0x00000000c5580000)
 Metaspace       used 7015K, capacity 7672K, committed 7936K, reserved 1056768K
  class space    used 651K, capacity 688K, committed 768K, reserved 1048576K

Card table byte_map: [0x00000000125f0000,0x0000000012800000] byte_map_base: 0x0000000011ff0000

Marking Bits: (ParMarkBitMap*) 0x00000000620ba6c0
 Begin Bits: [0x0000000012d60000, 0x0000000013d60000)
 End Bits:   [0x0000000013d60000, 0x0000000014d60000)

Polling page: 0x00000000016c0000

CodeCache: size=245760Kb used=9534Kb max_used=9534Kb free=236225Kb
 bounds [0x0000000003230000, 0x0000000003b90000, 0x0000000012230000]
 total_blobs=2636 nmethods=2361 adapters=187
 compilation: enabled

Compilation events (10 events):
Event: 6.500 Thread 0x0000000017160800 nmethod 2396 0x0000000003b83850 code [0x0000000003b839e0, 0x0000000003b83c38]
Event: 6.501 Thread 0x0000000017160800 2398       3       com.android.dx.dex.code.form.Form22t::writeTo (45 bytes)
Event: 6.502 Thread 0x0000000017160800 nmethod 2398 0x0000000003b83d90 code [0x0000000003b83fe0, 0x0000000003b84f78]
Event: 6.504 Thread 0x0000000017160800 2401       3       com.android.dx.dex.code.SwitchData::sparseCodeSize (16 bytes)
Event: 6.504 Thread 0x0000000017160800 nmethod 2401 0x0000000003b85650 code [0x0000000003b857a0, 0x0000000003b85990]
Event: 6.504 Thread 0x0000000017160800 2402       1       com.android.dx.dex.code.form.Form31t::codeSize (2 bytes)
Event: 6.504 Thread 0x0000000017160800 nmethod 2402 0x0000000003b85a50 code [0x0000000003b85ba0, 0x0000000003b85cb0]
Event: 6.504 Thread 0x0000000017160800 2403       3       com.android.dx.dex.code.SwitchData::codeSize (27 bytes)
Event: 6.505 Thread 0x0000000017160800 nmethod 2403 0x0000000003b85d10 code [0x0000000003b85e80, 0x0000000003b86188]
Event: 6.505 Thread 0x0000000017160800 2404       3       com.android.dx.dex.code.form.Form12x::writeTo (45 bytes)

GC Heap History (8 events):
Event: 2.838 GC heap before
{Heap before GC invocations=1 (full 0):
 PSYoungGen      total 38400K, used 33280K [0x00000000eab00000, 0x00000000ed580000, 0x0000000100000000)
  eden space 33280K, 100% used [0x00000000eab00000,0x00000000ecb80000,0x00000000ecb80000)
  from space 5120K, 0% used [0x00000000ed080000,0x00000000ed080000,0x00000000ed580000)
  to   space 5120K, 0% used [0x00000000ecb80000,0x00000000ecb80000,0x00000000ed080000)
 ParOldGen       total 87552K, used 0K [0x00000000c0000000, 0x00000000c5580000, 0x00000000eab00000)
  object space 87552K, 0% used [0x00000000c0000000,0x00000000c0000000,0x00000000c5580000)
 Metaspace       used 6268K, capacity 7064K, committed 7424K, reserved 1056768K
  class space    used 628K, capacity 656K, committed 768K, reserved 1048576K
Event: 2.864 GC heap after
Heap after GC invocations=1 (full 0):
 PSYoungGen      total 38400K, used 5102K [0x00000000eab00000, 0x00000000ed580000, 0x0000000100000000)
  eden space 33280K, 0% used [0x00000000eab00000,0x00000000eab00000,0x00000000ecb80000)
  from space 5120K, 99% used [0x00000000ecb80000,0x00000000ed07b870,0x00000000ed080000)
  to   space 5120K, 0% used [0x00000000ed080000,0x00000000ed080000,0x00000000ed580000)
 ParOldGen       total 87552K, used 1474K [0x00000000c0000000, 0x00000000c5580000, 0x00000000eab00000)
  object space 87552K, 1% used [0x00000000c0000000,0x00000000c01708b8,0x00000000c5580000)
 Metaspace       used 6268K, capacity 7064K, committed 7424K, reserved 1056768K
  class space    used 628K, capacity 656K, committed 768K, reserved 1048576K
}
Event: 3.251 GC heap before
{Heap before GC invocations=2 (full 0):
 PSYoungGen      total 38400K, used 38382K [0x00000000eab00000, 0x00000000ed580000, 0x0000000100000000)
  eden space 33280K, 100% used [0x00000000eab00000,0x00000000ecb80000,0x00000000ecb80000)
  from space 5120K, 99% used [0x00000000ecb80000,0x00000000ed07b870,0x00000000ed080000)
  to   space 5120K, 0% used [0x00000000ed080000,0x00000000ed080000,0x00000000ed580000)
 ParOldGen       total 87552K, used 1474K [0x00000000c0000000, 0x00000000c5580000, 0x00000000eab00000)
  object space 87552K, 1% used [0x00000000c0000000,0x00000000c01708b8,0x00000000c5580000)
 Metaspace       used 6415K, capacity 7192K, committed 7424K, reserved 1056768K
  class space    used 629K, capacity 656K, committed 768K, reserved 1048576K
Event: 3.273 GC heap after
Heap after GC invocations=2 (full 0):
 PSYoungGen      total 38400K, used 5107K [0x00000000eab00000, 0x00000000ef600000, 0x0000000100000000)
  eden space 33280K, 0% used [0x00000000eab00000,0x00000000eab00000,0x00000000ecb80000)
  from space 5120K, 99% used [0x00000000ed080000,0x00000000ed57cf98,0x00000000ed580000)
  to   space 5120K, 0% used [0x00000000ecb80000,0x00000000ecb80000,0x00000000ed080000)
 ParOldGen       total 87552K, used 6230K [0x00000000c0000000, 0x00000000c5580000, 0x00000000eab00000)
  object space 87552K, 7% used [0x00000000c0000000,0x00000000c0615878,0x00000000c5580000)
 Metaspace       used 6415K, capacity 7192K, committed 7424K, reserved 1056768K
  class space    used 629K, capacity 656K, committed 768K, reserved 1048576K
}
Event: 3.529 GC heap before
{Heap before GC invocations=3 (full 0):
 PSYoungGen      total 38400K, used 38387K [0x00000000eab00000, 0x00000000ef600000, 0x0000000100000000)
  eden space 33280K, 100% used [0x00000000eab00000,0x00000000ecb80000,0x00000000ecb80000)
  from space 5120K, 99% used [0x00000000ed080000,0x00000000ed57cf98,0x00000000ed580000)
  to   space 5120K, 0% used [0x00000000ecb80000,0x00000000ecb80000,0x00000000ed080000)
 ParOldGen       total 87552K, used 6230K [0x00000000c0000000, 0x00000000c5580000, 0x00000000eab00000)
  object space 87552K, 7% used [0x00000000c0000000,0x00000000c0615878,0x00000000c5580000)
 Metaspace       used 6456K, capacity 7192K, committed 7424K, reserved 1056768K
  class space    used 629K, capacity 656K, committed 768K, reserved 1048576K
Event: 3.546 GC heap after
Heap after GC invocations=3 (full 0):
 PSYoungGen      total 38400K, used 5104K [0x00000000eab00000, 0x00000000ef600000, 0x0000000100000000)
  eden space 33280K, 0% used [0x00000000eab00000,0x00000000eab00000,0x00000000ecb80000)
  from space 5120K, 99% used [0x00000000ecb80000,0x00000000ed07c038,0x00000000ed080000)
  to   space 5120K, 0% used [0x00000000ef100000,0x00000000ef100000,0x00000000ef600000)
 ParOldGen       total 87552K, used 10894K [0x00000000c0000000, 0x00000000c5580000, 0x00000000eab00000)
  object space 87552K, 12% used [0x00000000c0000000,0x00000000c0aa3860,0x00000000c5580000)
 Metaspace       used 6456K, capacity 7192K, committed 7424K, reserved 1056768K
  class space    used 629K, capacity 656K, committed 768K, reserved 1048576K
}
Event: 4.228 GC heap before
{Heap before GC invocations=4 (full 0):
 PSYoungGen      total 38400K, used 38384K [0x00000000eab00000, 0x00000000ef600000, 0x0000000100000000)
  eden space 33280K, 100% used [0x00000000eab00000,0x00000000ecb80000,0x00000000ecb80000)
  from space 5120K, 99% used [0x00000000ecb80000,0x00000000ed07c038,0x00000000ed080000)
  to   space 5120K, 0% used [0x00000000ef100000,0x00000000ef100000,0x00000000ef600000)
 ParOldGen       total 87552K, used 10894K [0x00000000c0000000, 0x00000000c5580000, 0x00000000eab00000)
  object space 87552K, 12% used [0x00000000c0000000,0x00000000c0aa3860,0x00000000c5580000)
 Metaspace       used 6493K, capacity 7256K, committed 7424K, reserved 1056768K
  class space    used 629K, capacity 656K, committed 768K, reserved 1048576K
Event: 4.289 GC heap after
Heap after GC invocations=4 (full 0):
 PSYoungGen      total 71680K, used 5088K [0x00000000eab00000, 0x00000000ef600000, 0x0000000100000000)
  eden space 66560K, 0% used [0x00000000eab00000,0x00000000eab00000,0x00000000eec00000)
  from space 5120K, 99% used [0x00000000ef100000,0x00000000ef5f8038,0x00000000ef600000)
  to   space 5120K, 0% used [0x00000000eec00000,0x00000000eec00000,0x00000000ef100000)
 ParOldGen       total 87552K, used 16978K [0x00000000c0000000, 0x00000000c5580000, 0x00000000eab00000)
  object space 87552K, 19% used [0x00000000c0000000,0x00000000c10949a8,0x00000000c5580000)
 Metaspace       used 6493K, capacity 7256K, committed 7424K, reserved 1056768K
  class space    used 629K, capacity 656K, committed 768K, reserved 1048576K
}

Deoptimization events (10 events):
Event: 5.619 Thread 0x00000000174be800 Uncommon trap: reason=class_check action=maybe_recompile pc=0x0000000003617494 method=java.util.Arrays.equals([Ljava/lang/Object;[Ljava/lang/Object;)Z @ 62
Event: 5.620 Thread 0x00000000174be800 Uncommon trap: reason=speculate_class_check action=maybe_recompile pc=0x0000000003679c04 method=com.android.dx.util.FixedSizeList.equals(Ljava/lang/Object;)Z @ 25
Event: 5.620 Thread 0x00000000174be800 Uncommon trap: reason=class_check action=maybe_recompile pc=0x0000000003617494 method=java.util.Arrays.equals([Ljava/lang/Object;[Ljava/lang/Object;)Z @ 62
Event: 5.644 Thread 0x00000000174be800 Uncommon trap: reason=unstable_if action=reinterpret pc=0x0000000003a2528c method=com.android.dx.dex.code.OutputFinisher.findOpcodeForInsn(Lcom/android/dx/dex/code/DalvInsn;Lcom/android/dx/dex/code/Dop;)Lcom/android/dx/dex/code/Dop; @ 1
Event: 5.644 Thread 0x00000000174be800 Uncommon trap: reason=unstable_if action=reinterpret pc=0x0000000003516a70 method=java.lang.ThreadLocal.get()Ljava/lang/Object; @ 11
Event: 5.653 Thread 0x00000000174be800 Uncommon trap: reason=unstable_if action=reinterpret pc=0x00000000039d5aec method=java.util.TreeMap.put(Ljava/lang/Object;Ljava/lang/Object;)Ljava/lang/Object; @ 163
Event: 5.730 Thread 0x00000000174be800 Uncommon trap: reason=unstable_if action=reinterpret pc=0x0000000003a33148 method=com.android.dx.rop.code.RegisterSpec.matchesVariable(Lcom/android/dx/rop/code/RegisterSpec;)Z @ 59
Event: 5.912 Thread 0x00000000174be800 Uncommon trap: reason=unstable_if action=reinterpret pc=0x0000000003a12978 method=java.util.ArrayList.<init>(I)V @ 5
Event: 6.397 Thread 0x00000000174be800 Uncommon trap: reason=unstable_if action=reinterpret pc=0x0000000003ae6604 method=com.android.dx.util.ByteArrayAnnotatedOutput.writeByte(I)V @ 13
Event: 6.466 Thread 0x00000000174be800 Uncommon trap: reason=unstable_if action=reinterpret pc=0x0000000003b54a00 method=java.util.Arrays.fill([BIIB)V @ 13

Internal exceptions (4 events):
Event: 1.324 Thread 0x0000000002f2d800 Exception <a 'java/lang/NoSuchMethodError': Method sun.misc.Unsafe.defineClass(Ljava/lang/String;[BII)Ljava/lang/Class; name or signature does not match> (0x00000000eab07c78) thrown at [C:\re\workspace\8-2-build-windows-amd64-cygwin\jdk8u111\7883\hotspot\
Event: 1.324 Thread 0x0000000002f2d800 Exception <a 'java/lang/NoSuchMethodError': Method sun.misc.Unsafe.prefetchRead(Ljava/lang/Object;J)V name or signature does not match> (0x00000000eab07f60) thrown at [C:\re\workspace\8-2-build-windows-amd64-cygwin\jdk8u111\7883\hotspot\src\share\vm\prims
Event: 2.503 Thread 0x000000001749b800 Implicit null exception at 0x00000000035109b9 to 0x00000000035122c1
Event: 5.644 Thread 0x00000000174be800 Implicit null exception at 0x00000000035167fa to 0x0000000003516a55

Events (10 events):
Event: 6.377 loading class com/android/dx/dex/file/UniformListItem
Event: 6.377 loading class com/android/dx/dex/file/UniformListItem done
Event: 6.382 loading class com/android/dex/DexFormat
Event: 6.382 loading class com/android/dex/DexFormat done
Event: 6.397 Thread 0x00000000174be800 Uncommon trap: trap_request=0xffffff65 fr.pc=0x0000000003ae6604
Event: 6.397 Thread 0x00000000174be800 DEOPT PACKING pc=0x0000000003ae6604 sp=0x000000001795ecd0
Event: 6.397 Thread 0x00000000174be800 DEOPT UNPACKING pc=0x000000000327582a sp=0x000000001795ec88 mode 2
Event: 6.466 Thread 0x00000000174be800 Uncommon trap: trap_request=0xffffff65 fr.pc=0x0000000003b54a00
Event: 6.466 Thread 0x00000000174be800 DEOPT PACKING pc=0x0000000003b54a00 sp=0x000000001795ece0
Event: 6.466 Thread 0x00000000174be800 DEOPT UNPACKING pc=0x000000000327582a sp=0x000000001795ec18 mode 2


Dynamic libraries:
0x00007ff657c80000 - 0x00007ff657cb7000 	C:\Program Files\Java\jdk1.8.0_111\bin\java.exe
0x00007fffa19a0000 - 0x00007fffa1b90000 	C:\WINDOWS\SYSTEM32\ntdll.dll
0x00007fff9fb80000 - 0x00007fff9fc32000 	C:\WINDOWS\System32\KERNEL32.DLL
0x00007fff9f6f0000 - 0x00007fff9f993000 	C:\WINDOWS\System32\KERNELBASE.dll
0x00007fff9fa60000 - 0x00007fff9fb03000 	C:\WINDOWS\System32\ADVAPI32.dll
0x00007fffa0be0000 - 0x00007fffa0c7e000 	C:\WINDOWS\System32\msvcrt.dll
0x00007fffa0cd0000 - 0x00007fffa0d67000 	C:\WINDOWS\System32\sechost.dll
0x00007fffa15a0000 - 0x00007fffa16c0000 	C:\WINDOWS\System32\RPCRT4.dll
0x00007fffa12c0000 - 0x00007fffa1454000 	C:\WINDOWS\System32\USER32.dll
0x00007fff9f0b0000 - 0x00007fff9f0d1000 	C:\WINDOWS\System32\win32u.dll
0x00007fffa0bb0000 - 0x00007fffa0bd6000 	C:\WINDOWS\System32\GDI32.dll
0x00007fff9f140000 - 0x00007fff9f2d4000 	C:\WINDOWS\System32\gdi32full.dll
0x00007fff9f500000 - 0x00007fff9f59e000 	C:\WINDOWS\System32\msvcp_win.dll
0x00007fff9f2e0000 - 0x00007fff9f3da000 	C:\WINDOWS\System32\ucrtbase.dll
0x00007fff939e0000 - 0x00007fff93c65000 	C:\WINDOWS\WinSxS\amd64_microsoft.windows.common-controls_6595b64144ccf1df_6.0.18362.418_none_e6c6b287130d565d\COMCTL32.dll
0x00007fff9fc40000 - 0x00007fff9ff76000 	C:\WINDOWS\System32\combase.dll
0x00007fff9f400000 - 0x00007fff9f480000 	C:\WINDOWS\System32\bcryptPrimitives.dll
0x00007fffa0ca0000 - 0x00007fffa0cce000 	C:\WINDOWS\System32\IMM32.DLL
0x0000000061350000 - 0x0000000061422000 	C:\Program Files\Java\jdk1.8.0_111\jre\bin\msvcr100.dll
0x00000000618a0000 - 0x000000006213a000 	C:\Program Files\Java\jdk1.8.0_111\jre\bin\server\jvm.dll
0x00007fff9fa50000 - 0x00007fff9fa58000 	C:\WINDOWS\System32\PSAPI.DLL
0x00007fff9d370000 - 0x00007fff9d379000 	C:\WINDOWS\SYSTEM32\WSOCK32.dll
0x00007fffa0b40000 - 0x00007fffa0baf000 	C:\WINDOWS\System32\WS2_32.dll
0x00007fff995e0000 - 0x00007fff99604000 	C:\WINDOWS\SYSTEM32\WINMM.dll
0x00007fff995d0000 - 0x00007fff995da000 	C:\WINDOWS\SYSTEM32\VERSION.dll
0x00007fff99430000 - 0x00007fff9945d000 	C:\WINDOWS\SYSTEM32\WINMMBASE.dll
0x00007fff9f480000 - 0x00007fff9f4ca000 	C:\WINDOWS\System32\cfgmgr32.dll
0x00000000624f0000 - 0x00000000624ff000 	C:\Program Files\Java\jdk1.8.0_111\jre\bin\verify.dll
0x0000000061790000 - 0x00000000617b9000 	C:\Program Files\Java\jdk1.8.0_111\jre\bin\java.dll
0x0000000061770000 - 0x0000000061786000 	C:\Program Files\Java\jdk1.8.0_111\jre\bin\zip.dll
0x00007fff9ffe0000 - 0x00007fffa06c5000 	C:\WINDOWS\System32\SHELL32.dll
0x00007fffa1460000 - 0x00007fffa1509000 	C:\WINDOWS\System32\shcore.dll
0x00007fff9e930000 - 0x00007fff9f0af000 	C:\WINDOWS\System32\windows.storage.dll
0x00007fff9e910000 - 0x00007fff9e92f000 	C:\WINDOWS\System32\profapi.dll
0x00007fff9e880000 - 0x00007fff9e8ca000 	C:\WINDOWS\System32\powrprof.dll
0x00007fff9e870000 - 0x00007fff9e880000 	C:\WINDOWS\System32\UMPDC.dll
0x00007fff9ff80000 - 0x00007fff9ffd2000 	C:\WINDOWS\System32\shlwapi.dll
0x00007fff9e8d0000 - 0x00007fff9e8e1000 	C:\WINDOWS\System32\kernel.appcore.dll
0x00007fff9f3e0000 - 0x00007fff9f3f7000 	C:\WINDOWS\System32\cryptsp.dll

VM Arguments:
jvm_args: -Djava.awt.headless=true -Xmx1024M -Dfile.encoding=windows-1252 -Duser.country=US -Duser.language=en -Duser.variant 
java_command: com.android.dx.command.Main --dex --force-jumbo --num-threads=4 --multi-dex --output C:\Users\laxba\AndroidStudioProjects\TestApp\app\build\intermediates\transforms\dex\debug\folders\1000\10\jsoup-1.10.3_7357fd0d6f908dabc3d7f5eca6dff44e9aa601cd C:\Users\laxba\.gradle\caches\modules-2\files-2.1\org.jsoup\jsoup\1.10.3\b842f960942503cf1abbcc8c173a7f2c19d43726\jsoup-1.10.3.jar
java_class_path (initial): C:\Users\laxba\AppData\Local\Android\Sdk\build-tools\29.0.2\lib\dx.jar
Launcher Type: SUN_STANDARD

Environment Variables:
PATH=C:\ProgramData\Oracle\Java\javapath;C:\WINDOWS\system32;C:\WINDOWS;C:\WINDOWS\System32\Wbem;C:\WINDOWS\System32\WindowsPowerShell\v1.0\;C:\WINDOWS\System32\OpenSSH\;C:\Program Files (x86)\Microsoft SQL Server\100\Tools\Binn\;C:\Program Files\Microsoft SQL Server\100\Tools\Binn\;C:\Program Files\Microsoft SQL Server\100\DTS\Binn\;C:\Program Files (x86)\Microsoft SQL Server\100\Tools\Binn\VSShell\Common7\IDE\;C:\Program Files (x86)\Microsoft SQL Server\100\DTS\Binn\;C:\Program Files (x86)\Microsoft Visual Studio 9.0\Common7\IDE\PrivateAssemblies\;C:\Program Files (x86)\NVIDIA Corporation\PhysX\Common;C:\WINDOWS\system32;C:\WINDOWS;C:\WINDOWS\System32\Wbem;C:\WINDOWS\System32\WindowsPowerShell\v1.0\;C:\WINDOWS\System32\OpenSSH\;D:\Python\Python37\Scripts;D:\Python\Python37;C:\Program Files\TortoiseGit\bin;C:\Program Files\Git\cmd;C:\Program Files\Java\jdk1.8.0_111\bin;C:\Program Files\MySQL\MySQL Shell 8.0\bin\;C:\Program Files\Java\jdk1.8.0_111\bin;;C:\Users\laxba\AppData\Local\Programs\Microsoft VS Code\bin;C:\Program Files\JetBrains\IntelliJ IDEA 2019.2.3\bin;
USERNAME=laxba
OS=Windows_NT
PROCESSOR_IDENTIFIER=Intel64 Family 6 Model 61 Stepping 4, GenuineIntel



---------------  S Y S T E M  ---------------

OS: Windows 10.0 , 64 bit Build 18362 (10.0.18362.329)

CPU:total 4 (2 cores per cpu, 2 threads per core) family 6 model 61 stepping 4, cmov, cx8, fxsr, mmx, sse, sse2, sse3, ssse3, sse4.1, sse4.2, popcnt, avx, avx2, aes, clmul, erms, 3dnowpref, lzcnt, ht, tsc, tscinvbit, bmi1, bmi2, adx

Memory: 4k page, physical 8298368k(390240k free), swap 12492672k(3700k free)

vm_info: Java HotSpot(TM) 64-Bit Server VM (25.111-b14) for windows-amd64 JRE (1.8.0_111-b14), built on Sep 22 2016 19:24:05 by "java_re" with MS VC++ 10.0 (VS2010)

time: Sat Nov 23 01:20:50 2019
elapsed time: 6 seconds (0d 0h 0m 6s)

